Log file open, 11/29/21 15:13:45
LogWindows: Failed to load 'aqProf.dll' (GetLastError=126)
LogWindows: File 'aqProf.dll' does not exist
LogWindows: Failed to load 'VtuneApi.dll' (GetLastError=126)
LogWindows: File 'VtuneApi.dll' does not exist
LogWindows: Failed to load 'VtuneApi32e.dll' (GetLastError=126)
LogWindows: File 'VtuneApi32e.dll' does not exist
LogConsoleResponse: Display: Failed to find resolution value strings in scalability ini. Falling back to default.
LogConsoleResponse: Display: Failed to find resolution value strings in scalability ini. Falling back to default.
LogInit: Display: Running engine for game: FinalProject
LogPlatformFile: Not using cached read wrapper
LogTaskGraph: Started task graph with 5 named threads and 35 total threads with 3 sets of task threads.
LogStats: Stats thread started at 0.205459
LogICUInternationalization: ICU TimeZone Detection - Raw Offset: +3:00, Platform Override: ''
LogInit: Display: Loading text-based GConfig....
LogPluginManager: Mounting plugin MeshPainting
LogPluginManager: Mounting plugin XGEController
LogPluginManager: Mounting plugin Paper2D
LogPluginManager: Mounting plugin LiveLink
LogPluginManager: Mounting plugin AISupport
LogPluginManager: Mounting plugin EnvironmentQueryEditor
LogPluginManager: Mounting plugin LightPropagationVolume
LogPluginManager: Mounting plugin CameraShakePreviewer
LogPluginManager: Mounting plugin GameplayCameras
LogPluginManager: Mounting plugin OodleNetwork
LogPluginManager: Mounting plugin OodleData
LogPluginManager: Mounting plugin CryptoKeys
LogPluginManager: Mounting plugin AssetManagerEditor
LogPluginManager: Mounting plugin CurveEditorTools
LogPluginManager: Mounting plugin DataValidation
LogPluginManager: Mounting plugin FacialAnimation
LogPluginManager: Mounting plugin GeometryMode
LogPluginManager: Mounting plugin GameplayTagsEditor
LogPluginManager: Mounting plugin MacGraphicsSwitching
LogPluginManager: Mounting plugin MaterialAnalyzer
LogPluginManager: Mounting plugin PluginBrowser
LogPluginManager: Mounting plugin MobileLauncherProfileWizard
LogPluginManager: Mounting plugin SpeedTreeImporter
LogPluginManager: Mounting plugin GitSourceControl
LogPluginManager: Mounting plugin KDevelopSourceCodeAccess
LogPluginManager: Mounting plugin NullSourceCodeAccess
LogPluginManager: Mounting plugin CodeLiteSourceCodeAccess
LogPluginManager: Mounting plugin PerforceSourceControl
LogPluginManager: Mounting plugin CLionSourceCodeAccess
LogPluginManager: Mounting plugin PixWinPlugin
LogPluginManager: Mounting plugin AnimationSharing
LogPluginManager: Mounting plugin PluginUtils
LogPluginManager: Mounting plugin PlasticSourceControl
LogPluginManager: Mounting plugin PropertyAccessNode
LogPluginManager: Mounting plugin RiderSourceCodeAccess
LogPluginManager: Mounting plugin SubversionSourceControl
LogPluginManager: Mounting plugin TextureFormatOodle
LogPluginManager: Mounting plugin UObjectPlugin
LogPluginManager: Mounting plugin VisualStudioSourceCodeAccess
LogPluginManager: Mounting plugin VisualStudioCodeSourceCodeAccess
LogPluginManager: Mounting plugin XCodeSourceCodeAccess
LogPluginManager: Mounting plugin DatasmithContent
LogPluginManager: Mounting plugin Niagara
LogPluginManager: Mounting plugin VariantManagerContent
LogPluginManager: Mounting plugin AlembicImporter
LogPluginManager: Mounting plugin AutomationUtils
LogPluginManager: Mounting plugin BackChannel
LogPluginManager: Mounting plugin ChaosCloth
LogPluginManager: Mounting plugin ChaosClothEditor
LogPluginManager: Mounting plugin ChaosEditor
LogPluginManager: Mounting plugin ChaosNiagara
LogPluginManager: Mounting plugin CharacterAI
LogPluginManager: Mounting plugin ChaosSolverPlugin
LogPluginManager: Mounting plugin GeometryCache
LogPluginManager: Mounting plugin GeometryCollectionPlugin
LogPluginManager: Mounting plugin GeometryProcessing
LogPluginManager: Mounting plugin LuminPlatformFeatures
LogPluginManager: Mounting plugin MagicLeap
LogPluginManager: Mounting plugin MagicLeapLightEstimation
LogPluginManager: Mounting plugin MagicLeapMedia
LogPluginManager: Mounting plugin MotoSynth
LogPluginManager: Mounting plugin OpenImageDenoise
LogPluginManager: Mounting plugin PlanarCut
LogPluginManager: Mounting plugin PlatformCrypto
LogPluginManager: Mounting plugin ProxyLODPlugin
LogPluginManager: Mounting plugin PythonScriptPlugin
LogPluginManager: Mounting plugin MagicLeapPassableWorld
LogPluginManager: Mounting plugin SkeletalReduction
LogPluginManager: Mounting plugin MLSDK
LogPluginManager: Mounting plugin AndroidMedia
LogPluginManager: Mounting plugin AvfMedia
LogPluginManager: Mounting plugin ImgMedia
LogPluginManager: Mounting plugin MediaPlayerEditor
LogPluginManager: Mounting plugin MediaCompositing
LogPluginManager: Mounting plugin WebMMedia
LogPluginManager: Mounting plugin WmfMedia
LogPluginManager: Mounting plugin TcpMessaging
LogPluginManager: Mounting plugin ActorSequence
LogPluginManager: Mounting plugin UdpMessaging
LogPluginManager: Mounting plugin LevelSequenceEditor
LogPluginManager: Mounting plugin MatineeToLevelSequence
LogPluginManager: Mounting plugin TemplateSequence
LogPluginManager: Mounting plugin OnlineSubsystem
LogPluginManager: Mounting plugin OnlineSubsystemUtils
LogPluginManager: Mounting plugin OnlineSubsystemNull
LogPluginManager: Mounting plugin LauncherChunkInstaller
LogPluginManager: Mounting plugin ActorLayerUtilities
LogPluginManager: Mounting plugin AndroidDeviceProfileSelector
LogPluginManager: Mounting plugin AndroidPermission
LogPluginManager: Mounting plugin AndroidMoviePlayer
LogPluginManager: Mounting plugin AppleImageUtils
LogPluginManager: Mounting plugin AppleMoviePlayer
LogPluginManager: Mounting plugin ArchVisCharacter
LogPluginManager: Mounting plugin AssetTags
LogPluginManager: Mounting plugin AudioCapture
LogPluginManager: Mounting plugin AudioSynesthesia
LogPluginManager: Mounting plugin ChunkDownloader
LogPluginManager: Mounting plugin CableComponent
LogPluginManager: Mounting plugin CustomMeshComponent
LogPluginManager: Mounting plugin EditableMesh
LogPluginManager: Mounting plugin ExampleDeviceProfileSelector
LogPluginManager: Mounting plugin GoogleCloudMessaging
LogPluginManager: Mounting plugin GooglePAD
LogPluginManager: Mounting plugin IOSDeviceProfileSelector
LogPluginManager: Mounting plugin LinuxDeviceProfileSelector
LogPluginManager: Mounting plugin LocationServicesBPLibrary
LogPluginManager: Mounting plugin MobilePatchingUtils
LogPluginManager: Mounting plugin OpenXREyeTracker
LogPluginManager: Mounting plugin OpenXR
LogPluginManager: Mounting plugin OpenXRHandTracking
LogPluginManager: Mounting plugin ScreenshotTools
LogPluginManager: Mounting plugin ProceduralMeshComponent
LogPluginManager: Mounting plugin PropertyAccessEditor
LogPluginManager: Mounting plugin RuntimePhysXCooking
LogPluginManager: Mounting plugin SignificanceManager
LogPluginManager: Mounting plugin SoundFields
LogPluginManager: Mounting plugin Synthesis
LogPluginManager: Mounting plugin WebMMoviePlayer
LogPluginManager: Mounting plugin PhysXVehicles
LogPluginManager: Mounting plugin WindowsMoviePlayer
LogPluginManager: Mounting plugin PostSplashScreen
LogPluginManager: Mounting plugin Takes
LogPluginManager: Mounting plugin ContentBrowserAssetDataSource
LogPluginManager: Mounting plugin ContentBrowserClassDataSource
LogPluginManager: Mounting plugin ContentBrowserFileDataSource
LogPluginManager: Mounting plugin OnlineSubsystemGooglePlay
LogPluginManager: Mounting plugin OnlineSubsystemIOS
LogPluginManager: Mounting plugin OculusVR
LogPluginManager: Mounting plugin SteamVR
PixWinPlugin: PIX capture plugin failed to initialize! Check that the process is launched from PIX.
LogInit: Using libcurl 7.55.1-DEV
LogInit:  - built for x86_64-pc-win32
LogInit:  - supports SSL with OpenSSL/1.1.1
LogInit:  - supports HTTP deflate (compression) using libz 1.2.8
LogInit:  - other features:
LogInit:      CURL_VERSION_SSL
LogInit:      CURL_VERSION_LIBZ
LogInit:      CURL_VERSION_IPV6
LogInit:      CURL_VERSION_ASYNCHDNS
LogInit:      CURL_VERSION_LARGEFILE
LogInit:      CURL_VERSION_IDN
LogInit:  CurlRequestOptions (configurable via config and command line):
LogInit:  - bVerifyPeer = true  - Libcurl will verify peer certificate
LogInit:  - bUseHttpProxy = false  - Libcurl will NOT use HTTP proxy
LogInit:  - bDontReuseConnections = false  - Libcurl will reuse connections
LogInit:  - MaxHostConnections = 16  - Libcurl will limit the number of connections to a host
LogInit:  - LocalHostAddr = Default
LogInit:  - BufferSize = 65536
LogOnline: OSS: Creating online subsystem instance for: NULL
LogInit: WinSock: version 1.1 (2.2), MaxSocks=32767, MaxUdp=65467
LogOnline: OSS: TryLoadSubsystemAndSetDefault: Loaded subsystem for module [NULL]
LogOculusPluginWrapper: OculusPlugin initialized successfully
LogHMD: Failed initializing OVRPlugin 1.59.0
LogInit: Build: ++UE4+Release-4.27-CL-17735300
LogInit: Engine Version: 4.27.1-17735300+++UE4+Release-4.27
LogInit: Compatible Engine Version: 4.27.0-17155196+++UE4+Release-4.27
LogInit: Net CL: 17155196
LogInit: OS: Windows 10 (Release 2009) (), CPU: AMD Ryzen 5 3600 6-Core Processor              , GPU: NVIDIA GeForce RTX 2080 SUPER
LogInit: Compiled (64-bit): Oct  6 2021 14:42:51
LogInit: Compiled with Visual C++: 19.24.28315.00
LogInit: Build Configuration: Development
LogInit: Branch Name: ++UE4+Release-4.27
LogInit: Command Line: 
LogInit: Base Directory: G:/Epic Games/UE_4.27/Engine/Binaries/Win64/
LogInit: Allocator: TBB
LogInit: Installed Engine Build: 1
LogDevObjectVersion: Number of dev versions registered: 29
LogDevObjectVersion:   Dev-Blueprints (B0D832E4-1F89-4F0D-ACCF-7EB736FD4AA2): 10
LogDevObjectVersion:   Dev-Build (E1C64328-A22C-4D53-A36C-8E866417BD8C): 0
LogDevObjectVersion:   Dev-Core (375EC13C-06E4-48FB-B500-84F0262A717E): 4
LogDevObjectVersion:   Dev-Editor (E4B068ED-F494-42E9-A231-DA0B2E46BB41): 40
LogDevObjectVersion:   Dev-Framework (CFFC743F-43B0-4480-9391-14DF171D2073): 37
LogDevObjectVersion:   Dev-Mobile (B02B49B5-BB20-44E9-A304-32B752E40360): 3
LogDevObjectVersion:   Dev-Networking (A4E4105C-59A1-49B5-A7C5-40C4547EDFEE): 0
LogDevObjectVersion:   Dev-Online (39C831C9-5AE6-47DC-9A44-9C173E1C8E7C): 0
LogDevObjectVersion:   Dev-Physics (78F01B33-EBEA-4F98-B9B4-84EACCB95AA2): 14
LogDevObjectVersion:   Dev-Platform (6631380F-2D4D-43E0-8009-CF276956A95A): 0
LogDevObjectVersion:   Dev-Rendering (12F88B9F-8875-4AFC-A67C-D90C383ABD29): 45
LogDevObjectVersion:   Dev-Sequencer (7B5AE74C-D270-4C10-A958-57980B212A5A): 13
LogDevObjectVersion:   Dev-VR (D7296918-1DD6-4BDD-9DE2-64A83CC13884): 3
LogDevObjectVersion:   Dev-LoadTimes (C2A15278-BFE7-4AFE-6C17-90FF531DF755): 1
LogDevObjectVersion:   Private-Geometry (6EACA3D4-40EC-4CC1-B786-8BED09428FC5): 3
LogDevObjectVersion:   Dev-AnimPhys (29E575DD-E0A3-4627-9D10-D276232CDCEA): 17
LogDevObjectVersion:   Dev-Anim (AF43A65D-7FD3-4947-9873-3E8ED9C1BB05): 15
LogDevObjectVersion:   Dev-ReflectionCapture (6B266CEC-1EC7-4B8F-A30B-E4D90942FC07): 1
LogDevObjectVersion:   Dev-Automation (0DF73D61-A23F-47EA-B727-89E90C41499A): 1
LogDevObjectVersion:   FortniteMain (601D1886-AC64-4F84-AA16-D3DE0DEAC7D6): 47
LogDevObjectVersion:   FortniteRelease (E7086368-6B23-4C58-8439-1B7016265E91): 1
LogDevObjectVersion:   Dev-Enterprise (9DFFBCD6-494F-0158-E221-12823C92A888): 10
LogDevObjectVersion:   Dev-Niagara (F2AED0AC-9AFE-416F-8664-AA7FFA26D6FC): 1
LogDevObjectVersion:   Dev-Destruction (174F1F0B-B4C6-45A5-B13F-2EE8D0FB917D): 10
LogDevObjectVersion:   Dev-Physics-Ext (35F94A83-E258-406C-A318-09F59610247C): 41
LogDevObjectVersion:   Dev-PhysicsMaterial-Chaos (B68FC16E-8B1B-42E2-B453-215C058844FE): 1
LogDevObjectVersion:   Dev-CineCamera (B2E18506-4273-CFC2-A54E-F4BB758BBA07): 1
LogDevObjectVersion:   Dev-VirtualProduction (64F58936-FD1B-42BA-BA96-7289D5D0FA4E): 1
LogDevObjectVersion:   Dev-MediaFramework (6F0ED827-A609-4895-9C91-998D90180EA4): 2
LogInit: Presizing for max 25165824 objects, including 0 objects not considered by GC, pre-allocating 0 bytes for permanent pool.
LogConfig: Applying CVar settings from Section [/Script/Engine.StreamingSettings] File [C:/Users/gokay/Desktop/Final Project/UE4/FinalProject/Saved/Config/Windows/Engine.ini]
LogConfig: Setting CVar [[s.MinBulkDataSizeForAsyncLoading:131072]]
LogConfig: Setting CVar [[s.AsyncLoadingThreadEnabled:0]]
LogConfig: Setting CVar [[s.EventDrivenLoaderEnabled:1]]
LogConfig: Setting CVar [[s.WarnIfTimeLimitExceeded:0]]
LogConfig: Setting CVar [[s.TimeLimitExceededMultiplier:1.5]]
LogConfig: Setting CVar [[s.TimeLimitExceededMinTime:0.005]]
LogConfig: Setting CVar [[s.UseBackgroundLevelStreaming:1]]
LogConfig: Setting CVar [[s.PriorityAsyncLoadingExtraTime:15.0]]
LogConfig: Setting CVar [[s.LevelStreamingActorsUpdateTimeLimit:5.0]]
LogConfig: Setting CVar [[s.PriorityLevelStreamingActorsUpdateExtraTime:5.0]]
LogConfig: Setting CVar [[s.LevelStreamingComponentsRegistrationGranularity:10]]
LogConfig: Setting CVar [[s.UnregisterComponentsTimeLimit:1.0]]
LogConfig: Setting CVar [[s.LevelStreamingComponentsUnregistrationGranularity:5]]
LogConfig: Setting CVar [[s.FlushStreamingOnExit:1]]
LogInit: Object subsystem initialized
LogConfig: Setting CVar [[con.DebugEarlyDefault:1]]
LogConfig: Setting CVar [[r.setres:1280x720]]
[2021.11.29-12.13.45:733][  0]LogConfig: Setting CVar [[r.VSync:0]]
[2021.11.29-12.13.45:733][  0]LogConfig: Setting CVar [[r.RHICmdBypass:0]]
[2021.11.29-12.13.45:733][  0]LogConfig: Applying CVar settings from Section [/Script/Engine.RendererSettings] File [C:/Users/gokay/Desktop/Final Project/UE4/FinalProject/Saved/Config/Windows/Engine.ini]
[2021.11.29-12.13.45:733][  0]LogConfig: Setting CVar [[r.GPUCrashDebugging:0]]
[2021.11.29-12.13.45:733][  0]LogConfig: Applying CVar settings from Section [/Script/Engine.RendererOverrideSettings] File [C:/Users/gokay/Desktop/Final Project/UE4/FinalProject/Saved/Config/Windows/Engine.ini]
[2021.11.29-12.13.45:733][  0]LogConfig: Applying CVar settings from Section [/Script/Engine.StreamingSettings] File [C:/Users/gokay/Desktop/Final Project/UE4/FinalProject/Saved/Config/Windows/Engine.ini]
[2021.11.29-12.13.45:733][  0]LogConfig: Setting CVar [[s.MinBulkDataSizeForAsyncLoading:131072]]
[2021.11.29-12.13.45:733][  0]LogConfig: Setting CVar [[s.AsyncLoadingThreadEnabled:0]]
[2021.11.29-12.13.45:733][  0]LogConfig: Setting CVar [[s.EventDrivenLoaderEnabled:1]]
[2021.11.29-12.13.45:733][  0]LogConfig: Setting CVar [[s.WarnIfTimeLimitExceeded:0]]
[2021.11.29-12.13.45:733][  0]LogConfig: Setting CVar [[s.TimeLimitExceededMultiplier:1.5]]
[2021.11.29-12.13.45:733][  0]LogConfig: Setting CVar [[s.TimeLimitExceededMinTime:0.005]]
[2021.11.29-12.13.45:733][  0]LogConfig: Setting CVar [[s.UseBackgroundLevelStreaming:1]]
[2021.11.29-12.13.45:733][  0]LogConfig: Setting CVar [[s.PriorityAsyncLoadingExtraTime:15.0]]
[2021.11.29-12.13.45:733][  0]LogConfig: Setting CVar [[s.LevelStreamingActorsUpdateTimeLimit:5.0]]
[2021.11.29-12.13.45:733][  0]LogConfig: Setting CVar [[s.PriorityLevelStreamingActorsUpdateExtraTime:5.0]]
[2021.11.29-12.13.45:733][  0]LogConfig: Setting CVar [[s.LevelStreamingComponentsRegistrationGranularity:10]]
[2021.11.29-12.13.45:733][  0]LogConfig: Setting CVar [[s.UnregisterComponentsTimeLimit:1.0]]
[2021.11.29-12.13.45:733][  0]LogConfig: Setting CVar [[s.LevelStreamingComponentsUnregistrationGranularity:5]]
[2021.11.29-12.13.45:733][  0]LogConfig: Setting CVar [[s.FlushStreamingOnExit:1]]
[2021.11.29-12.13.45:733][  0]LogConfig: Applying CVar settings from Section [/Script/Engine.GarbageCollectionSettings] File [C:/Users/gokay/Desktop/Final Project/UE4/FinalProject/Saved/Config/Windows/Engine.ini]
[2021.11.29-12.13.45:733][  0]LogConfig: Setting CVar [[gc.MaxObjectsNotConsideredByGC:1]]
[2021.11.29-12.13.45:733][  0]LogConfig: Setting CVar [[gc.SizeOfPermanentObjectPool:0]]
[2021.11.29-12.13.45:733][  0]LogConfig: Setting CVar [[gc.FlushStreamingOnGC:0]]
[2021.11.29-12.13.45:733][  0]LogConfig: Setting CVar [[gc.NumRetriesBeforeForcingGC:10]]
[2021.11.29-12.13.45:733][  0]LogConfig: Setting CVar [[gc.AllowParallelGC:1]]
[2021.11.29-12.13.45:733][  0]LogConfig: Setting CVar [[gc.TimeBetweenPurgingPendingKillObjects:61.1]]
[2021.11.29-12.13.45:733][  0]LogConfig: Setting CVar [[gc.MaxObjectsInEditor:25165824]]
[2021.11.29-12.13.45:733][  0]LogConfig: Setting CVar [[gc.IncrementalBeginDestroyEnabled:1]]
[2021.11.29-12.13.45:733][  0]LogConfig: Setting CVar [[gc.CreateGCClusters:1]]
[2021.11.29-12.13.45:733][  0]LogConfig: Setting CVar [[gc.MinGCClusterSize:5]]
[2021.11.29-12.13.45:733][  0]LogConfig: Setting CVar [[gc.ActorClusteringEnabled:0]]
[2021.11.29-12.13.45:733][  0]LogConfig: Setting CVar [[gc.BlueprintClusteringEnabled:0]]
[2021.11.29-12.13.45:733][  0]LogConfig: Setting CVar [[gc.UseDisregardForGCOnDedicatedServers:0]]
[2021.11.29-12.13.45:733][  0]LogConfig: Setting CVar [[gc.MultithreadedDestructionEnabled:1]]
[2021.11.29-12.13.45:733][  0]LogConfig: Applying CVar settings from Section [/Script/Engine.NetworkSettings] File [C:/Users/gokay/Desktop/Final Project/UE4/FinalProject/Saved/Config/Windows/Engine.ini]
[2021.11.29-12.13.45:733][  0]LogConfig: Applying CVar settings from Section [/Script/UnrealEd.CookerSettings] File [C:/Users/gokay/Desktop/Final Project/UE4/FinalProject/Saved/Config/Windows/Engine.ini]
[2021.11.29-12.13.45:745][  0]LogConfig: Applying CVar settings from Section [ViewDistanceQuality@3] File [C:/Users/gokay/Desktop/Final Project/UE4/FinalProject/Saved/Config/Windows/Scalability.ini]
[2021.11.29-12.13.45:745][  0]LogConfig: Setting CVar [[r.SkeletalMeshLODBias:0]]
[2021.11.29-12.13.45:745][  0]LogConfig: Setting CVar [[r.ViewDistanceScale:1.0]]
[2021.11.29-12.13.45:745][  0]LogConfig: Applying CVar settings from Section [AntiAliasingQuality@3] File [C:/Users/gokay/Desktop/Final Project/UE4/FinalProject/Saved/Config/Windows/Scalability.ini]
[2021.11.29-12.13.45:745][  0]LogConfig: Setting CVar [[r.PostProcessAAQuality:4]]
[2021.11.29-12.13.45:745][  0]LogConfig: Applying CVar settings from Section [ShadowQuality@3] File [C:/Users/gokay/Desktop/Final Project/UE4/FinalProject/Saved/Config/Windows/Scalability.ini]
[2021.11.29-12.13.45:746][  0]LogConfig: Setting CVar [[r.LightFunctionQuality:1]]
[2021.11.29-12.13.45:746][  0]LogConfig: Setting CVar [[r.ShadowQuality:5]]
[2021.11.29-12.13.45:746][  0]LogConfig: Setting CVar [[r.Shadow.CSM.MaxCascades:10]]
[2021.11.29-12.13.45:746][  0]LogConfig: Setting CVar [[r.Shadow.MaxResolution:2048]]
[2021.11.29-12.13.45:746][  0]LogConfig: Setting CVar [[r.Shadow.MaxCSMResolution:2048]]
[2021.11.29-12.13.45:746][  0]LogConfig: Setting CVar [[r.Shadow.RadiusThreshold:0.01]]
[2021.11.29-12.13.45:746][  0]LogConfig: Setting CVar [[r.Shadow.DistanceScale:1.0]]
[2021.11.29-12.13.45:746][  0]LogConfig: Setting CVar [[r.Shadow.CSM.TransitionScale:1.0]]
[2021.11.29-12.13.45:746][  0]LogConfig: Setting CVar [[r.Shadow.PreShadowResolutionFactor:1.0]]
[2021.11.29-12.13.45:746][  0]LogConfig: Setting CVar [[r.DistanceFieldShadowing:1]]
[2021.11.29-12.13.45:746][  0]LogConfig: Setting CVar [[r.DistanceFieldAO:1]]
[2021.11.29-12.13.45:746][  0]LogConfig: Setting CVar [[r.AOQuality:2]]
[2021.11.29-12.13.45:746][  0]LogConfig: Setting CVar [[r.VolumetricFog:1]]
[2021.11.29-12.13.45:746][  0]LogConfig: Setting CVar [[r.VolumetricFog.GridPixelSize:8]]
[2021.11.29-12.13.45:746][  0]LogConfig: Setting CVar [[r.VolumetricFog.GridSizeZ:128]]
[2021.11.29-12.13.45:746][  0]LogConfig: Setting CVar [[r.VolumetricFog.HistoryMissSupersampleCount:4]]
[2021.11.29-12.13.45:746][  0]LogConfig: Setting CVar [[r.LightMaxDrawDistanceScale:1]]
[2021.11.29-12.13.45:746][  0]LogConfig: Setting CVar [[r.CapsuleShadows:1]]
[2021.11.29-12.13.45:746][  0]LogConfig: Applying CVar settings from Section [PostProcessQuality@3] File [C:/Users/gokay/Desktop/Final Project/UE4/FinalProject/Saved/Config/Windows/Scalability.ini]
[2021.11.29-12.13.45:746][  0]LogConfig: Setting CVar [[r.MotionBlurQuality:4]]
[2021.11.29-12.13.45:746][  0]LogConfig: Setting CVar [[r.AmbientOcclusionMipLevelFactor:0.4]]
[2021.11.29-12.13.45:746][  0]LogConfig: Setting CVar [[r.AmbientOcclusionMaxQuality:100]]
[2021.11.29-12.13.45:746][  0]LogConfig: Setting CVar [[r.AmbientOcclusionLevels:-1]]
[2021.11.29-12.13.45:746][  0]LogConfig: Setting CVar [[r.AmbientOcclusionRadiusScale:1.0]]
[2021.11.29-12.13.45:746][  0]LogConfig: Setting CVar [[r.DepthOfFieldQuality:2]]
[2021.11.29-12.13.45:746][  0]LogConfig: Setting CVar [[r.RenderTargetPoolMin:400]]
[2021.11.29-12.13.45:746][  0]LogConfig: Setting CVar [[r.LensFlareQuality:2]]
[2021.11.29-12.13.45:746][  0]LogConfig: Setting CVar [[r.SceneColorFringeQuality:1]]
[2021.11.29-12.13.45:746][  0]LogConfig: Setting CVar [[r.EyeAdaptationQuality:2]]
[2021.11.29-12.13.45:746][  0]LogConfig: Setting CVar [[r.BloomQuality:5]]
[2021.11.29-12.13.45:746][  0]LogConfig: Setting CVar [[r.FastBlurThreshold:100]]
[2021.11.29-12.13.45:746][  0]LogConfig: Setting CVar [[r.Upscale.Quality:3]]
[2021.11.29-12.13.45:746][  0]LogConfig: Setting CVar [[r.Tonemapper.GrainQuantization:1]]
[2021.11.29-12.13.45:746][  0]LogConfig: Setting CVar [[r.LightShaftQuality:1]]
[2021.11.29-12.13.45:746][  0]LogConfig: Setting CVar [[r.Filter.SizeScale:1]]
[2021.11.29-12.13.45:746][  0]LogConfig: Setting CVar [[r.Tonemapper.Quality:5]]
[2021.11.29-12.13.45:746][  0]LogConfig: Setting CVar [[r.DOF.Gather.AccumulatorQuality:1        ; higher gathering accumulator quality]]
[2021.11.29-12.13.45:746][  0]LogConfig: Setting CVar [[r.DOF.Gather.PostfilterMethod:1          ; Median3x3 postfilering method]]
[2021.11.29-12.13.45:746][  0]LogConfig: Setting CVar [[r.DOF.Gather.EnableBokehSettings:0       ; no bokeh simulation when gathering]]
[2021.11.29-12.13.45:746][  0]LogConfig: Setting CVar [[r.DOF.Gather.RingCount:4                 ; medium number of samples when gathering]]
[2021.11.29-12.13.45:746][  0]LogConfig: Setting CVar [[r.DOF.Scatter.ForegroundCompositing:1    ; additive foreground scattering]]
[2021.11.29-12.13.45:746][  0]LogConfig: Setting CVar [[r.DOF.Scatter.BackgroundCompositing:2    ; additive background scattering]]
[2021.11.29-12.13.45:746][  0]LogConfig: Setting CVar [[r.DOF.Scatter.EnableBokehSettings:1      ; bokeh simulation when scattering]]
[2021.11.29-12.13.45:746][  0]LogConfig: Setting CVar [[r.DOF.Scatter.MaxSpriteRatio:0.1         ; only a maximum of 10% of scattered bokeh]]
[2021.11.29-12.13.45:746][  0]LogConfig: Setting CVar [[r.DOF.Recombine.Quality:1                ; cheap slight out of focus]]
[2021.11.29-12.13.45:746][  0]LogConfig: Setting CVar [[r.DOF.Recombine.EnableBokehSettings:0    ; no bokeh simulation on slight out of focus]]
[2021.11.29-12.13.45:746][  0]LogConfig: Setting CVar [[r.DOF.TemporalAAQuality:1                ; more stable temporal accumulation]]
[2021.11.29-12.13.45:746][  0]LogConfig: Setting CVar [[r.DOF.Kernel.MaxForegroundRadius:0.025]]
[2021.11.29-12.13.45:746][  0]LogConfig: Setting CVar [[r.DOF.Kernel.MaxBackgroundRadius:0.025]]
[2021.11.29-12.13.45:746][  0]LogConfig: Applying CVar settings from Section [TextureQuality@3] File [C:/Users/gokay/Desktop/Final Project/UE4/FinalProject/Saved/Config/Windows/Scalability.ini]
[2021.11.29-12.13.45:746][  0]LogConfig: Setting CVar [[r.Streaming.MipBias:0]]
[2021.11.29-12.13.45:746][  0]LogConfig: Setting CVar [[r.Streaming.AmortizeCPUToGPUCopy:0]]
[2021.11.29-12.13.45:746][  0]LogConfig: Setting CVar [[r.Streaming.MaxNumTexturesToStreamPerFrame:0]]
[2021.11.29-12.13.45:746][  0]LogConfig: Setting CVar [[r.Streaming.Boost:1]]
[2021.11.29-12.13.45:746][  0]LogConfig: Setting CVar [[r.MaxAnisotropy:8]]
[2021.11.29-12.13.45:746][  0]LogConfig: Setting CVar [[r.VT.MaxAnisotropy:8]]
[2021.11.29-12.13.45:746][  0]LogConfig: Setting CVar [[r.Streaming.LimitPoolSizeToVRAM:0]]
[2021.11.29-12.13.45:746][  0]LogConfig: Setting CVar [[r.Streaming.PoolSize:1000]]
[2021.11.29-12.13.45:746][  0]LogConfig: Setting CVar [[r.Streaming.MaxEffectiveScreenSize:0]]
[2021.11.29-12.13.45:746][  0]LogConfig: Applying CVar settings from Section [EffectsQuality@3] File [C:/Users/gokay/Desktop/Final Project/UE4/FinalProject/Saved/Config/Windows/Scalability.ini]
[2021.11.29-12.13.45:746][  0]LogConfig: Setting CVar [[r.TranslucencyLightingVolumeDim:64]]
[2021.11.29-12.13.45:746][  0]LogConfig: Setting CVar [[r.RefractionQuality:2]]
[2021.11.29-12.13.45:746][  0]LogConfig: Setting CVar [[r.SSR.Quality:3]]
[2021.11.29-12.13.45:746][  0]LogConfig: Setting CVar [[r.SSR.HalfResSceneColor:0]]
[2021.11.29-12.13.45:746][  0]LogConfig: Setting CVar [[r.SceneColorFormat:4]]
[2021.11.29-12.13.45:746][  0]LogConfig: Setting CVar [[r.DetailMode:2]]
[2021.11.29-12.13.45:746][  0]LogConfig: Setting CVar [[r.TranslucencyVolumeBlur:1]]
[2021.11.29-12.13.45:746][  0]LogConfig: Setting CVar [[r.MaterialQualityLevel:1 ; High quality]]
[2021.11.29-12.13.45:746][  0]LogConfig: Setting CVar [[r.AnisotropicMaterials:1]]
[2021.11.29-12.13.45:746][  0]LogConfig: Setting CVar [[r.SSS.Scale:1]]
[2021.11.29-12.13.45:746][  0]LogConfig: Setting CVar [[r.SSS.SampleSet:2]]
[2021.11.29-12.13.45:746][  0]LogConfig: Setting CVar [[r.SSS.Quality:1]]
[2021.11.29-12.13.45:746][  0]LogConfig: Setting CVar [[r.SSS.HalfRes:0]]
[2021.11.29-12.13.45:746][  0]LogConfig: Setting CVar [[r.SSGI.Quality:3]]
[2021.11.29-12.13.45:746][  0]LogConfig: Setting CVar [[r.EmitterSpawnRateScale:1.0]]
[2021.11.29-12.13.45:746][  0]LogConfig: Setting CVar [[r.ParticleLightQuality:2]]
[2021.11.29-12.13.45:746][  0]LogConfig: Setting CVar [[r.SkyAtmosphere.AerialPerspectiveLUT.FastApplyOnOpaque:1 ; Always have FastSkyLUT 1 in this case to avoid wrong sky]]
[2021.11.29-12.13.45:746][  0]LogConfig: Setting CVar [[r.SkyAtmosphere.AerialPerspectiveLUT.SampleCountMaxPerSlice:4]]
[2021.11.29-12.13.45:746][  0]LogConfig: Setting CVar [[r.SkyAtmosphere.AerialPerspectiveLUT.DepthResolution:16.0]]
[2021.11.29-12.13.45:746][  0]LogConfig: Setting CVar [[r.SkyAtmosphere.FastSkyLUT:1]]
[2021.11.29-12.13.45:746][  0]LogConfig: Setting CVar [[r.SkyAtmosphere.FastSkyLUT.SampleCountMin:4.0]]
[2021.11.29-12.13.45:746][  0]LogConfig: Setting CVar [[r.SkyAtmosphere.FastSkyLUT.SampleCountMax:128.0]]
[2021.11.29-12.13.45:746][  0]LogConfig: Setting CVar [[r.SkyAtmosphere.SampleCountMin:4.0]]
[2021.11.29-12.13.45:746][  0]LogConfig: Setting CVar [[r.SkyAtmosphere.SampleCountMax:128.0]]
[2021.11.29-12.13.45:746][  0]LogConfig: Setting CVar [[r.SkyAtmosphere.TransmittanceLUT.UseSmallFormat:0]]
[2021.11.29-12.13.45:746][  0]LogConfig: Setting CVar [[r.SkyAtmosphere.TransmittanceLUT.SampleCount:10.0]]
[2021.11.29-12.13.45:746][  0]LogConfig: Setting CVar [[r.SkyAtmosphere.MultiScatteringLUT.SampleCount:15.0]]
[2021.11.29-12.13.45:746][  0]LogConfig: Setting CVar [[r.SkyLight.RealTimeReflectionCapture:1]]
[2021.11.29-12.13.45:746][  0]LogConfig: Applying CVar settings from Section [FoliageQuality@3] File [C:/Users/gokay/Desktop/Final Project/UE4/FinalProject/Saved/Config/Windows/Scalability.ini]
[2021.11.29-12.13.45:747][  0]LogConfig: Setting CVar [[foliage.DensityScale:1.0]]
[2021.11.29-12.13.45:747][  0]LogConfig: Setting CVar [[grass.DensityScale:1.0]]
[2021.11.29-12.13.45:747][  0]LogConfig: Applying CVar settings from Section [ShadingQuality@3] File [C:/Users/gokay/Desktop/Final Project/UE4/FinalProject/Saved/Config/Windows/Scalability.ini]
[2021.11.29-12.13.45:747][  0]LogConfig: Setting CVar [[r.HairStrands.SkyLighting.IntegrationType:2]]
[2021.11.29-12.13.45:747][  0]LogConfig: Setting CVar [[r.HairStrands.SkyAO.SampleCount:4]]
[2021.11.29-12.13.45:747][  0]LogConfig: Setting CVar [[r.HairStrands.Visibility.MSAA.SamplePerPixel:4]]
[2021.11.29-12.13.45:747][  0]LogInit: Selected Device Profile: [Windows]
[2021.11.29-12.13.45:747][  0]LogInit: Applying CVar settings loaded from the selected device profile: [Windows]
[2021.11.29-12.13.45:747][  0]LogHAL: Display: Platform has ~ 16 GB [17102508032 / 17179869184 / 16], which maps to Larger [LargestMinGB=32, LargerMinGB=12, DefaultMinGB=8, SmallerMinGB=6, SmallestMinGB=0)
[2021.11.29-12.13.45:747][  0]LogInit: Going up to parent DeviceProfile []
[2021.11.29-12.13.45:747][  0]LogConfig: Applying CVar settings from Section [ViewDistanceQuality@3] File [C:/Users/gokay/Desktop/Final Project/UE4/FinalProject/Saved/Config/Windows/Scalability.ini]
[2021.11.29-12.13.45:747][  0]LogConfig: Setting CVar [[r.SkeletalMeshLODBias:0]]
[2021.11.29-12.13.45:747][  0]LogConfig: Setting CVar [[r.ViewDistanceScale:1.0]]
[2021.11.29-12.13.45:747][  0]LogConfig: Applying CVar settings from Section [AntiAliasingQuality@3] File [C:/Users/gokay/Desktop/Final Project/UE4/FinalProject/Saved/Config/Windows/Scalability.ini]
[2021.11.29-12.13.45:747][  0]LogConfig: Setting CVar [[r.PostProcessAAQuality:4]]
[2021.11.29-12.13.45:747][  0]LogConfig: Applying CVar settings from Section [ShadowQuality@3] File [C:/Users/gokay/Desktop/Final Project/UE4/FinalProject/Saved/Config/Windows/Scalability.ini]
[2021.11.29-12.13.45:747][  0]LogConfig: Setting CVar [[r.LightFunctionQuality:1]]
[2021.11.29-12.13.45:747][  0]LogConfig: Setting CVar [[r.ShadowQuality:5]]
[2021.11.29-12.13.45:747][  0]LogConfig: Setting CVar [[r.Shadow.CSM.MaxCascades:10]]
[2021.11.29-12.13.45:747][  0]LogConfig: Setting CVar [[r.Shadow.MaxResolution:2048]]
[2021.11.29-12.13.45:747][  0]LogConfig: Setting CVar [[r.Shadow.MaxCSMResolution:2048]]
[2021.11.29-12.13.45:747][  0]LogConfig: Setting CVar [[r.Shadow.RadiusThreshold:0.01]]
[2021.11.29-12.13.45:747][  0]LogConfig: Setting CVar [[r.Shadow.DistanceScale:1.0]]
[2021.11.29-12.13.45:747][  0]LogConfig: Setting CVar [[r.Shadow.CSM.TransitionScale:1.0]]
[2021.11.29-12.13.45:747][  0]LogConfig: Setting CVar [[r.Shadow.PreShadowResolutionFactor:1.0]]
[2021.11.29-12.13.45:747][  0]LogConfig: Setting CVar [[r.DistanceFieldShadowing:1]]
[2021.11.29-12.13.45:747][  0]LogConfig: Setting CVar [[r.DistanceFieldAO:1]]
[2021.11.29-12.13.45:747][  0]LogConfig: Setting CVar [[r.AOQuality:2]]
[2021.11.29-12.13.45:747][  0]LogConfig: Setting CVar [[r.VolumetricFog:1]]
[2021.11.29-12.13.45:747][  0]LogConfig: Setting CVar [[r.VolumetricFog.GridPixelSize:8]]
[2021.11.29-12.13.45:747][  0]LogConfig: Setting CVar [[r.VolumetricFog.GridSizeZ:128]]
[2021.11.29-12.13.45:747][  0]LogConfig: Setting CVar [[r.VolumetricFog.HistoryMissSupersampleCount:4]]
[2021.11.29-12.13.45:747][  0]LogConfig: Setting CVar [[r.LightMaxDrawDistanceScale:1]]
[2021.11.29-12.13.45:747][  0]LogConfig: Setting CVar [[r.CapsuleShadows:1]]
[2021.11.29-12.13.45:747][  0]LogConfig: Applying CVar settings from Section [PostProcessQuality@3] File [C:/Users/gokay/Desktop/Final Project/UE4/FinalProject/Saved/Config/Windows/Scalability.ini]
[2021.11.29-12.13.45:747][  0]LogConfig: Setting CVar [[r.MotionBlurQuality:4]]
[2021.11.29-12.13.45:747][  0]LogConfig: Setting CVar [[r.AmbientOcclusionMipLevelFactor:0.4]]
[2021.11.29-12.13.45:747][  0]LogConfig: Setting CVar [[r.AmbientOcclusionMaxQuality:100]]
[2021.11.29-12.13.45:747][  0]LogConfig: Setting CVar [[r.AmbientOcclusionLevels:-1]]
[2021.11.29-12.13.45:747][  0]LogConfig: Setting CVar [[r.AmbientOcclusionRadiusScale:1.0]]
[2021.11.29-12.13.45:747][  0]LogConfig: Setting CVar [[r.DepthOfFieldQuality:2]]
[2021.11.29-12.13.45:747][  0]LogConfig: Setting CVar [[r.RenderTargetPoolMin:400]]
[2021.11.29-12.13.45:747][  0]LogConfig: Setting CVar [[r.LensFlareQuality:2]]
[2021.11.29-12.13.45:747][  0]LogConfig: Setting CVar [[r.SceneColorFringeQuality:1]]
[2021.11.29-12.13.45:747][  0]LogConfig: Setting CVar [[r.EyeAdaptationQuality:2]]
[2021.11.29-12.13.45:747][  0]LogConfig: Setting CVar [[r.BloomQuality:5]]
[2021.11.29-12.13.45:747][  0]LogConfig: Setting CVar [[r.FastBlurThreshold:100]]
[2021.11.29-12.13.45:747][  0]LogConfig: Setting CVar [[r.Upscale.Quality:3]]
[2021.11.29-12.13.45:747][  0]LogConfig: Setting CVar [[r.Tonemapper.GrainQuantization:1]]
[2021.11.29-12.13.45:747][  0]LogConfig: Setting CVar [[r.LightShaftQuality:1]]
[2021.11.29-12.13.45:747][  0]LogConfig: Setting CVar [[r.Filter.SizeScale:1]]
[2021.11.29-12.13.45:747][  0]LogConfig: Setting CVar [[r.Tonemapper.Quality:5]]
[2021.11.29-12.13.45:747][  0]LogConfig: Setting CVar [[r.DOF.Gather.AccumulatorQuality:1        ; higher gathering accumulator quality]]
[2021.11.29-12.13.45:747][  0]LogConfig: Setting CVar [[r.DOF.Gather.PostfilterMethod:1          ; Median3x3 postfilering method]]
[2021.11.29-12.13.45:747][  0]LogConfig: Setting CVar [[r.DOF.Gather.EnableBokehSettings:0       ; no bokeh simulation when gathering]]
[2021.11.29-12.13.45:747][  0]LogConfig: Setting CVar [[r.DOF.Gather.RingCount:4                 ; medium number of samples when gathering]]
[2021.11.29-12.13.45:747][  0]LogConfig: Setting CVar [[r.DOF.Scatter.ForegroundCompositing:1    ; additive foreground scattering]]
[2021.11.29-12.13.45:747][  0]LogConfig: Setting CVar [[r.DOF.Scatter.BackgroundCompositing:2    ; additive background scattering]]
[2021.11.29-12.13.45:747][  0]LogConfig: Setting CVar [[r.DOF.Scatter.EnableBokehSettings:1      ; bokeh simulation when scattering]]
[2021.11.29-12.13.45:747][  0]LogConfig: Setting CVar [[r.DOF.Scatter.MaxSpriteRatio:0.1         ; only a maximum of 10% of scattered bokeh]]
[2021.11.29-12.13.45:747][  0]LogConfig: Setting CVar [[r.DOF.Recombine.Quality:1                ; cheap slight out of focus]]
[2021.11.29-12.13.45:747][  0]LogConfig: Setting CVar [[r.DOF.Recombine.EnableBokehSettings:0    ; no bokeh simulation on slight out of focus]]
[2021.11.29-12.13.45:747][  0]LogConfig: Setting CVar [[r.DOF.TemporalAAQuality:1                ; more stable temporal accumulation]]
[2021.11.29-12.13.45:747][  0]LogConfig: Setting CVar [[r.DOF.Kernel.MaxForegroundRadius:0.025]]
[2021.11.29-12.13.45:747][  0]LogConfig: Setting CVar [[r.DOF.Kernel.MaxBackgroundRadius:0.025]]
[2021.11.29-12.13.45:747][  0]LogConfig: Applying CVar settings from Section [TextureQuality@3] File [C:/Users/gokay/Desktop/Final Project/UE4/FinalProject/Saved/Config/Windows/Scalability.ini]
[2021.11.29-12.13.45:747][  0]LogConfig: Setting CVar [[r.Streaming.MipBias:0]]
[2021.11.29-12.13.45:747][  0]LogConfig: Setting CVar [[r.Streaming.AmortizeCPUToGPUCopy:0]]
[2021.11.29-12.13.45:747][  0]LogConfig: Setting CVar [[r.Streaming.MaxNumTexturesToStreamPerFrame:0]]
[2021.11.29-12.13.45:747][  0]LogConfig: Setting CVar [[r.Streaming.Boost:1]]
[2021.11.29-12.13.45:747][  0]LogConfig: Setting CVar [[r.MaxAnisotropy:8]]
[2021.11.29-12.13.45:747][  0]LogConfig: Setting CVar [[r.VT.MaxAnisotropy:8]]
[2021.11.29-12.13.45:747][  0]LogConfig: Setting CVar [[r.Streaming.LimitPoolSizeToVRAM:0]]
[2021.11.29-12.13.45:747][  0]LogConfig: Setting CVar [[r.Streaming.PoolSize:1000]]
[2021.11.29-12.13.45:747][  0]LogConfig: Setting CVar [[r.Streaming.MaxEffectiveScreenSize:0]]
[2021.11.29-12.13.45:747][  0]LogConfig: Applying CVar settings from Section [EffectsQuality@3] File [C:/Users/gokay/Desktop/Final Project/UE4/FinalProject/Saved/Config/Windows/Scalability.ini]
[2021.11.29-12.13.45:747][  0]LogConfig: Setting CVar [[r.TranslucencyLightingVolumeDim:64]]
[2021.11.29-12.13.45:747][  0]LogConfig: Setting CVar [[r.RefractionQuality:2]]
[2021.11.29-12.13.45:747][  0]LogConfig: Setting CVar [[r.SSR.Quality:3]]
[2021.11.29-12.13.45:747][  0]LogConfig: Setting CVar [[r.SSR.HalfResSceneColor:0]]
[2021.11.29-12.13.45:747][  0]LogConfig: Setting CVar [[r.SceneColorFormat:4]]
[2021.11.29-12.13.45:747][  0]LogConfig: Setting CVar [[r.DetailMode:2]]
[2021.11.29-12.13.45:747][  0]LogConfig: Setting CVar [[r.TranslucencyVolumeBlur:1]]
[2021.11.29-12.13.45:747][  0]LogConfig: Setting CVar [[r.MaterialQualityLevel:1 ; High quality]]
[2021.11.29-12.13.45:747][  0]LogConfig: Setting CVar [[r.AnisotropicMaterials:1]]
[2021.11.29-12.13.45:747][  0]LogConfig: Setting CVar [[r.SSS.Scale:1]]
[2021.11.29-12.13.45:747][  0]LogConfig: Setting CVar [[r.SSS.SampleSet:2]]
[2021.11.29-12.13.45:747][  0]LogConfig: Setting CVar [[r.SSS.Quality:1]]
[2021.11.29-12.13.45:747][  0]LogConfig: Setting CVar [[r.SSS.HalfRes:0]]
[2021.11.29-12.13.45:747][  0]LogConfig: Setting CVar [[r.SSGI.Quality:3]]
[2021.11.29-12.13.45:747][  0]LogConfig: Setting CVar [[r.EmitterSpawnRateScale:1.0]]
[2021.11.29-12.13.45:747][  0]LogConfig: Setting CVar [[r.ParticleLightQuality:2]]
[2021.11.29-12.13.45:747][  0]LogConfig: Setting CVar [[r.SkyAtmosphere.AerialPerspectiveLUT.FastApplyOnOpaque:1 ; Always have FastSkyLUT 1 in this case to avoid wrong sky]]
[2021.11.29-12.13.45:748][  0]LogConfig: Setting CVar [[r.SkyAtmosphere.AerialPerspectiveLUT.SampleCountMaxPerSlice:4]]
[2021.11.29-12.13.45:748][  0]LogConfig: Setting CVar [[r.SkyAtmosphere.AerialPerspectiveLUT.DepthResolution:16.0]]
[2021.11.29-12.13.45:748][  0]LogConfig: Setting CVar [[r.SkyAtmosphere.FastSkyLUT:1]]
[2021.11.29-12.13.45:748][  0]LogConfig: Setting CVar [[r.SkyAtmosphere.FastSkyLUT.SampleCountMin:4.0]]
[2021.11.29-12.13.45:748][  0]LogConfig: Setting CVar [[r.SkyAtmosphere.FastSkyLUT.SampleCountMax:128.0]]
[2021.11.29-12.13.45:748][  0]LogConfig: Setting CVar [[r.SkyAtmosphere.SampleCountMin:4.0]]
[2021.11.29-12.13.45:748][  0]LogConfig: Setting CVar [[r.SkyAtmosphere.SampleCountMax:128.0]]
[2021.11.29-12.13.45:748][  0]LogConfig: Setting CVar [[r.SkyAtmosphere.TransmittanceLUT.UseSmallFormat:0]]
[2021.11.29-12.13.45:748][  0]LogConfig: Setting CVar [[r.SkyAtmosphere.TransmittanceLUT.SampleCount:10.0]]
[2021.11.29-12.13.45:748][  0]LogConfig: Setting CVar [[r.SkyAtmosphere.MultiScatteringLUT.SampleCount:15.0]]
[2021.11.29-12.13.45:748][  0]LogConfig: Setting CVar [[r.SkyLight.RealTimeReflectionCapture:1]]
[2021.11.29-12.13.45:748][  0]LogConfig: Applying CVar settings from Section [FoliageQuality@3] File [C:/Users/gokay/Desktop/Final Project/UE4/FinalProject/Saved/Config/Windows/Scalability.ini]
[2021.11.29-12.13.45:748][  0]LogConfig: Setting CVar [[foliage.DensityScale:1.0]]
[2021.11.29-12.13.45:748][  0]LogConfig: Setting CVar [[grass.DensityScale:1.0]]
[2021.11.29-12.13.45:748][  0]LogConfig: Applying CVar settings from Section [ShadingQuality@3] File [C:/Users/gokay/Desktop/Final Project/UE4/FinalProject/Saved/Config/Windows/Scalability.ini]
[2021.11.29-12.13.45:748][  0]LogConfig: Setting CVar [[r.HairStrands.SkyLighting.IntegrationType:2]]
[2021.11.29-12.13.45:748][  0]LogConfig: Setting CVar [[r.HairStrands.SkyAO.SampleCount:4]]
[2021.11.29-12.13.45:748][  0]LogConfig: Setting CVar [[r.HairStrands.Visibility.MSAA.SamplePerPixel:4]]
[2021.11.29-12.13.45:748][  0]LogConfig: Applying CVar settings from Section [Startup] File [../../../Engine/Config/ConsoleVariables.ini]
[2021.11.29-12.13.45:748][  0]LogConfig: Setting CVar [[net.UseAdaptiveNetUpdateFrequency:0]]
[2021.11.29-12.13.45:748][  0]LogConfig: Setting CVar [[p.chaos.AllowCreatePhysxBodies:1]]
[2021.11.29-12.13.45:748][  0]LogConfig: Setting CVar [[fx.SkipVectorVMBackendOptimizations:1]]
[2021.11.29-12.13.45:748][  0]LogConfig: Applying CVar settings from Section [ConsoleVariables] File [C:/Users/gokay/Desktop/Final Project/UE4/FinalProject/Saved/Config/Windows/Engine.ini]
[2021.11.29-12.13.45:748][  0]LogConfig: Applying CVar settings from Section [ConsoleVariables] File [C:/Users/gokay/Desktop/Final Project/UE4/FinalProject/Saved/Config/Windows/Editor.ini]
[2021.11.29-12.13.45:748][  0]LogInit: Computer: DESKTOP-U2RJ9E4
[2021.11.29-12.13.45:748][  0]LogInit: User: gokay
[2021.11.29-12.13.45:748][  0]LogInit: CPU Page size=4096, Cores=6
[2021.11.29-12.13.45:748][  0]LogInit: High frequency timer resolution =10.000000 MHz
[2021.11.29-12.13.45:748][  0]LogMemory: Memory total: Physical=15.9GB (16GB approx)
[2021.11.29-12.13.45:748][  0]LogMemory: Platform Memory Stats for Windows
[2021.11.29-12.13.45:748][  0]LogMemory: Process Physical Memory: 142.12 MB used, 142.12 MB peak
[2021.11.29-12.13.45:748][  0]LogMemory: Process Virtual Memory: 127.90 MB used, 127.90 MB peak
[2021.11.29-12.13.45:748][  0]LogMemory: Physical Memory: 7532.80 MB used,  8777.42 MB free, 16310.22 MB total
[2021.11.29-12.13.45:748][  0]LogMemory: Virtual Memory: 134207408.00 MB used,  10323.28 MB free, 134217728.00 MB total
[2021.11.29-12.13.45:752][  0]LogWindows: WindowsPlatformFeatures enabled
[2021.11.29-12.13.45:781][  0]LogInit: Physics initialised using underlying interface: PhysX
[2021.11.29-12.13.45:782][  0]LogInit: Using OS detected language (tr-TR).
[2021.11.29-12.13.45:782][  0]LogInit: Using OS detected locale (tr-TR).
[2021.11.29-12.13.45:783][  0]LogTextLocalizationManager: No localization for 'tr-TR' exists, so 'en' will be used for the language.
[2021.11.29-12.13.45:936][  0]LogInit: Setting process to per monitor DPI aware
[2021.11.29-12.13.45:946][  0]LogWindowsTextInputMethodSystem: Display: IME system deactivated.
[2021.11.29-12.13.45:957][  0]LogSlate: New Slate User Created.  User Index 0, Is Virtual User: 0
[2021.11.29-12.13.45:957][  0]LogSlate: Slate User Registered.  User Index 0, Is Virtual User: 0
[2021.11.29-12.13.46:051][  0]LogD3D11RHI: Loaded GFSDK_Aftermath_Lib.x64.dll
[2021.11.29-12.13.46:053][  0]LogHMD: Failed to initialize OpenVR with code 110
[2021.11.29-12.13.46:053][  0]LogD3D11RHI: D3D11 min allowed feature level: 11_0
[2021.11.29-12.13.46:053][  0]LogD3D11RHI: D3D11 max allowed feature level: 11_0
[2021.11.29-12.13.46:053][  0]LogD3D11RHI: D3D11 adapters:
[2021.11.29-12.13.46:154][  0]LogD3D11RHI:    0. 'NVIDIA GeForce RTX 2080 SUPER' (Feature Level 11_0)
[2021.11.29-12.13.46:154][  0]LogD3D11RHI:       8010/0/8155 MB DedicatedVideo/DedicatedSystem/SharedSystem, Outputs:1, VendorId:0x10de
[2021.11.29-12.13.46:155][  0]LogD3D11RHI:    1. 'Microsoft Basic Render Driver' (Feature Level 11_0)
[2021.11.29-12.13.46:155][  0]LogD3D11RHI:       0/0/8155 MB DedicatedVideo/DedicatedSystem/SharedSystem, Outputs:0, VendorId:0x1414
[2021.11.29-12.13.46:155][  0]LogD3D11RHI: Chosen D3D11 Adapter:
[2021.11.29-12.13.46:155][  0]LogD3D11RHI:     Description : NVIDIA GeForce RTX 2080 SUPER
[2021.11.29-12.13.46:155][  0]LogD3D11RHI:     VendorId    : 10de
[2021.11.29-12.13.46:155][  0]LogD3D11RHI:     DeviceId    : 1e81
[2021.11.29-12.13.46:155][  0]LogD3D11RHI:     SubSysId    : 87381043
[2021.11.29-12.13.46:155][  0]LogD3D11RHI:     Revision    : 00a1
[2021.11.29-12.13.46:155][  0]LogD3D11RHI:     DedicatedVideoMemory : 8399093760 bytes
[2021.11.29-12.13.46:155][  0]LogD3D11RHI:     DedicatedSystemMemory : 0 bytes
[2021.11.29-12.13.46:156][  0]LogD3D11RHI:     SharedSystemMemory : 8551254016 bytes
[2021.11.29-12.13.46:156][  0]LogD3D11RHI:     AdapterLuid : 0 43491
[2021.11.29-12.13.46:161][  0]LogD3D11RHI: Creating new Direct3DDevice
[2021.11.29-12.13.46:161][  0]LogD3D11RHI:     GPU DeviceId: 0x1e81 (for the marketing name, search the web for "GPU Device Id")
[2021.11.29-12.13.46:161][  0]LogWindows: EnumDisplayDevices:
[2021.11.29-12.13.46:161][  0]LogWindows:    0. 'NVIDIA GeForce RTX 2080 SUPER' (P:1 D:1)
[2021.11.29-12.13.46:162][  0]LogWindows:    1. 'NVIDIA GeForce RTX 2080 SUPER' (P:0 D:0)
[2021.11.29-12.13.46:162][  0]LogWindows:    2. 'NVIDIA GeForce RTX 2080 SUPER' (P:0 D:0)
[2021.11.29-12.13.46:162][  0]LogWindows:    3. 'NVIDIA GeForce RTX 2080 SUPER' (P:0 D:0)
[2021.11.29-12.13.46:162][  0]LogWindows: DebugString: FoundDriverCount:4 
[2021.11.29-12.13.46:162][  0]LogD3D11RHI:     Adapter Name: NVIDIA GeForce RTX 2080 SUPER
[2021.11.29-12.13.46:162][  0]LogD3D11RHI:   Driver Version: 496.76 (internal:30.0.14.9676, unified:496.76)
[2021.11.29-12.13.46:162][  0]LogD3D11RHI:      Driver Date: 11-9-2021
[2021.11.29-12.13.46:162][  0]LogRHI: Texture pool is 5607 MB (70% of 8010 MB)
[2021.11.29-12.13.46:162][  0]LogD3D11RHI: Creating D3DDevice using adapter:
[2021.11.29-12.13.46:162][  0]LogD3D11RHI:     Description : NVIDIA GeForce RTX 2080 SUPER
[2021.11.29-12.13.46:162][  0]LogD3D11RHI:     VendorId    : 10de
[2021.11.29-12.13.46:162][  0]LogD3D11RHI:     DeviceId    : 1e81
[2021.11.29-12.13.46:162][  0]LogD3D11RHI:     SubSysId    : 87381043
[2021.11.29-12.13.46:162][  0]LogD3D11RHI:     Revision    : 00a1
[2021.11.29-12.13.46:162][  0]LogD3D11RHI:     DedicatedVideoMemory : 8399093760 bytes
[2021.11.29-12.13.46:162][  0]LogD3D11RHI:     DedicatedSystemMemory : 0 bytes
[2021.11.29-12.13.46:162][  0]LogD3D11RHI:     SharedSystemMemory : 8551254016 bytes
[2021.11.29-12.13.46:162][  0]LogD3D11RHI:     AdapterLuid : 0 43491
[2021.11.29-12.13.46:220][  0]LogD3D11RHI: RHI has support for 64 bit atomics
[2021.11.29-12.13.46:220][  0]LogD3D11RHI: Async texture creation enabled
[2021.11.29-12.13.46:220][  0]LogD3D11RHI: Array index from any shader is supported
[2021.11.29-12.13.46:243][  0]LogD3D11RHI: GPU Timing Frequency: 1000.000000 (Debug: 2 1)
[2021.11.29-12.13.46:263][  0]LogRHI: GeForceNow SDK initialized: 1
[2021.11.29-12.13.46:484][  0]LogTargetPlatformManager: Display: Loaded TargetPlatform 'AllDesktop'
[2021.11.29-12.13.46:503][  0]LogTargetPlatformManager: Display: Loaded TargetPlatform 'Android'
[2021.11.29-12.13.46:503][  0]LogTargetPlatformManager: Display: Loaded TargetPlatform 'Android_ASTC'
[2021.11.29-12.13.46:503][  0]LogTargetPlatformManager: Display: Loaded TargetPlatform 'Android_DXT'
[2021.11.29-12.13.46:503][  0]LogTargetPlatformManager: Display: Loaded TargetPlatform 'Android_ETC2'
[2021.11.29-12.13.46:503][  0]LogTargetPlatformManager: Display: Loaded TargetPlatform 'AndroidClient'
[2021.11.29-12.13.46:503][  0]LogTargetPlatformManager: Display: Loaded TargetPlatform 'Android_ASTCClient'
[2021.11.29-12.13.46:503][  0]LogTargetPlatformManager: Display: Loaded TargetPlatform 'Android_DXTClient'
[2021.11.29-12.13.46:503][  0]LogTargetPlatformManager: Display: Loaded TargetPlatform 'Android_ETC2Client'
[2021.11.29-12.13.46:503][  0]LogTargetPlatformManager: Display: Loaded TargetPlatform 'Android_Multi'
[2021.11.29-12.13.46:503][  0]LogTargetPlatformManager: Display: Loaded TargetPlatform 'Android_MultiClient'
[2021.11.29-12.13.46:517][  0]LogTargetPlatformManager: Display: Loaded TargetPlatform 'IOSClient'
[2021.11.29-12.13.46:517][  0]LogTargetPlatformManager: Display: Loaded TargetPlatform 'IOS'
[2021.11.29-12.13.46:524][  0]LogTargetPlatformManager: Display: Loaded TargetPlatform 'Linux'
[2021.11.29-12.13.46:527][  0]LogTargetPlatformManager: Display: Loaded TargetPlatform 'LinuxNoEditor'
[2021.11.29-12.13.46:531][  0]LogTargetPlatformManager: Display: Loaded TargetPlatform 'LinuxClient'
[2021.11.29-12.13.46:534][  0]LogTargetPlatformManager: Display: Loaded TargetPlatform 'LinuxServer'
[2021.11.29-12.13.46:541][  0]LogTargetPlatformManager: Display: Loaded TargetPlatform 'LinuxAArch64NoEditor'
[2021.11.29-12.13.46:545][  0]LogTargetPlatformManager: Display: Loaded TargetPlatform 'LinuxAArch64Client'
[2021.11.29-12.13.46:548][  0]LogTargetPlatformManager: Display: Loaded TargetPlatform 'LinuxAArch64Server'
[2021.11.29-12.13.46:568][  0]LogTargetPlatformManager: Display: Loaded TargetPlatform 'Lumin'
[2021.11.29-12.13.46:568][  0]LogTargetPlatformManager: Display: Loaded TargetPlatform 'LuminClient'
[2021.11.29-12.13.46:575][  0]LogTargetPlatformManager: Display: Loaded TargetPlatform 'MacNoEditor'
[2021.11.29-12.13.46:578][  0]LogTargetPlatformManager: Display: Loaded TargetPlatform 'Mac'
[2021.11.29-12.13.46:581][  0]LogTargetPlatformManager: Display: Loaded TargetPlatform 'MacClient'
[2021.11.29-12.13.46:585][  0]LogTargetPlatformManager: Display: Loaded TargetPlatform 'MacServer'
[2021.11.29-12.13.46:592][  0]LogTargetPlatformManager: Display: Loaded TargetPlatform 'TVOSClient'
[2021.11.29-12.13.46:592][  0]LogTargetPlatformManager: Display: Loaded TargetPlatform 'TVOS'
[2021.11.29-12.13.46:599][  0]LogTargetPlatformManager: Display: Loaded TargetPlatform 'WindowsNoEditor'
[2021.11.29-12.13.46:603][  0]LogTargetPlatformManager: Display: Loaded TargetPlatform 'Windows'
[2021.11.29-12.13.46:606][  0]LogTargetPlatformManager: Display: Loaded TargetPlatform 'WindowsClient'
[2021.11.29-12.13.46:609][  0]LogTargetPlatformManager: Display: Loaded TargetPlatform 'WindowsServer'
[2021.11.29-12.13.46:609][  0]LogTargetPlatformManager: Display: Building Assets For Windows
[2021.11.29-12.13.46:614][  0]LogAudioDebug: Display: Lib vorbis DLL was dynamically loaded.
[2021.11.29-12.13.46:635][  0]LogTextureFormatOodle: Display: Oodle Texture 2.9.0 init RDO Off
[2021.11.29-12.13.46:655][  0]LogRendererCore: Ray tracing is disabled. Reason: r.RayTracing=0.
[2021.11.29-12.13.46:655][  0]LogShaderCompilers: Guid format shader working directory is -8 characters bigger than the processId version (C:/Users/gokay/Desktop/Final Project/UE4/FinalProject/Intermediate/Shaders/WorkingDirectory/18812/).
[2021.11.29-12.13.46:655][  0]LogShaderCompilers: Cleaned the shader compiler working directory 'C:/Users/gokay/AppData/Local/Temp/UnrealShaderWorkingDir/7A997CF849C6C27CE88C31BE4DA59C39/'.
[2021.11.29-12.13.46:656][  0]LogXGEController: Cannot use XGE Controller as Incredibuild is not installed on this machine.
[2021.11.29-12.13.46:656][  0]LogShaderCompilers: Cannot use XGE Shader Compiler as Incredibuild is not installed on this machine.
[2021.11.29-12.13.46:656][  0]LogShaderCompilers: Display: Using Local Shader Compiler.
[2021.11.29-12.13.47:271][  0]LogDerivedDataCache: Display: Max Cache Size: 512 MB
[2021.11.29-12.13.47:311][  0]LogDerivedDataCache: Loaded boot cache 0.04s 94MB C:/Users/gokay/AppData/Local/UnrealEngine/4.27/DerivedDataCache/Boot.ddc.
[2021.11.29-12.13.47:312][  0]LogDerivedDataCache: Display: Loaded Boot cache: C:/Users/gokay/AppData/Local/UnrealEngine/4.27/DerivedDataCache/Boot.ddc
[2021.11.29-12.13.47:312][  0]LogDerivedDataCache: FDerivedDataBackendGraph:  Pak pak cache file C:/Users/gokay/Desktop/Final Project/UE4/FinalProject/DerivedDataCache/DDC.ddp not found, will not use a pak cache.
[2021.11.29-12.13.47:312][  0]LogDerivedDataCache: Unable to find inner node Pak for hierarchical cache Hierarchy.
[2021.11.29-12.13.47:312][  0]LogDerivedDataCache: FDerivedDataBackendGraph:  CompressedPak pak cache file C:/Users/gokay/Desktop/Final Project/UE4/FinalProject/DerivedDataCache/Compressed.ddp not found, will not use a pak cache.
[2021.11.29-12.13.47:312][  0]LogDerivedDataCache: Unable to find inner node CompressedPak for hierarchical cache Hierarchy.
[2021.11.29-12.13.47:327][  0]LogDerivedDataCache: Display: Pak cache opened for reading ../../../Engine/DerivedDataCache/Compressed.ddp.
[2021.11.29-12.13.47:327][  0]LogDerivedDataCache: FDerivedDataBackendGraph:  EnterprisePak pak cache file ../../../Enterprise/DerivedDataCache/Compressed.ddp not found, will not use a pak cache.
[2021.11.29-12.13.47:327][  0]LogDerivedDataCache: Unable to find inner node EnterprisePak for hierarchical cache Hierarchy.
[2021.11.29-12.13.47:332][  0]LogDerivedDataCache: Speed tests for C:/Users/gokay/AppData/Local/UnrealEngine/Common/DerivedDataCache took 0.01 seconds
[2021.11.29-12.13.47:332][  0]LogDerivedDataCache: Display: Performance to C:/Users/gokay/AppData/Local/UnrealEngine/Common/DerivedDataCache: Latency=0.02ms. RandomReadSpeed=1884.25MBs, RandomWriteSpeed=218.82MBs. Assigned SpeedClass 'Local'
[2021.11.29-12.13.47:333][  0]LogDerivedDataCache: Using Local data cache path C:/Users/gokay/AppData/Local/UnrealEngine/Common/DerivedDataCache: Writable
[2021.11.29-12.13.47:333][  0]LogDerivedDataCache: Shared data cache path not found in *engine.ini, will not use an Shared cache.
[2021.11.29-12.13.47:333][  0]LogDerivedDataCache: Unable to find inner node Shared for hierarchical cache Hierarchy.
[2021.11.29-12.13.47:374][  0]LogSlate: Using FreeType 2.10.0
[2021.11.29-12.13.47:375][  0]LogSlate: SlateFontServices - WITH_FREETYPE: 1, WITH_HARFBUZZ: 1
[2021.11.29-12.13.47:392][  0]LogAssetRegistry: FAssetRegistry took 0.0023 seconds to start up
[2021.11.29-12.13.47:597][  0]LogInit: Selected Device Profile: [Windows]
[2021.11.29-12.13.47:597][  0]LogInit: Active device profile: [0000017555554900][0000017551529300 49] Windows
[2021.11.29-12.13.47:597][  0]LogInit: Profiles: [0000017555554900][0000017551529300 49] Windows, [000001755551F800][0000017554EC1480 49] WindowsNoEditor, [0000017555557500][0000017554EC5600 49] WindowsServer, [000001755551CE00][0000017554EC9780 49] WindowsClient, [0000017555557800][0000017554ECD900 49] IOS, [000001755551E800][0000017554ED1A80 49] iPadAir, [0000017555556000][0000017554ED5C00 49] iPadAir2, [00000175554A8A00][000001754D696340 49] IPadPro, [00000175554A8B00][0000017554ED8380 49] iPadAir3, [000001755551D900][000001754D69A500 49] iPadAir4, [00000175554AB400][000001754D69E680 49] iPadMini2, [000001755551EA00][0000017548B407C0 49] iPadMini3, [00000175554A9700][000001754D6A2900 49] iPadMini4, [0000017555555100][000001754D6B2A40 49] iPadMini5, [00000175554C8300][000001755519CCC0 49] iPhone6, [00000175554C8400][0000017555188D00 49] iPodTouch6, [0000017555477F00][0000017556450FC0 49] iPhone7, [0000017555477E00][00000175551A1000 49] iPodTouch7, [000001755551E000][0000017556455180 49] iPhone5S, [0000017555475A00][0000017556573300 49] iPhone6Plus, [00000175554C8200][000001755657B480 49] iPhone6S, [0000017555474600][000001754845D600 49] iPhone6SPlus, [00000175554CA900][0000017548461780 49] iPhone7Plus, [0000017555477100][0000017548465900 49] iPhoneSE, [00000175554CA200][0000017548469A80 49] iPhone8, [0000017555477B00][000001754846DC00 49] iPhone8Plus, [00000175554C8A00][0000017548470200 49] iPhoneX, [0000017555475400][0000017548474380 49] iPhoneXS, [00000175554CB900][0000017554E70500 49] iPhoneXSMax, [0000017555474900][0000017554E74680 49] iPhoneXR, [00000175554CAF00][0000017554E8C800 49] iPhone11, [0000017555475300][0000017555198940 49] iPhone11Pro, [00000175554C9000][00000175484B0A80 49] iPhone11ProMax, [0000017555476A00][00000175484B4BC0 49] iPhoneSE2, [00000175554C9400][00000175484B8D00 49] iPhone12Mini, [0000017555476400][00000175484C4E80 49] iPhone12, [00000175554C8D00][00000175484CD000 49] iPhone12Pro, [0000017555476B00][00000175484D1180 49] iPhone12ProMax, [00000175554CB000][00000175484D5300 49] iPadPro105, [0000017555474700][00000175484D9480 49] iPadPro129, [00000175554CA800][00000175484DD600 49] iPadPro97, [0000017555476600][000001754D68F780 49] iPadPro2_129, [00000175554CBC00][000001754D693900 49] iPad5, [0000017555476200][00000175484BDA80 49] iPad6, [00000175554C8F00][00000175484C9C00 49] iPad7, [0000017555476D00][00000175550D2200 49] iPad8, [00000175554C9100][00000175550D6380 49] iPadPro11, [0000017555475600][00000175484AC500 49] iPadPro2_11, [00000175554CB400][000001755526A680 49] iPadPro3_129, [0000017555476800][000001755510C800 49] iPadPro4_129, [00000175554CBA00][0000017555110980 49] AppleTV, [0000017555476100][0000017555114B00 49] AppleTV4K, [00000175554C9F00][00000175484C0C40 49] TVOS, [0000017555477400][0000017555118D80 49] Mac, [00000175554CB800][000001755511CEC0 49] MacClient, [0000017555475E00][0000017555125040 49] MacNoEditor, [00000175554CBF00][00000175551291C0 49] MacServer, [0000017555477500][000001755512D340 49] Linux, [00000175554C8C00][00000175551314C0 49] LinuxAArch64, [0000017555476F00][0000017555135640 49] LinuxNoEditor, [00000175554C8B00][00000175551397C0 49] LinuxAArch64NoEditor, [0000017555477700][000001755513D940 49] LinuxClient, [00000175554C9A00][0000017555141AC0 49] LinuxAArch64Client, [0000017555475000][00000175551440C0 49] LinuxServer, [00000175554CA500][000001754D628240 49] LinuxAArch64Server, [0000017555475900][000001754D62C3C0 49] Android, [00000175554C9300][000001754D630540 49] Android_Low, [0000017555476700][000001754D6346C0 49] Android_Mid, [00000175554CAB00][000001754D638840 49] Android_High, [0000017555477800][000001754D63C9C0 49] Android_Default, [00000175554C9600][000001754D640B40 49] Android_Adreno4xx, [0000017555475500][000001754D644CC0 49] Android_Adreno5xx_Low, [00000175554AB600][0000017555120E00 49] Android_Adreno5xx, [000001755551D800][000001754D648F40 49] Android_Adreno6xx, [00000175554A9200][000001754D64D080 49] Android_Adreno6xx_Vulkan, [000001755551FC00][000001754D6511C0 49] Android_Mali_T6xx, [00000175554A9100][000001754D659340 49] Android_Mali_T7xx, [000001755551D600][000001754D65D4C0 49] Android_Mali_T8xx, [00000175554A9E00][000001754D661640 49] Android_Mali_G71, [000001755551C500][000001754D6657C0 49] Android_Mali_G72, [00000175554A8800][000001754D669940 49] Android_Mali_G72_Vulkan, [000001755551D300][000001754D66DAC0 49] Android_Mali_G76, [00000175554A8100][000001754D6700C0 49] Android_Mali_G76_Vulkan, [000001755551DF00][000001754D674240 49] Android_Mali_G77, [00000175554A9000][000001754D6783C0 49] Android_Mali_G77_Vulkan, [000001755551CA00][000001754D67C540 49] Android_Mali_G78, [00000175554AAC00][000001754D6806C0 49] Android_Mali_G78_Vulkan, [000001755551F600][000001754D684840 49] Android_Mali_G710, [00000175554AAA00][000001754D6889C0 49] Android_Mali_G710_Vulkan, [000001755551FF00][00000175565B8B40 49] Android_Vulkan_SM5, [00000175554ABB00][00000175565BCCC0 49] Android_PowerVR_G6xxx, [000001755551FB00][00000175565C0E40 49] Android_PowerVR_GT7xxx, [00000175554AB900][000001754D654F80 49] Android_PowerVR_GE8xxx, [000001755551CC00][00000175565C50C0 49] Android_PowerVR_GM9xxx, [00000175554AA700][00000175565C9200 49] Android_PowerVR_GM9xxx_Vulkan, [000001755551E700][00000175565CD340 49] Android_TegraK1, [00000175554A8900][00000175565D54C0 49] Android_Unknown_Vulkan, [000001755551DD00][00000175565D9640 49] Lumin, [00000175554A8500][00000175565DD7C0 49] Lumin_Desktop, [000001755551F300][00000175565E1940 49] HoloLens, 
[2021.11.29-12.13.47:696][  0]LogMeshReduction: Using QuadricMeshReduction for automatic static mesh reduction
[2021.11.29-12.13.47:696][  0]LogMeshReduction: Using SimplygonMeshReduction for automatic skeletal mesh reduction
[2021.11.29-12.13.47:696][  0]LogMeshReduction: Using ProxyLODMeshReduction for automatic mesh merging
[2021.11.29-12.13.47:696][  0]LogMeshReduction: No distributed automatic mesh merging module available
[2021.11.29-12.13.47:696][  0]LogMeshMerging: No distributed automatic mesh merging module available
[2021.11.29-12.13.47:707][  0]LogNetVersion: FinalProject 1.0.0, NetCL: 17155196, EngineNetVer: 17, GameNetVer: 0 (Checksum: 2450765920)
[2021.11.29-12.13.47:989][  0]LogTexture: Default maximum texture size for cubemaps generated from long-lat sources has been changed from 512 to unlimited. In order to preserve old behaiour for '/Engine/MapTemplates/Sky/DaylightAmbientCubemap.DaylightAmbientCubemap', its maximum texture size has been explicitly set to 512.
[2021.11.29-12.13.48:032][  0]LogHMD: PokeAHoleMaterial loaded successfully
[2021.11.29-12.13.48:037][  0]LogUObjectArray: 17178 objects as part of root set at end of initial load.
[2021.11.29-12.13.48:037][  0]LogUObjectAllocator: 4301856 out of 0 bytes used by permanent object pool.
[2021.11.29-12.13.48:037][  0]LogUObjectArray: CloseDisregardForGC: 0/0 objects in disregard for GC pool
[2021.11.29-12.13.48:231][  0]LogNiagaraDebuggerClient: Niagara Debugger Client Initialized | Session: F5FB4E83489813519D3657BF098A6352 | Instance: 05FF06ED4DDAA40EDE55B39901A1BE75 (DESKTOP-U2RJ9E4-18812).
[2021.11.29-12.13.48:247][  0]LogImageWrapper: Warning: PNG Warning: Duplicate iCCP chunk
[2021.11.29-12.13.48:247][  0]LogImageWrapper: Warning: PNG Warning: Duplicate iCCP chunk
[2021.11.29-12.13.48:320][  0]LogPython: Using Python 3.7.7
[2021.11.29-12.13.48:763][  0]LogTcpMessaging: Initializing TcpMessaging bridge
[2021.11.29-12.13.48:770][  0]LogUdpMessaging: Initializing bridge on interface 0.0.0.0:0 to multicast group 230.0.0.1:6666.
[2021.11.29-12.13.48:913][  0]SourceControl: Source control is disabled
[2021.11.29-12.13.48:913][  0]SourceControl: Source control is disabled
[2021.11.29-12.13.48:915][  0]SourceControl: Source control is disabled
[2021.11.29-12.13.48:923][  0]SourceControl: Source control is disabled
[2021.11.29-12.13.48:928][  0]SourceControl: Source control is disabled
[2021.11.29-12.13.48:932][  0]LogUProjectInfo: Found projects:
[2021.11.29-12.13.49:043][  0]LogOpenImageDenoise: OIDN starting up
[2021.11.29-12.13.49:070][  0]LogAndroidPermission: UAndroidPermissionCallbackProxy::GetInstance
[2021.11.29-12.13.49:087][  0]LogAudioCaptureCore: Display: No Audio Capture implementations found. Audio input will be silent.
[2021.11.29-12.13.49:087][  0]LogAudioCaptureCore: Display: No Audio Capture implementations found. Audio input will be silent.
[2021.11.29-12.13.49:179][  0]LogCollectionManager: Loaded 0 collections in 0.000653 seconds
[2021.11.29-12.13.49:198][  0]LogFileCache: Scanning file cache for directory 'C:/Users/gokay/Desktop/Final Project/UE4/FinalProject/Saved/Collections/' took 0.00s
[2021.11.29-12.13.49:198][  0]LogFileCache: Scanning file cache for directory 'C:/Users/gokay/Desktop/Final Project/UE4/FinalProject/Content/Developers/gokay/Collections/' took 0.00s
[2021.11.29-12.13.49:198][  0]LogFileCache: Scanning file cache for directory 'C:/Users/gokay/Desktop/Final Project/UE4/FinalProject/Content/Collections/' took 0.00s
[2021.11.29-12.13.49:198][  0]LogOcInput: OculusInput pre-init called
[2021.11.29-12.13.49:370][  0]LogImageWrapper: Warning: PNG Warning: Duplicate iCCP chunk
[2021.11.29-12.13.49:370][  0]LogImageWrapper: Warning: PNG Warning: Duplicate iCCP chunk
[2021.11.29-12.13.49:371][  0]LogEngine: Initializing Engine...
[2021.11.29-12.13.49:373][  0]LogHMD: Failed to enumerate extensions. Please check that you have a valid OpenXR runtime installed.
[2021.11.29-12.13.49:373][  0]LogHMD: Failed to initialize OpenVR with code 110
[2021.11.29-12.13.49:373][  0]LogMagicLeap: Warning: VR disabled because ZI is not enabled.  To enable, in the editor, Edit -> Project Settings -> Plugins -> Magic Leap Plugin -> Enable Zero Iteration
[2021.11.29-12.13.49:374][  0]LogStats: UGameplayTagsManager::InitializeManager -  0.000 s
[2021.11.29-12.13.49:460][  0]LogInit: Initializing FReadOnlyCVARCache
[2021.11.29-12.13.49:466][  0]LogAIModule: Creating AISystem for world Untitled
[2021.11.29-12.13.49:475][  0]LogAudio: Display: Initializing Audio Device Manager...
[2021.11.29-12.13.49:477][  0]LogAudio: Display: Loading Default Audio Settings Objects...
[2021.11.29-12.13.49:478][  0]LogAudio: Display: No default SoundConcurrencyObject specified (or failed to load).
[2021.11.29-12.13.49:478][  0]LogAudio: Display: Audio Device Manager Initialized
[2021.11.29-12.13.49:478][  0]LogAudio: Display: Creating Audio Device:                 Id: 1, Scope: Shared, Realtime: True
[2021.11.29-12.13.49:478][  0]LogAudioMixer: Display: Audio Mixer Platform Settings:
[2021.11.29-12.13.49:478][  0]LogAudioMixer: Display: 	Sample Rate:						  48000
[2021.11.29-12.13.49:478][  0]LogAudioMixer: Display: 	Callback Buffer Frame Size Requested: 1024
[2021.11.29-12.13.49:478][  0]LogAudioMixer: Display: 	Callback Buffer Frame Size To Use:	  1024
[2021.11.29-12.13.49:478][  0]LogAudioMixer: Display: 	Number of buffers to queue:			  2
[2021.11.29-12.13.49:478][  0]LogAudioMixer: Display: 	Max Channels (voices):				  32
[2021.11.29-12.13.49:478][  0]LogAudioMixer: Display: 	Number of Async Source Workers:		  0
[2021.11.29-12.13.49:478][  0]LogAudio: Display: AudioDevice MaxSources: 32
[2021.11.29-12.13.49:478][  0]LogAudio: Display: Audio Spatialization Plugin: None (built-in).
[2021.11.29-12.13.49:478][  0]LogAudio: Display: Audio Reverb Plugin: None (built-in).
[2021.11.29-12.13.49:478][  0]LogAudio: Display: Audio Occlusion Plugin: None (built-in).
[2021.11.29-12.13.49:478][  0]LogAudioMixer: Display: Initializing audio mixer.
[2021.11.29-12.13.49:487][  0]LogAudioMixer: Display: 0: FrontLeft
[2021.11.29-12.13.49:487][  0]LogAudioMixer: Display: 1: FrontRight
[2021.11.29-12.13.49:508][  0]LogAudioMixer: Display: Using Audio Device Corsair HS50 (High Definition Audio Device)
[2021.11.29-12.13.49:510][  0]LogAudioMixer: Display: Initializing Sound Submixes...
[2021.11.29-12.13.49:512][  0]LogAudioMixer: Display: Creating Master Submix 'MasterSubmixDefault'
[2021.11.29-12.13.49:512][  0]LogAudioMixer: Display: Creating Master Submix 'MasterReverbSubmixDefault'
[2021.11.29-12.13.49:513][  0]LogAudioMixer: Display: Creating Master Submix 'MasterEQSubmixDefault'
[2021.11.29-12.13.49:513][  0]LogAudioMixer: FMixerPlatformXAudio2::StartAudioStream() called
[2021.11.29-12.13.49:513][  0]LogAudioMixer: Display: Output buffers initialized: Frames=1024, Channels=2, Samples=2048
[2021.11.29-12.13.49:513][  0]LogAudioMixer: Display: Starting AudioMixerPlatformInterface::RunInternal()
[2021.11.29-12.13.49:513][  0]LogAudioMixer: Display: FMixerPlatformXAudio2::SubmitBuffer() called for the first time
[2021.11.29-12.13.49:513][  0]LogInit: FAudioDevice initialized.
[2021.11.29-12.13.49:514][  0]LogAudio: Display: Audio Device (ID: 1) registered with world 'Untitled'.
[2021.11.29-12.13.49:514][  0]LogNetVersion: Set ProjectVersion to 1.0.0.0. Version Checksum will be recalculated on next use.
[2021.11.29-12.13.49:561][  0]LogDerivedDataCache: Saved boot cache 0.05s 94MB C:/Users/gokay/AppData/Local/UnrealEngine/4.27/DerivedDataCache/Boot.ddc.
[2021.11.29-12.13.49:561][  0]LogInit: Texture streaming: Enabled
[2021.11.29-12.13.49:570][  0]LogAnalytics: Display: [UEEditor.Rocket.Release] APIServer = https://datarouter.ol.epicgames.com/. AppVersion = 4.27.1-17735300+++UE4+Release-4.27
[2021.11.29-12.13.49:573][  0]LogEngineSessionManager: EngineSessionManager initialized
[2021.11.29-12.13.49:573][  0]LogEditorSessionSummary: Verbose: Initializing EditorSessionSummaryWriter for editor session tracking
[2021.11.29-12.13.49:574][  0]LogEditorSessionSummary: EditorSessionSummaryWriter initialized
[2021.11.29-12.13.49:595][  0]LogInit: Transaction tracking system initialized
[2021.11.29-12.13.49:612][  0]BlueprintLog: New page: Editor Load
[2021.11.29-12.13.49:653][  0]LocalizationService: Localization service is disabled
[2021.11.29-12.13.49:669][  0]TimingProfiler: Initialize
[2021.11.29-12.13.49:669][  0]TimingProfiler: OnSessionChanged
[2021.11.29-12.13.49:669][  0]LoadingProfiler: Initialize
[2021.11.29-12.13.49:669][  0]LoadingProfiler: OnSessionChanged
[2021.11.29-12.13.49:669][  0]NetworkingProfiler: Initialize
[2021.11.29-12.13.49:669][  0]NetworkingProfiler: OnSessionChanged
[2021.11.29-12.13.49:669][  0]MemoryProfiler: Initialize
[2021.11.29-12.13.49:669][  0]MemoryProfiler: OnSessionChanged
[2021.11.29-12.13.49:767][  0]LogCook: Display: CookSettings for Memory: MemoryMaxUsedVirtual 0MiB, MemoryMaxUsedPhysical 16384MiB, MemoryMinFreeVirtual 0MiB, MemoryMinFreePhysical 1024MiB
[2021.11.29-12.13.49:767][  0]LogCook: Display: Mobile HDR setting 1
[2021.11.29-12.13.49:902][  0]LogFileCache: Scanning file cache for directory 'C:/Users/gokay/Desktop/Final Project/UE4/FinalProject/Content/' took 0.00s
[2021.11.29-12.13.50:029][  0]LogImageWrapper: Warning: PNG Warning: Duplicate iCCP chunk
[2021.11.29-12.13.50:029][  0]LogImageWrapper: Warning: PNG Warning: Duplicate iCCP chunk
[2021.11.29-12.13.50:029][  0]LogInit: Display: Engine is initialized. Leaving FEngineLoop::Init()
[2021.11.29-12.13.50:031][  0]SourceControl: Source control is disabled
[2021.11.29-12.13.50:145][  0]LogSlate: Took 0.000131 seconds to synchronously load lazily loaded font '../../../Engine/Content/Slate/Fonts/Roboto-Regular.ttf' (155K)
[2021.11.29-12.13.53:811][  0]LogSlate: Window 'Restore Packages' being destroyed
[2021.11.29-12.13.53:811][  0]LogWindowsTextInputMethodSystem: Display: IME system deactivated.
[2021.11.29-12.13.53:825][  0]LogUnrealEdMisc: Loading editor; pre map load, took 8.888
[2021.11.29-12.13.53:826][  0]Cmd: MAP LOAD FILE="C:/Users/gokay/Desktop/Final Project/UE4/FinalProject/Content/FirstPersonBP/Maps/FirstPersonExampleMap.umap" TEMPLATE=0 SHOWPROGRESS=1 FEATURELEVEL=3
[2021.11.29-12.13.53:827][  0]LightingResults: New page: Lighting Build
[2021.11.29-12.13.53:828][  0]LogWorld: UWorld::CleanupWorld for Untitled, bSessionEnded=true, bCleanupResources=true
[2021.11.29-12.13.53:828][  0]LogSlate: InvalidateAllWidgets triggered.  All widgets were invalidated
[2021.11.29-12.13.53:828][  0]MapCheck: New page: Map Check
[2021.11.29-12.13.53:828][  0]LightingResults: New page: Lighting Build
[2021.11.29-12.13.53:832][  0]LogAudio: Display: Audio Device unregistered from world 'None'.
[2021.11.29-12.13.53:835][  0]LogUObjectHash: Compacting FUObjectHashTables data took   0.84ms
[2021.11.29-12.13.53:926][  0]LogAudio: Display: Audio Device (ID: 1) registered with world 'FirstPersonExampleMap'.
[2021.11.29-12.13.53:927][  0]LogAIModule: Creating AISystem for world FirstPersonExampleMap
[2021.11.29-12.13.53:929][  0]LogSkinnedMeshComp: Warning: GetSocketByName(GripPoint): No SkeletalMesh for Component(Mesh2P) Actor(FirstPersonCharacter_C_1)
[2021.11.29-12.13.53:929][  0]LogSkinnedMeshComp: Warning: GetSocketByName(GripPoint): No SkeletalMesh for Component(Mesh2P) Actor(FirstPersonCharacter_C_1)
[2021.11.29-12.13.53:929][  0]LogSkinnedMeshComp: Warning: GetSocketByName(GripPoint): No SkeletalMesh for Component(Mesh2P) Actor(FirstPersonCharacter_C_1)
[2021.11.29-12.13.53:930][  0]LogSkinnedMeshComp: Warning: GetSocketByName(GripPoint): No SkeletalMesh for Component(Mesh2P) Actor(FirstPersonCharacter_C_1)
[2021.11.29-12.13.53:931][  0]LogSkinnedMeshComp: Warning: GetSocketByName(GripPoint): No SkeletalMesh for Component(Mesh2P) Actor(FirstPersonCharacter_C_1)
[2021.11.29-12.13.53:931][  0]LogSkinnedMeshComp: Warning: GetSocketByName(GripPoint): No SkeletalMesh for Component(Mesh2P) Actor(FirstPersonCharacter_C_1)
[2021.11.29-12.13.53:931][  0]LogSkinnedMeshComp: Warning: GetSocketByName(GripPoint): No SkeletalMesh for Component(Mesh2P) Actor(FirstPersonCharacter_C_1)
[2021.11.29-12.13.53:931][  0]LogSkinnedMeshComp: Warning: GetSocketByName(GripPoint): No SkeletalMesh for Component(Mesh2P) Actor(FirstPersonCharacter_C_1)
[2021.11.29-12.13.53:931][  0]LogEditorServer: Finished looking for orphan Actors (0.000 secs)
[2021.11.29-12.13.53:939][  0]LogUObjectHash: Compacting FUObjectHashTables data took   1.00ms
[2021.11.29-12.13.53:939][  0]Cmd: MAP CHECKDEP NOCLEARLOG
[2021.11.29-12.13.53:939][  0]MapCheck: Map check complete: 0 Error(s), 0 Warning(s), took 0,163ms to complete.
[2021.11.29-12.13.53:939][  0]LogFileHelpers: Loading map 'FirstPersonExampleMap' took 0.114
[2021.11.29-12.13.53:941][  0]LogUnrealEdMisc: Total Editor Startup Time, took 9.004
[2021.11.29-12.13.53:956][  0]LogWindowsTextInputMethodSystem: Display: IME system deactivated.
[2021.11.29-12.13.53:993][  0]LogSlate: Updating window title bar state: overlay mode, drag disabled, window buttons hidden, title bar hidden
[2021.11.29-12.13.53:999][  0]LogSlate: Updating window title bar state: overlay mode, drag disabled, window buttons hidden, title bar hidden
[2021.11.29-12.13.54:004][  0]LogSlate: Updating window title bar state: overlay mode, drag disabled, window buttons hidden, title bar hidden
[2021.11.29-12.13.54:009][  0]LogSlate: Updating window title bar state: overlay mode, drag disabled, window buttons hidden, title bar hidden
[2021.11.29-12.13.54:021][  0]LogNativeClassHierarchy: Verbose: Native class hierarchy populated in 0.0090 seconds. Added 3822 classes and 928 folders.
[2021.11.29-12.13.54:023][  0]LogNativeClassHierarchy: Verbose: Native class hierarchy updated for 'WidgetCarousel' in 0.0002 seconds. Added 0 classes and 0 folders.
[2021.11.29-12.13.54:024][  0]LogPakFile: PakFile PrimaryIndexSize=187
[2021.11.29-12.13.54:024][  0]LogPakFile: PakFile PathHashIndexSize=101
[2021.11.29-12.13.54:024][  0]LogPakFile: PakFile FullDirectoryIndexSize=148
[2021.11.29-12.13.54:024][  0]LogShaderLibrary: Display: ShaderCodeLibraryPakFileMountedCallback: PakFile 'G:/Epic Games/UE_4.27/FeaturePacks/FP_FirstPerson.upack' (chunk index -1, root 'root:/') mounted
[2021.11.29-12.13.54:024][  0]LogShaderLibrary: Display: ShaderCodeLibraryPakFileMountedCallback: pending pak file info (ChunkID:-1 Root:root:/ File:G:/Epic Games/UE_4.27/FeaturePacks/FP_FirstPerson.upack)
[2021.11.29-12.13.54:024][  0]LogPakFile: OnPakFileMounted2Time == 0.000045
[2021.11.29-12.13.54:024][  0]LogPakFile: PakFile PrimaryIndexSize=189
[2021.11.29-12.13.54:024][  0]LogPakFile: PakFile PathHashIndexSize=101
[2021.11.29-12.13.54:024][  0]LogPakFile: PakFile FullDirectoryIndexSize=152
[2021.11.29-12.13.54:024][  0]LogShaderLibrary: Display: ShaderCodeLibraryPakFileMountedCallback: PakFile 'G:/Epic Games/UE_4.27/FeaturePacks/FP_FirstPersonBP.upack' (chunk index -1, root 'root:/') mounted
[2021.11.29-12.13.54:024][  0]LogShaderLibrary: Display: ShaderCodeLibraryPakFileMountedCallback: pending pak file info (ChunkID:-1 Root:root:/ File:G:/Epic Games/UE_4.27/FeaturePacks/FP_FirstPersonBP.upack)
[2021.11.29-12.13.54:024][  0]LogPakFile: OnPakFileMounted2Time == 0.000032
[2021.11.29-12.13.54:025][  0]LogPakFile: PakFile PrimaryIndexSize=191
[2021.11.29-12.13.54:025][  0]LogPakFile: PakFile PathHashIndexSize=101
[2021.11.29-12.13.54:025][  0]LogPakFile: PakFile FullDirectoryIndexSize=160
[2021.11.29-12.13.54:025][  0]LogShaderLibrary: Display: ShaderCodeLibraryPakFileMountedCallback: PakFile 'G:/Epic Games/UE_4.27/FeaturePacks/MobileStarterContent.upack' (chunk index -1, root 'root:/') mounted
[2021.11.29-12.13.54:025][  0]LogShaderLibrary: Display: ShaderCodeLibraryPakFileMountedCallback: pending pak file info (ChunkID:-1 Root:root:/ File:G:/Epic Games/UE_4.27/FeaturePacks/MobileStarterContent.upack)
[2021.11.29-12.13.54:025][  0]LogPakFile: OnPakFileMounted2Time == 0.000028
[2021.11.29-12.13.54:025][  0]LogPakFile: PakFile PrimaryIndexSize=185
[2021.11.29-12.13.54:025][  0]LogPakFile: PakFile PathHashIndexSize=101
[2021.11.29-12.13.54:025][  0]LogPakFile: PakFile FullDirectoryIndexSize=148
[2021.11.29-12.13.54:025][  0]LogShaderLibrary: Display: ShaderCodeLibraryPakFileMountedCallback: PakFile 'G:/Epic Games/UE_4.27/FeaturePacks/StarterContent.upack' (chunk index -1, root 'root:/') mounted
[2021.11.29-12.13.54:025][  0]LogShaderLibrary: Display: ShaderCodeLibraryPakFileMountedCallback: pending pak file info (ChunkID:-1 Root:root:/ File:G:/Epic Games/UE_4.27/FeaturePacks/StarterContent.upack)
[2021.11.29-12.13.54:025][  0]LogPakFile: OnPakFileMounted2Time == 0.000032
[2021.11.29-12.13.54:026][  0]LogPakFile: PakFile PrimaryIndexSize=190
[2021.11.29-12.13.54:026][  0]LogPakFile: PakFile PathHashIndexSize=101
[2021.11.29-12.13.54:026][  0]LogPakFile: PakFile FullDirectoryIndexSize=154
[2021.11.29-12.13.54:026][  0]LogShaderLibrary: Display: ShaderCodeLibraryPakFileMountedCallback: PakFile 'G:/Epic Games/UE_4.27/FeaturePacks/TP_2DSideScroller.upack' (chunk index -1, root 'root:/') mounted
[2021.11.29-12.13.54:026][  0]LogShaderLibrary: Display: ShaderCodeLibraryPakFileMountedCallback: pending pak file info (ChunkID:-1 Root:root:/ File:G:/Epic Games/UE_4.27/FeaturePacks/TP_2DSideScroller.upack)
[2021.11.29-12.13.54:026][  0]LogPakFile: OnPakFileMounted2Time == 0.000028
[2021.11.29-12.13.54:026][  0]LogPakFile: PakFile PrimaryIndexSize=192
[2021.11.29-12.13.54:026][  0]LogPakFile: PakFile PathHashIndexSize=101
[2021.11.29-12.13.54:026][  0]LogPakFile: PakFile FullDirectoryIndexSize=158
[2021.11.29-12.13.54:026][  0]LogShaderLibrary: Display: ShaderCodeLibraryPakFileMountedCallback: PakFile 'G:/Epic Games/UE_4.27/FeaturePacks/TP_2DSideScrollerBP.upack' (chunk index -1, root 'root:/') mounted
[2021.11.29-12.13.54:026][  0]LogShaderLibrary: Display: ShaderCodeLibraryPakFileMountedCallback: pending pak file info (ChunkID:-1 Root:root:/ File:G:/Epic Games/UE_4.27/FeaturePacks/TP_2DSideScrollerBP.upack)
[2021.11.29-12.13.54:026][  0]LogPakFile: OnPakFileMounted2Time == 0.000029
[2021.11.29-12.13.54:026][  0]LogPakFile: PakFile PrimaryIndexSize=182
[2021.11.29-12.13.54:026][  0]LogPakFile: PakFile PathHashIndexSize=101
[2021.11.29-12.13.54:027][  0]LogPakFile: PakFile FullDirectoryIndexSize=138
[2021.11.29-12.13.54:027][  0]LogShaderLibrary: Display: ShaderCodeLibraryPakFileMountedCallback: PakFile 'G:/Epic Games/UE_4.27/FeaturePacks/TP_Flying.upack' (chunk index -1, root 'root:/') mounted
[2021.11.29-12.13.54:027][  0]LogShaderLibrary: Display: ShaderCodeLibraryPakFileMountedCallback: pending pak file info (ChunkID:-1 Root:root:/ File:G:/Epic Games/UE_4.27/FeaturePacks/TP_Flying.upack)
[2021.11.29-12.13.54:027][  0]LogPakFile: OnPakFileMounted2Time == 0.000027
[2021.11.29-12.13.54:027][  0]LogPakFile: PakFile PrimaryIndexSize=184
[2021.11.29-12.13.54:027][  0]LogPakFile: PakFile PathHashIndexSize=101
[2021.11.29-12.13.54:027][  0]LogPakFile: PakFile FullDirectoryIndexSize=142
[2021.11.29-12.13.54:027][  0]LogShaderLibrary: Display: ShaderCodeLibraryPakFileMountedCallback: PakFile 'G:/Epic Games/UE_4.27/FeaturePacks/TP_FlyingBP.upack' (chunk index -1, root 'root:/') mounted
[2021.11.29-12.13.54:027][  0]LogShaderLibrary: Display: ShaderCodeLibraryPakFileMountedCallback: pending pak file info (ChunkID:-1 Root:root:/ File:G:/Epic Games/UE_4.27/FeaturePacks/TP_FlyingBP.upack)
[2021.11.29-12.13.54:027][  0]LogPakFile: OnPakFileMounted2Time == 0.000030
[2021.11.29-12.13.54:027][  0]LogPakFile: PakFile PrimaryIndexSize=188
[2021.11.29-12.13.54:027][  0]LogPakFile: PakFile PathHashIndexSize=101
[2021.11.29-12.13.54:027][  0]LogPakFile: PakFile FullDirectoryIndexSize=150
[2021.11.29-12.13.54:027][  0]LogShaderLibrary: Display: ShaderCodeLibraryPakFileMountedCallback: PakFile 'G:/Epic Games/UE_4.27/FeaturePacks/TP_HandheldARBP.upack' (chunk index -1, root 'root:/') mounted
[2021.11.29-12.13.54:027][  0]LogShaderLibrary: Display: ShaderCodeLibraryPakFileMountedCallback: pending pak file info (ChunkID:-1 Root:root:/ File:G:/Epic Games/UE_4.27/FeaturePacks/TP_HandheldARBP.upack)
[2021.11.29-12.13.54:027][  0]LogPakFile: OnPakFileMounted2Time == 0.000027
[2021.11.29-12.13.54:028][  0]LogPakFile: PakFile PrimaryIndexSize=182
[2021.11.29-12.13.54:028][  0]LogPakFile: PakFile PathHashIndexSize=101
[2021.11.29-12.13.54:028][  0]LogPakFile: PakFile FullDirectoryIndexSize=138
[2021.11.29-12.13.54:028][  0]LogShaderLibrary: Display: ShaderCodeLibraryPakFileMountedCallback: PakFile 'G:/Epic Games/UE_4.27/FeaturePacks/TP_Puzzle.upack' (chunk index -1, root 'root:/') mounted
[2021.11.29-12.13.54:028][  0]LogShaderLibrary: Display: ShaderCodeLibraryPakFileMountedCallback: pending pak file info (ChunkID:-1 Root:root:/ File:G:/Epic Games/UE_4.27/FeaturePacks/TP_Puzzle.upack)
[2021.11.29-12.13.54:028][  0]LogPakFile: OnPakFileMounted2Time == 0.000030
[2021.11.29-12.13.54:028][  0]LogPakFile: PakFile PrimaryIndexSize=184
[2021.11.29-12.13.54:028][  0]LogPakFile: PakFile PathHashIndexSize=101
[2021.11.29-12.13.54:028][  0]LogPakFile: PakFile FullDirectoryIndexSize=142
[2021.11.29-12.13.54:028][  0]LogShaderLibrary: Display: ShaderCodeLibraryPakFileMountedCallback: PakFile 'G:/Epic Games/UE_4.27/FeaturePacks/TP_PuzzleBP.upack' (chunk index -1, root 'root:/') mounted
[2021.11.29-12.13.54:028][  0]LogShaderLibrary: Display: ShaderCodeLibraryPakFileMountedCallback: pending pak file info (ChunkID:-1 Root:root:/ File:G:/Epic Games/UE_4.27/FeaturePacks/TP_PuzzleBP.upack)
[2021.11.29-12.13.54:028][  0]LogPakFile: OnPakFileMounted2Time == 0.000027
[2021.11.29-12.13.54:029][  0]LogPakFile: PakFile PrimaryIndexSize=183
[2021.11.29-12.13.54:029][  0]LogPakFile: PakFile PathHashIndexSize=101
[2021.11.29-12.13.54:029][  0]LogPakFile: PakFile FullDirectoryIndexSize=140
[2021.11.29-12.13.54:029][  0]LogShaderLibrary: Display: ShaderCodeLibraryPakFileMountedCallback: PakFile 'G:/Epic Games/UE_4.27/FeaturePacks/TP_Rolling.upack' (chunk index -1, root 'root:/') mounted
[2021.11.29-12.13.54:029][  0]LogShaderLibrary: Display: ShaderCodeLibraryPakFileMountedCallback: pending pak file info (ChunkID:-1 Root:root:/ File:G:/Epic Games/UE_4.27/FeaturePacks/TP_Rolling.upack)
[2021.11.29-12.13.54:029][  0]LogPakFile: OnPakFileMounted2Time == 0.000027
[2021.11.29-12.13.54:029][  0]LogPakFile: PakFile PrimaryIndexSize=185
[2021.11.29-12.13.54:029][  0]LogPakFile: PakFile PathHashIndexSize=101
[2021.11.29-12.13.54:029][  0]LogPakFile: PakFile FullDirectoryIndexSize=144
[2021.11.29-12.13.54:029][  0]LogShaderLibrary: Display: ShaderCodeLibraryPakFileMountedCallback: PakFile 'G:/Epic Games/UE_4.27/FeaturePacks/TP_RollingBP.upack' (chunk index -1, root 'root:/') mounted
[2021.11.29-12.13.54:029][  0]LogShaderLibrary: Display: ShaderCodeLibraryPakFileMountedCallback: pending pak file info (ChunkID:-1 Root:root:/ File:G:/Epic Games/UE_4.27/FeaturePacks/TP_RollingBP.upack)
[2021.11.29-12.13.54:029][  0]LogPakFile: OnPakFileMounted2Time == 0.000027
[2021.11.29-12.13.54:030][  0]LogPakFile: PakFile PrimaryIndexSize=188
[2021.11.29-12.13.54:030][  0]LogPakFile: PakFile PathHashIndexSize=101
[2021.11.29-12.13.54:030][  0]LogPakFile: PakFile FullDirectoryIndexSize=150
[2021.11.29-12.13.54:030][  0]LogShaderLibrary: Display: ShaderCodeLibraryPakFileMountedCallback: PakFile 'G:/Epic Games/UE_4.27/FeaturePacks/TP_SideScroller.upack' (chunk index -1, root 'root:/') mounted
[2021.11.29-12.13.54:030][  0]LogShaderLibrary: Display: ShaderCodeLibraryPakFileMountedCallback: pending pak file info (ChunkID:-1 Root:root:/ File:G:/Epic Games/UE_4.27/FeaturePacks/TP_SideScroller.upack)
[2021.11.29-12.13.54:030][  0]LogPakFile: OnPakFileMounted2Time == 0.000027
[2021.11.29-12.13.54:030][  0]LogPakFile: PakFile PrimaryIndexSize=190
[2021.11.29-12.13.54:030][  0]LogPakFile: PakFile PathHashIndexSize=101
[2021.11.29-12.13.54:030][  0]LogPakFile: PakFile FullDirectoryIndexSize=154
[2021.11.29-12.13.54:030][  0]LogShaderLibrary: Display: ShaderCodeLibraryPakFileMountedCallback: PakFile 'G:/Epic Games/UE_4.27/FeaturePacks/TP_SideScrollerBP.upack' (chunk index -1, root 'root:/') mounted
[2021.11.29-12.13.54:030][  0]LogShaderLibrary: Display: ShaderCodeLibraryPakFileMountedCallback: pending pak file info (ChunkID:-1 Root:root:/ File:G:/Epic Games/UE_4.27/FeaturePacks/TP_SideScrollerBP.upack)
[2021.11.29-12.13.54:030][  0]LogPakFile: OnPakFileMounted2Time == 0.000027
[2021.11.29-12.13.54:030][  0]LogPakFile: PakFile PrimaryIndexSize=187
[2021.11.29-12.13.54:030][  0]LogPakFile: PakFile PathHashIndexSize=101
[2021.11.29-12.13.54:030][  0]LogPakFile: PakFile FullDirectoryIndexSize=148
[2021.11.29-12.13.54:030][  0]LogShaderLibrary: Display: ShaderCodeLibraryPakFileMountedCallback: PakFile 'G:/Epic Games/UE_4.27/FeaturePacks/TP_ThirdPerson.upack' (chunk index -1, root 'root:/') mounted
[2021.11.29-12.13.54:030][  0]LogShaderLibrary: Display: ShaderCodeLibraryPakFileMountedCallback: pending pak file info (ChunkID:-1 Root:root:/ File:G:/Epic Games/UE_4.27/FeaturePacks/TP_ThirdPerson.upack)
[2021.11.29-12.13.54:031][  0]LogPakFile: OnPakFileMounted2Time == 0.000030
[2021.11.29-12.13.54:031][  0]LogPakFile: PakFile PrimaryIndexSize=189
[2021.11.29-12.13.54:031][  0]LogPakFile: PakFile PathHashIndexSize=101
[2021.11.29-12.13.54:031][  0]LogPakFile: PakFile FullDirectoryIndexSize=152
[2021.11.29-12.13.54:031][  0]LogShaderLibrary: Display: ShaderCodeLibraryPakFileMountedCallback: PakFile 'G:/Epic Games/UE_4.27/FeaturePacks/TP_ThirdPersonBP.upack' (chunk index -1, root 'root:/') mounted
[2021.11.29-12.13.54:031][  0]LogShaderLibrary: Display: ShaderCodeLibraryPakFileMountedCallback: pending pak file info (ChunkID:-1 Root:root:/ File:G:/Epic Games/UE_4.27/FeaturePacks/TP_ThirdPersonBP.upack)
[2021.11.29-12.13.54:031][  0]LogPakFile: OnPakFileMounted2Time == 0.000027
[2021.11.29-12.13.54:031][  0]LogPakFile: PakFile PrimaryIndexSize=183
[2021.11.29-12.13.54:031][  0]LogPakFile: PakFile PathHashIndexSize=101
[2021.11.29-12.13.54:031][  0]LogPakFile: PakFile FullDirectoryIndexSize=140
[2021.11.29-12.13.54:031][  0]LogShaderLibrary: Display: ShaderCodeLibraryPakFileMountedCallback: PakFile 'G:/Epic Games/UE_4.27/FeaturePacks/TP_TopDown.upack' (chunk index -1, root 'root:/') mounted
[2021.11.29-12.13.54:031][  0]LogShaderLibrary: Display: ShaderCodeLibraryPakFileMountedCallback: pending pak file info (ChunkID:-1 Root:root:/ File:G:/Epic Games/UE_4.27/FeaturePacks/TP_TopDown.upack)
[2021.11.29-12.13.54:031][  0]LogPakFile: OnPakFileMounted2Time == 0.000032
[2021.11.29-12.13.54:032][  0]LogPakFile: PakFile PrimaryIndexSize=185
[2021.11.29-12.13.54:032][  0]LogPakFile: PakFile PathHashIndexSize=101
[2021.11.29-12.13.54:032][  0]LogPakFile: PakFile FullDirectoryIndexSize=144
[2021.11.29-12.13.54:032][  0]LogShaderLibrary: Display: ShaderCodeLibraryPakFileMountedCallback: PakFile 'G:/Epic Games/UE_4.27/FeaturePacks/TP_TopDownBP.upack' (chunk index -1, root 'root:/') mounted
[2021.11.29-12.13.54:032][  0]LogShaderLibrary: Display: ShaderCodeLibraryPakFileMountedCallback: pending pak file info (ChunkID:-1 Root:root:/ File:G:/Epic Games/UE_4.27/FeaturePacks/TP_TopDownBP.upack)
[2021.11.29-12.13.54:032][  0]LogPakFile: OnPakFileMounted2Time == 0.000026
[2021.11.29-12.13.54:032][  0]LogPakFile: PakFile PrimaryIndexSize=185
[2021.11.29-12.13.54:032][  0]LogPakFile: PakFile PathHashIndexSize=101
[2021.11.29-12.13.54:032][  0]LogPakFile: PakFile FullDirectoryIndexSize=144
[2021.11.29-12.13.54:032][  0]LogShaderLibrary: Display: ShaderCodeLibraryPakFileMountedCallback: PakFile 'G:/Epic Games/UE_4.27/FeaturePacks/TP_TwinStick.upack' (chunk index -1, root 'root:/') mounted
[2021.11.29-12.13.54:032][  0]LogShaderLibrary: Display: ShaderCodeLibraryPakFileMountedCallback: pending pak file info (ChunkID:-1 Root:root:/ File:G:/Epic Games/UE_4.27/FeaturePacks/TP_TwinStick.upack)
[2021.11.29-12.13.54:032][  0]LogPakFile: OnPakFileMounted2Time == 0.000031
[2021.11.29-12.13.54:033][  0]LogPakFile: PakFile PrimaryIndexSize=187
[2021.11.29-12.13.54:033][  0]LogPakFile: PakFile PathHashIndexSize=101
[2021.11.29-12.13.54:033][  0]LogPakFile: PakFile FullDirectoryIndexSize=148
[2021.11.29-12.13.54:033][  0]LogShaderLibrary: Display: ShaderCodeLibraryPakFileMountedCallback: PakFile 'G:/Epic Games/UE_4.27/FeaturePacks/TP_TwinStickBP.upack' (chunk index -1, root 'root:/') mounted
[2021.11.29-12.13.54:033][  0]LogShaderLibrary: Display: ShaderCodeLibraryPakFileMountedCallback: pending pak file info (ChunkID:-1 Root:root:/ File:G:/Epic Games/UE_4.27/FeaturePacks/TP_TwinStickBP.upack)
[2021.11.29-12.13.54:033][  0]LogPakFile: OnPakFileMounted2Time == 0.000027
[2021.11.29-12.13.54:033][  0]LogPakFile: PakFile PrimaryIndexSize=183
[2021.11.29-12.13.54:033][  0]LogPakFile: PakFile PathHashIndexSize=101
[2021.11.29-12.13.54:033][  0]LogPakFile: PakFile FullDirectoryIndexSize=140
[2021.11.29-12.13.54:033][  0]LogShaderLibrary: Display: ShaderCodeLibraryPakFileMountedCallback: PakFile 'G:/Epic Games/UE_4.27/FeaturePacks/TP_Vehicle.upack' (chunk index -1, root 'root:/') mounted
[2021.11.29-12.13.54:033][  0]LogShaderLibrary: Display: ShaderCodeLibraryPakFileMountedCallback: pending pak file info (ChunkID:-1 Root:root:/ File:G:/Epic Games/UE_4.27/FeaturePacks/TP_Vehicle.upack)
[2021.11.29-12.13.54:033][  0]LogPakFile: OnPakFileMounted2Time == 0.000029
[2021.11.29-12.13.54:033][  0]LogPakFile: PakFile PrimaryIndexSize=186
[2021.11.29-12.13.54:033][  0]LogPakFile: PakFile PathHashIndexSize=101
[2021.11.29-12.13.54:033][  0]LogPakFile: PakFile FullDirectoryIndexSize=146
[2021.11.29-12.13.54:033][  0]LogShaderLibrary: Display: ShaderCodeLibraryPakFileMountedCallback: PakFile 'G:/Epic Games/UE_4.27/FeaturePacks/TP_VehicleAdv.upack' (chunk index -1, root 'root:/') mounted
[2021.11.29-12.13.54:033][  0]LogShaderLibrary: Display: ShaderCodeLibraryPakFileMountedCallback: pending pak file info (ChunkID:-1 Root:root:/ File:G:/Epic Games/UE_4.27/FeaturePacks/TP_VehicleAdv.upack)
[2021.11.29-12.13.54:033][  0]LogPakFile: OnPakFileMounted2Time == 0.000027
[2021.11.29-12.13.54:034][  0]LogPakFile: PakFile PrimaryIndexSize=188
[2021.11.29-12.13.54:034][  0]LogPakFile: PakFile PathHashIndexSize=101
[2021.11.29-12.13.54:034][  0]LogPakFile: PakFile FullDirectoryIndexSize=150
[2021.11.29-12.13.54:034][  0]LogShaderLibrary: Display: ShaderCodeLibraryPakFileMountedCallback: PakFile 'G:/Epic Games/UE_4.27/FeaturePacks/TP_VehicleAdvBP.upack' (chunk index -1, root 'root:/') mounted
[2021.11.29-12.13.54:034][  0]LogShaderLibrary: Display: ShaderCodeLibraryPakFileMountedCallback: pending pak file info (ChunkID:-1 Root:root:/ File:G:/Epic Games/UE_4.27/FeaturePacks/TP_VehicleAdvBP.upack)
[2021.11.29-12.13.54:034][  0]LogPakFile: OnPakFileMounted2Time == 0.000029
[2021.11.29-12.13.54:034][  0]LogPakFile: PakFile PrimaryIndexSize=185
[2021.11.29-12.13.54:034][  0]LogPakFile: PakFile PathHashIndexSize=101
[2021.11.29-12.13.54:034][  0]LogPakFile: PakFile FullDirectoryIndexSize=144
[2021.11.29-12.13.54:034][  0]LogShaderLibrary: Display: ShaderCodeLibraryPakFileMountedCallback: PakFile 'G:/Epic Games/UE_4.27/FeaturePacks/TP_VehicleBP.upack' (chunk index -1, root 'root:/') mounted
[2021.11.29-12.13.54:034][  0]LogShaderLibrary: Display: ShaderCodeLibraryPakFileMountedCallback: pending pak file info (ChunkID:-1 Root:root:/ File:G:/Epic Games/UE_4.27/FeaturePacks/TP_VehicleBP.upack)
[2021.11.29-12.13.54:034][  0]LogPakFile: OnPakFileMounted2Time == 0.000027
[2021.11.29-12.13.54:035][  0]LogPakFile: PakFile PrimaryIndexSize=192
[2021.11.29-12.13.54:035][  0]LogPakFile: PakFile PathHashIndexSize=101
[2021.11.29-12.13.54:035][  0]LogPakFile: PakFile FullDirectoryIndexSize=158
[2021.11.29-12.13.54:035][  0]LogShaderLibrary: Display: ShaderCodeLibraryPakFileMountedCallback: PakFile 'G:/Epic Games/UE_4.27/FeaturePacks/TP_VirtualRealityBP.upack' (chunk index -1, root 'root:/') mounted
[2021.11.29-12.13.54:035][  0]LogShaderLibrary: Display: ShaderCodeLibraryPakFileMountedCallback: pending pak file info (ChunkID:-1 Root:root:/ File:G:/Epic Games/UE_4.27/FeaturePacks/TP_VirtualRealityBP.upack)
[2021.11.29-12.13.54:035][  0]LogPakFile: OnPakFileMounted2Time == 0.000027
[2021.11.29-12.13.54:068][  0]LogNativeClassHierarchy: Verbose: Native class hierarchy updated for 'AddContentDialog' in 0.0002 seconds. Added 0 classes and 0 folders.
[2021.11.29-12.13.54:069][  0]LogNativeClassHierarchy: Verbose: Native class hierarchy updated for 'SceneOutliner' in 0.0001 seconds. Added 2 classes and 0 folders.
[2021.11.29-12.13.54:137][  0]LogSlate: Took 0.000130 seconds to synchronously load lazily loaded font '../../../Engine/Content/Editor/Slate/Fonts/FontAwesome.ttf' (139K)
[2021.11.29-12.13.54:138][  0]LogSlate: Took 0.000116 seconds to synchronously load lazily loaded font '../../../Engine/Content/Slate/Fonts/Roboto-Bold.ttf' (160K)
[2021.11.29-12.13.54:185][  0]LogRenderer: Reallocating scene render targets to support 1516x1004 Format 10 NumSamples 1 (Frame:1).
[2021.11.29-12.13.54:384][  0]LogNativeClassHierarchy: Verbose: Native class hierarchy updated for 'HierarchicalLODOutliner' in 0.0003 seconds. Added 0 classes and 0 folders.
[2021.11.29-12.13.54:384][  0]LogLoad: (Engine Initialization) Total time: 9.45 seconds
[2021.11.29-12.13.54:384][  0]LogLoad: (Engine Initialization) Total Blueprint compile time: 0.00 seconds
[2021.11.29-12.13.54:420][  0]LogAssetRegistry: Asset discovery search completed in 7.0296 seconds
[2021.11.29-12.13.54:425][  0]LogCollectionManager: Fixed up redirectors for 0 collections in 0.000003 seconds (updated 0 objects)
[2021.11.29-12.13.54:425][  0]LogContentStreaming: Texture pool size now 1000 MB
[2021.11.29-12.13.55:401][111]LogSlate: Took 0.000144 seconds to synchronously load lazily loaded font '../../../Engine/Content/Slate/Fonts/Roboto-Light.ttf' (167K)
[2021.11.29-12.14.15:342][915]LogUObjectHash: Compacting FUObjectHashTables data took   0.71ms
[2021.11.29-12.14.15:365][915]LogSlate: Window 'FinalProject - Unreal Editor' being destroyed
[2021.11.29-12.14.15:459][916]Cmd: QUIT_EDITOR
[2021.11.29-12.14.15:459][916]LogCore: Engine exit requested (reason: UUnrealEdEngine::CloseEditor())
[2021.11.29-12.14.15:461][916]LogCore: Engine exit requested (reason: EngineExit() was called; note: exit was already requested)
[2021.11.29-12.14.15:462][916]LogAudio: Display: Beginning Audio Device Manager Shutdown (Module: AudioMixerXAudio2)...
[2021.11.29-12.14.15:462][916]LogAudio: Display: Destroying 1 Remaining Audio Device(s)...
[2021.11.29-12.14.15:462][916]LogAudio: Display: Audio Device unregistered from world 'FirstPersonExampleMap'.
[2021.11.29-12.14.15:462][916]LogAudioMixer: FMixerPlatformXAudio2::StopAudioStream() called
[2021.11.29-12.14.15:463][916]LogAudioMixer: FMixerPlatformXAudio2::StopAudioStream() called
[2021.11.29-12.14.15:468][916]LogAudio: Display: Audio Device Manager Shutdown
[2021.11.29-12.14.15:471][916]LogExit: Preparing to exit.
