Log file open, 11/29/21 11:26:28
LogWindows: Failed to load 'aqProf.dll' (GetLastError=126)
LogWindows: File 'aqProf.dll' does not exist
LogWindows: Failed to load 'VtuneApi.dll' (GetLastError=126)
LogWindows: File 'VtuneApi.dll' does not exist
LogWindows: Failed to load 'VtuneApi32e.dll' (GetLastError=126)
LogWindows: File 'VtuneApi32e.dll' does not exist
LogConsoleResponse: Display: Failed to find resolution value strings in scalability ini. Falling back to default.
LogConsoleResponse: Display: Failed to find resolution value strings in scalability ini. Falling back to default.
LogInit: Display: Running engine for game: FinalProject
LogPlatformFile: Not using cached read wrapper
LogTaskGraph: Started task graph with 5 named threads and 35 total threads with 3 sets of task threads.
LogStats: Stats thread started at 0.212332
LogICUInternationalization: ICU TimeZone Detection - Raw Offset: +3:00, Platform Override: ''
LogInit: Display: Loading text-based GConfig....
LogPluginManager: Mounting plugin MeshPainting
LogPluginManager: Mounting plugin XGEController
LogPluginManager: Mounting plugin AISupport
LogPluginManager: Mounting plugin Paper2D
LogPluginManager: Mounting plugin EnvironmentQueryEditor
LogPluginManager: Mounting plugin LightPropagationVolume
LogPluginManager: Mounting plugin LiveLink
LogPluginManager: Mounting plugin GameplayCameras
LogPluginManager: Mounting plugin CameraShakePreviewer
LogPluginManager: Mounting plugin AssetManagerEditor
LogPluginManager: Mounting plugin CryptoKeys
LogPluginManager: Mounting plugin DataValidation
LogPluginManager: Mounting plugin AnimationSharing
LogPluginManager: Mounting plugin CurveEditorTools
LogPluginManager: Mounting plugin CLionSourceCodeAccess
LogPluginManager: Mounting plugin GameplayTagsEditor
LogPluginManager: Mounting plugin FacialAnimation
LogPluginManager: Mounting plugin GeometryMode
LogPluginManager: Mounting plugin MacGraphicsSwitching
LogPluginManager: Mounting plugin MobileLauncherProfileWizard
LogPluginManager: Mounting plugin MaterialAnalyzer
LogPluginManager: Mounting plugin CodeLiteSourceCodeAccess
LogPluginManager: Mounting plugin PluginBrowser
LogPluginManager: Mounting plugin KDevelopSourceCodeAccess
LogPluginManager: Mounting plugin GitSourceControl
LogPluginManager: Mounting plugin NullSourceCodeAccess
LogPluginManager: Mounting plugin PerforceSourceControl
LogPluginManager: Mounting plugin SpeedTreeImporter
LogPluginManager: Mounting plugin PluginUtils
LogPluginManager: Mounting plugin PropertyAccessNode
LogPluginManager: Mounting plugin PixWinPlugin
LogPluginManager: Mounting plugin RiderSourceCodeAccess
LogPluginManager: Mounting plugin UObjectPlugin
LogPluginManager: Mounting plugin TextureFormatOodle
LogPluginManager: Mounting plugin VisualStudioCodeSourceCodeAccess
LogPluginManager: Mounting plugin VisualStudioSourceCodeAccess
LogPluginManager: Mounting plugin PlasticSourceControl
LogPluginManager: Mounting plugin XCodeSourceCodeAccess
LogPluginManager: Mounting plugin SubversionSourceControl
LogPluginManager: Mounting plugin DatasmithContent
LogPluginManager: Mounting plugin VariantManagerContent
LogPluginManager: Mounting plugin AlembicImporter
LogPluginManager: Mounting plugin AutomationUtils
LogPluginManager: Mounting plugin BackChannel
LogPluginManager: Mounting plugin ChaosCloth
LogPluginManager: Mounting plugin ChaosNiagara
LogPluginManager: Mounting plugin ChaosClothEditor
LogPluginManager: Mounting plugin ChaosSolverPlugin
LogPluginManager: Mounting plugin ChaosEditor
LogPluginManager: Mounting plugin CharacterAI
LogPluginManager: Mounting plugin GeometryCache
LogPluginManager: Mounting plugin GeometryCollectionPlugin
LogPluginManager: Mounting plugin GeometryProcessing
LogPluginManager: Mounting plugin Niagara
LogPluginManager: Mounting plugin MotoSynth
LogPluginManager: Mounting plugin PlanarCut
LogPluginManager: Mounting plugin OpenImageDenoise
LogPluginManager: Mounting plugin PlatformCrypto
LogPluginManager: Mounting plugin ProxyLODPlugin
LogPluginManager: Mounting plugin PythonScriptPlugin
LogPluginManager: Mounting plugin SkeletalReduction
LogPluginManager: Mounting plugin LuminPlatformFeatures
LogPluginManager: Mounting plugin MagicLeap
LogPluginManager: Mounting plugin MagicLeapMedia
LogPluginManager: Mounting plugin MagicLeapLightEstimation
LogPluginManager: Mounting plugin MLSDK
LogPluginManager: Mounting plugin MagicLeapPassableWorld
LogPluginManager: Mounting plugin AndroidMedia
LogPluginManager: Mounting plugin AvfMedia
LogPluginManager: Mounting plugin ImgMedia
LogPluginManager: Mounting plugin MediaCompositing
LogPluginManager: Mounting plugin MediaPlayerEditor
LogPluginManager: Mounting plugin WebMMedia
LogPluginManager: Mounting plugin WmfMedia
LogPluginManager: Mounting plugin TcpMessaging
LogPluginManager: Mounting plugin ActorSequence
LogPluginManager: Mounting plugin LevelSequenceEditor
LogPluginManager: Mounting plugin UdpMessaging
LogPluginManager: Mounting plugin MatineeToLevelSequence
LogPluginManager: Mounting plugin TemplateSequence
LogPluginManager: Mounting plugin OnlineSubsystem
LogPluginManager: Mounting plugin OnlineSubsystemNull
LogPluginManager: Mounting plugin OnlineSubsystemUtils
LogPluginManager: Mounting plugin LauncherChunkInstaller
LogPluginManager: Mounting plugin ActorLayerUtilities
LogPluginManager: Mounting plugin AndroidDeviceProfileSelector
LogPluginManager: Mounting plugin AndroidMoviePlayer
LogPluginManager: Mounting plugin AndroidPermission
LogPluginManager: Mounting plugin AppleImageUtils
LogPluginManager: Mounting plugin AppleMoviePlayer
LogPluginManager: Mounting plugin AudioCapture
LogPluginManager: Mounting plugin AudioSynesthesia
LogPluginManager: Mounting plugin ArchVisCharacter
LogPluginManager: Mounting plugin AssetTags
LogPluginManager: Mounting plugin ChunkDownloader
LogPluginManager: Mounting plugin CustomMeshComponent
LogPluginManager: Mounting plugin CableComponent
LogPluginManager: Mounting plugin EditableMesh
LogPluginManager: Mounting plugin GoogleCloudMessaging
LogPluginManager: Mounting plugin ExampleDeviceProfileSelector
LogPluginManager: Mounting plugin GooglePAD
LogPluginManager: Mounting plugin IOSDeviceProfileSelector
LogPluginManager: Mounting plugin LinuxDeviceProfileSelector
LogPluginManager: Mounting plugin LocationServicesBPLibrary
LogPluginManager: Mounting plugin MobilePatchingUtils
LogPluginManager: Mounting plugin OpenXR
LogPluginManager: Mounting plugin OpenXREyeTracker
LogPluginManager: Mounting plugin OpenXRHandTracking
LogPluginManager: Mounting plugin PostSplashScreen
LogPluginManager: Mounting plugin PhysXVehicles
LogPluginManager: Mounting plugin ProceduralMeshComponent
LogPluginManager: Mounting plugin PropertyAccessEditor
LogPluginManager: Mounting plugin RuntimePhysXCooking
LogPluginManager: Mounting plugin SignificanceManager
LogPluginManager: Mounting plugin SoundFields
LogPluginManager: Mounting plugin Synthesis
LogPluginManager: Mounting plugin WebMMoviePlayer
LogPluginManager: Mounting plugin WindowsMoviePlayer
LogPluginManager: Mounting plugin ScreenshotTools
LogPluginManager: Mounting plugin Takes
LogPluginManager: Mounting plugin OodleData
LogPluginManager: Mounting plugin OodleNetwork
LogPluginManager: Mounting plugin ContentBrowserAssetDataSource
LogPluginManager: Mounting plugin ContentBrowserClassDataSource
LogPluginManager: Mounting plugin ContentBrowserFileDataSource
LogPluginManager: Mounting plugin OnlineSubsystemGooglePlay
LogPluginManager: Mounting plugin OnlineSubsystemIOS
LogPluginManager: Mounting plugin OculusVR
LogPluginManager: Mounting plugin SteamVR
PixWinPlugin: PIX capture plugin failed to initialize! Check that the process is launched from PIX.
LogInit: Using libcurl 7.55.1-DEV
LogInit:  - built for x86_64-pc-win32
LogInit:  - supports SSL with OpenSSL/1.1.1
LogInit:  - supports HTTP deflate (compression) using libz 1.2.8
LogInit:  - other features:
LogInit:      CURL_VERSION_SSL
LogInit:      CURL_VERSION_LIBZ
LogInit:      CURL_VERSION_IPV6
LogInit:      CURL_VERSION_ASYNCHDNS
LogInit:      CURL_VERSION_LARGEFILE
LogInit:      CURL_VERSION_IDN
LogInit:  CurlRequestOptions (configurable via config and command line):
LogInit:  - bVerifyPeer = true  - Libcurl will verify peer certificate
LogInit:  - bUseHttpProxy = false  - Libcurl will NOT use HTTP proxy
LogInit:  - bDontReuseConnections = false  - Libcurl will reuse connections
LogInit:  - MaxHostConnections = 16  - Libcurl will limit the number of connections to a host
LogInit:  - LocalHostAddr = Default
LogInit:  - BufferSize = 65536
LogOnline: OSS: Creating online subsystem instance for: NULL
LogInit: WinSock: version 1.1 (2.2), MaxSocks=32767, MaxUdp=65467
LogOnline: OSS: TryLoadSubsystemAndSetDefault: Loaded subsystem for module [NULL]
LogOculusPluginWrapper: OculusPlugin initialized successfully
LogHMD: Failed initializing OVRPlugin 1.59.0
LogInit: Build: ++UE4+Release-4.27-CL-17735300
LogInit: Engine Version: 4.27.1-17735300+++UE4+Release-4.27
LogInit: Compatible Engine Version: 4.27.0-17155196+++UE4+Release-4.27
LogInit: Net CL: 17155196
LogInit: OS: Windows 10 (Release 2009) (), CPU: AMD Ryzen 5 3600 6-Core Processor              , GPU: NVIDIA GeForce RTX 2080 SUPER
LogInit: Compiled (64-bit): Oct  6 2021 14:42:51
LogInit: Compiled with Visual C++: 19.24.28315.00
LogInit: Build Configuration: Development
LogInit: Branch Name: ++UE4+Release-4.27
LogInit: Command Line: 
LogInit: Base Directory: G:/Epic Games/UE_4.27/Engine/Binaries/Win64/
LogInit: Allocator: TBB
LogInit: Installed Engine Build: 1
LogDevObjectVersion: Number of dev versions registered: 29
LogDevObjectVersion:   Dev-Blueprints (B0D832E4-1F89-4F0D-ACCF-7EB736FD4AA2): 10
LogDevObjectVersion:   Dev-Build (E1C64328-A22C-4D53-A36C-8E866417BD8C): 0
LogDevObjectVersion:   Dev-Core (375EC13C-06E4-48FB-B500-84F0262A717E): 4
LogDevObjectVersion:   Dev-Editor (E4B068ED-F494-42E9-A231-DA0B2E46BB41): 40
LogDevObjectVersion:   Dev-Framework (CFFC743F-43B0-4480-9391-14DF171D2073): 37
LogDevObjectVersion:   Dev-Mobile (B02B49B5-BB20-44E9-A304-32B752E40360): 3
LogDevObjectVersion:   Dev-Networking (A4E4105C-59A1-49B5-A7C5-40C4547EDFEE): 0
LogDevObjectVersion:   Dev-Online (39C831C9-5AE6-47DC-9A44-9C173E1C8E7C): 0
LogDevObjectVersion:   Dev-Physics (78F01B33-EBEA-4F98-B9B4-84EACCB95AA2): 14
LogDevObjectVersion:   Dev-Platform (6631380F-2D4D-43E0-8009-CF276956A95A): 0
LogDevObjectVersion:   Dev-Rendering (12F88B9F-8875-4AFC-A67C-D90C383ABD29): 45
LogDevObjectVersion:   Dev-Sequencer (7B5AE74C-D270-4C10-A958-57980B212A5A): 13
LogDevObjectVersion:   Dev-VR (D7296918-1DD6-4BDD-9DE2-64A83CC13884): 3
LogDevObjectVersion:   Dev-LoadTimes (C2A15278-BFE7-4AFE-6C17-90FF531DF755): 1
LogDevObjectVersion:   Private-Geometry (6EACA3D4-40EC-4CC1-B786-8BED09428FC5): 3
LogDevObjectVersion:   Dev-AnimPhys (29E575DD-E0A3-4627-9D10-D276232CDCEA): 17
LogDevObjectVersion:   Dev-Anim (AF43A65D-7FD3-4947-9873-3E8ED9C1BB05): 15
LogDevObjectVersion:   Dev-ReflectionCapture (6B266CEC-1EC7-4B8F-A30B-E4D90942FC07): 1
LogDevObjectVersion:   Dev-Automation (0DF73D61-A23F-47EA-B727-89E90C41499A): 1
LogDevObjectVersion:   FortniteMain (601D1886-AC64-4F84-AA16-D3DE0DEAC7D6): 47
LogDevObjectVersion:   FortniteRelease (E7086368-6B23-4C58-8439-1B7016265E91): 1
LogDevObjectVersion:   Dev-Enterprise (9DFFBCD6-494F-0158-E221-12823C92A888): 10
LogDevObjectVersion:   Dev-Niagara (F2AED0AC-9AFE-416F-8664-AA7FFA26D6FC): 1
LogDevObjectVersion:   Dev-Destruction (174F1F0B-B4C6-45A5-B13F-2EE8D0FB917D): 10
LogDevObjectVersion:   Dev-Physics-Ext (35F94A83-E258-406C-A318-09F59610247C): 41
LogDevObjectVersion:   Dev-PhysicsMaterial-Chaos (B68FC16E-8B1B-42E2-B453-215C058844FE): 1
LogDevObjectVersion:   Dev-CineCamera (B2E18506-4273-CFC2-A54E-F4BB758BBA07): 1
LogDevObjectVersion:   Dev-VirtualProduction (64F58936-FD1B-42BA-BA96-7289D5D0FA4E): 1
LogDevObjectVersion:   Dev-MediaFramework (6F0ED827-A609-4895-9C91-998D90180EA4): 2
LogInit: Presizing for max 25165824 objects, including 0 objects not considered by GC, pre-allocating 0 bytes for permanent pool.
LogConfig: Applying CVar settings from Section [/Script/Engine.StreamingSettings] File [C:/Users/gokay/Desktop/Final Project/UE4/FinalProject/Saved/Config/Windows/Engine.ini]
LogConfig: Setting CVar [[s.MinBulkDataSizeForAsyncLoading:131072]]
LogConfig: Setting CVar [[s.AsyncLoadingThreadEnabled:0]]
LogConfig: Setting CVar [[s.EventDrivenLoaderEnabled:1]]
LogConfig: Setting CVar [[s.WarnIfTimeLimitExceeded:0]]
LogConfig: Setting CVar [[s.TimeLimitExceededMultiplier:1.5]]
LogConfig: Setting CVar [[s.TimeLimitExceededMinTime:0.005]]
LogConfig: Setting CVar [[s.UseBackgroundLevelStreaming:1]]
LogConfig: Setting CVar [[s.PriorityAsyncLoadingExtraTime:15.0]]
LogConfig: Setting CVar [[s.LevelStreamingActorsUpdateTimeLimit:5.0]]
LogConfig: Setting CVar [[s.PriorityLevelStreamingActorsUpdateExtraTime:5.0]]
LogConfig: Setting CVar [[s.LevelStreamingComponentsRegistrationGranularity:10]]
LogConfig: Setting CVar [[s.UnregisterComponentsTimeLimit:1.0]]
LogConfig: Setting CVar [[s.LevelStreamingComponentsUnregistrationGranularity:5]]
LogConfig: Setting CVar [[s.FlushStreamingOnExit:1]]
LogInit: Object subsystem initialized
LogConfig: Setting CVar [[con.DebugEarlyDefault:1]]
LogConfig: Setting CVar [[r.setres:1280x720]]
[2021.11.29-08.26.28:422][  0]LogConfig: Setting CVar [[r.VSync:0]]
[2021.11.29-08.26.28:422][  0]LogConfig: Setting CVar [[r.RHICmdBypass:0]]
[2021.11.29-08.26.28:422][  0]LogConfig: Applying CVar settings from Section [/Script/Engine.RendererSettings] File [C:/Users/gokay/Desktop/Final Project/UE4/FinalProject/Saved/Config/Windows/Engine.ini]
[2021.11.29-08.26.28:422][  0]LogConfig: Setting CVar [[r.GPUCrashDebugging:0]]
[2021.11.29-08.26.28:422][  0]LogConfig: Applying CVar settings from Section [/Script/Engine.RendererOverrideSettings] File [C:/Users/gokay/Desktop/Final Project/UE4/FinalProject/Saved/Config/Windows/Engine.ini]
[2021.11.29-08.26.28:422][  0]LogConfig: Applying CVar settings from Section [/Script/Engine.StreamingSettings] File [C:/Users/gokay/Desktop/Final Project/UE4/FinalProject/Saved/Config/Windows/Engine.ini]
[2021.11.29-08.26.28:422][  0]LogConfig: Setting CVar [[s.MinBulkDataSizeForAsyncLoading:131072]]
[2021.11.29-08.26.28:422][  0]LogConfig: Setting CVar [[s.AsyncLoadingThreadEnabled:0]]
[2021.11.29-08.26.28:422][  0]LogConfig: Setting CVar [[s.EventDrivenLoaderEnabled:1]]
[2021.11.29-08.26.28:422][  0]LogConfig: Setting CVar [[s.WarnIfTimeLimitExceeded:0]]
[2021.11.29-08.26.28:422][  0]LogConfig: Setting CVar [[s.TimeLimitExceededMultiplier:1.5]]
[2021.11.29-08.26.28:422][  0]LogConfig: Setting CVar [[s.TimeLimitExceededMinTime:0.005]]
[2021.11.29-08.26.28:422][  0]LogConfig: Setting CVar [[s.UseBackgroundLevelStreaming:1]]
[2021.11.29-08.26.28:422][  0]LogConfig: Setting CVar [[s.PriorityAsyncLoadingExtraTime:15.0]]
[2021.11.29-08.26.28:422][  0]LogConfig: Setting CVar [[s.LevelStreamingActorsUpdateTimeLimit:5.0]]
[2021.11.29-08.26.28:422][  0]LogConfig: Setting CVar [[s.PriorityLevelStreamingActorsUpdateExtraTime:5.0]]
[2021.11.29-08.26.28:422][  0]LogConfig: Setting CVar [[s.LevelStreamingComponentsRegistrationGranularity:10]]
[2021.11.29-08.26.28:422][  0]LogConfig: Setting CVar [[s.UnregisterComponentsTimeLimit:1.0]]
[2021.11.29-08.26.28:422][  0]LogConfig: Setting CVar [[s.LevelStreamingComponentsUnregistrationGranularity:5]]
[2021.11.29-08.26.28:422][  0]LogConfig: Setting CVar [[s.FlushStreamingOnExit:1]]
[2021.11.29-08.26.28:422][  0]LogConfig: Applying CVar settings from Section [/Script/Engine.GarbageCollectionSettings] File [C:/Users/gokay/Desktop/Final Project/UE4/FinalProject/Saved/Config/Windows/Engine.ini]
[2021.11.29-08.26.28:422][  0]LogConfig: Setting CVar [[gc.MaxObjectsNotConsideredByGC:1]]
[2021.11.29-08.26.28:422][  0]LogConfig: Setting CVar [[gc.SizeOfPermanentObjectPool:0]]
[2021.11.29-08.26.28:422][  0]LogConfig: Setting CVar [[gc.FlushStreamingOnGC:0]]
[2021.11.29-08.26.28:422][  0]LogConfig: Setting CVar [[gc.NumRetriesBeforeForcingGC:10]]
[2021.11.29-08.26.28:422][  0]LogConfig: Setting CVar [[gc.AllowParallelGC:1]]
[2021.11.29-08.26.28:422][  0]LogConfig: Setting CVar [[gc.TimeBetweenPurgingPendingKillObjects:61.1]]
[2021.11.29-08.26.28:422][  0]LogConfig: Setting CVar [[gc.MaxObjectsInEditor:25165824]]
[2021.11.29-08.26.28:422][  0]LogConfig: Setting CVar [[gc.IncrementalBeginDestroyEnabled:1]]
[2021.11.29-08.26.28:422][  0]LogConfig: Setting CVar [[gc.CreateGCClusters:1]]
[2021.11.29-08.26.28:422][  0]LogConfig: Setting CVar [[gc.MinGCClusterSize:5]]
[2021.11.29-08.26.28:422][  0]LogConfig: Setting CVar [[gc.ActorClusteringEnabled:0]]
[2021.11.29-08.26.28:422][  0]LogConfig: Setting CVar [[gc.BlueprintClusteringEnabled:0]]
[2021.11.29-08.26.28:422][  0]LogConfig: Setting CVar [[gc.UseDisregardForGCOnDedicatedServers:0]]
[2021.11.29-08.26.28:422][  0]LogConfig: Setting CVar [[gc.MultithreadedDestructionEnabled:1]]
[2021.11.29-08.26.28:422][  0]LogConfig: Applying CVar settings from Section [/Script/Engine.NetworkSettings] File [C:/Users/gokay/Desktop/Final Project/UE4/FinalProject/Saved/Config/Windows/Engine.ini]
[2021.11.29-08.26.28:422][  0]LogConfig: Applying CVar settings from Section [/Script/UnrealEd.CookerSettings] File [C:/Users/gokay/Desktop/Final Project/UE4/FinalProject/Saved/Config/Windows/Engine.ini]
[2021.11.29-08.26.28:438][  0]LogConfig: Applying CVar settings from Section [ViewDistanceQuality@3] File [C:/Users/gokay/Desktop/Final Project/UE4/FinalProject/Saved/Config/Windows/Scalability.ini]
[2021.11.29-08.26.28:438][  0]LogConfig: Setting CVar [[r.SkeletalMeshLODBias:0]]
[2021.11.29-08.26.28:438][  0]LogConfig: Setting CVar [[r.ViewDistanceScale:1.0]]
[2021.11.29-08.26.28:438][  0]LogConfig: Applying CVar settings from Section [AntiAliasingQuality@3] File [C:/Users/gokay/Desktop/Final Project/UE4/FinalProject/Saved/Config/Windows/Scalability.ini]
[2021.11.29-08.26.28:438][  0]LogConfig: Setting CVar [[r.PostProcessAAQuality:4]]
[2021.11.29-08.26.28:438][  0]LogConfig: Applying CVar settings from Section [ShadowQuality@3] File [C:/Users/gokay/Desktop/Final Project/UE4/FinalProject/Saved/Config/Windows/Scalability.ini]
[2021.11.29-08.26.28:438][  0]LogConfig: Setting CVar [[r.LightFunctionQuality:1]]
[2021.11.29-08.26.28:438][  0]LogConfig: Setting CVar [[r.ShadowQuality:5]]
[2021.11.29-08.26.28:438][  0]LogConfig: Setting CVar [[r.Shadow.CSM.MaxCascades:10]]
[2021.11.29-08.26.28:438][  0]LogConfig: Setting CVar [[r.Shadow.MaxResolution:2048]]
[2021.11.29-08.26.28:438][  0]LogConfig: Setting CVar [[r.Shadow.MaxCSMResolution:2048]]
[2021.11.29-08.26.28:438][  0]LogConfig: Setting CVar [[r.Shadow.RadiusThreshold:0.01]]
[2021.11.29-08.26.28:438][  0]LogConfig: Setting CVar [[r.Shadow.DistanceScale:1.0]]
[2021.11.29-08.26.28:438][  0]LogConfig: Setting CVar [[r.Shadow.CSM.TransitionScale:1.0]]
[2021.11.29-08.26.28:438][  0]LogConfig: Setting CVar [[r.Shadow.PreShadowResolutionFactor:1.0]]
[2021.11.29-08.26.28:438][  0]LogConfig: Setting CVar [[r.DistanceFieldShadowing:1]]
[2021.11.29-08.26.28:438][  0]LogConfig: Setting CVar [[r.DistanceFieldAO:1]]
[2021.11.29-08.26.28:438][  0]LogConfig: Setting CVar [[r.AOQuality:2]]
[2021.11.29-08.26.28:438][  0]LogConfig: Setting CVar [[r.VolumetricFog:1]]
[2021.11.29-08.26.28:438][  0]LogConfig: Setting CVar [[r.VolumetricFog.GridPixelSize:8]]
[2021.11.29-08.26.28:438][  0]LogConfig: Setting CVar [[r.VolumetricFog.GridSizeZ:128]]
[2021.11.29-08.26.28:438][  0]LogConfig: Setting CVar [[r.VolumetricFog.HistoryMissSupersampleCount:4]]
[2021.11.29-08.26.28:438][  0]LogConfig: Setting CVar [[r.LightMaxDrawDistanceScale:1]]
[2021.11.29-08.26.28:438][  0]LogConfig: Setting CVar [[r.CapsuleShadows:1]]
[2021.11.29-08.26.28:438][  0]LogConfig: Applying CVar settings from Section [PostProcessQuality@3] File [C:/Users/gokay/Desktop/Final Project/UE4/FinalProject/Saved/Config/Windows/Scalability.ini]
[2021.11.29-08.26.28:438][  0]LogConfig: Setting CVar [[r.MotionBlurQuality:4]]
[2021.11.29-08.26.28:438][  0]LogConfig: Setting CVar [[r.AmbientOcclusionMipLevelFactor:0.4]]
[2021.11.29-08.26.28:438][  0]LogConfig: Setting CVar [[r.AmbientOcclusionMaxQuality:100]]
[2021.11.29-08.26.28:438][  0]LogConfig: Setting CVar [[r.AmbientOcclusionLevels:-1]]
[2021.11.29-08.26.28:439][  0]LogConfig: Setting CVar [[r.AmbientOcclusionRadiusScale:1.0]]
[2021.11.29-08.26.28:439][  0]LogConfig: Setting CVar [[r.DepthOfFieldQuality:2]]
[2021.11.29-08.26.28:439][  0]LogConfig: Setting CVar [[r.RenderTargetPoolMin:400]]
[2021.11.29-08.26.28:439][  0]LogConfig: Setting CVar [[r.LensFlareQuality:2]]
[2021.11.29-08.26.28:439][  0]LogConfig: Setting CVar [[r.SceneColorFringeQuality:1]]
[2021.11.29-08.26.28:439][  0]LogConfig: Setting CVar [[r.EyeAdaptationQuality:2]]
[2021.11.29-08.26.28:439][  0]LogConfig: Setting CVar [[r.BloomQuality:5]]
[2021.11.29-08.26.28:439][  0]LogConfig: Setting CVar [[r.FastBlurThreshold:100]]
[2021.11.29-08.26.28:439][  0]LogConfig: Setting CVar [[r.Upscale.Quality:3]]
[2021.11.29-08.26.28:439][  0]LogConfig: Setting CVar [[r.Tonemapper.GrainQuantization:1]]
[2021.11.29-08.26.28:439][  0]LogConfig: Setting CVar [[r.LightShaftQuality:1]]
[2021.11.29-08.26.28:439][  0]LogConfig: Setting CVar [[r.Filter.SizeScale:1]]
[2021.11.29-08.26.28:439][  0]LogConfig: Setting CVar [[r.Tonemapper.Quality:5]]
[2021.11.29-08.26.28:439][  0]LogConfig: Setting CVar [[r.DOF.Gather.AccumulatorQuality:1        ; higher gathering accumulator quality]]
[2021.11.29-08.26.28:439][  0]LogConfig: Setting CVar [[r.DOF.Gather.PostfilterMethod:1          ; Median3x3 postfilering method]]
[2021.11.29-08.26.28:439][  0]LogConfig: Setting CVar [[r.DOF.Gather.EnableBokehSettings:0       ; no bokeh simulation when gathering]]
[2021.11.29-08.26.28:439][  0]LogConfig: Setting CVar [[r.DOF.Gather.RingCount:4                 ; medium number of samples when gathering]]
[2021.11.29-08.26.28:439][  0]LogConfig: Setting CVar [[r.DOF.Scatter.ForegroundCompositing:1    ; additive foreground scattering]]
[2021.11.29-08.26.28:439][  0]LogConfig: Setting CVar [[r.DOF.Scatter.BackgroundCompositing:2    ; additive background scattering]]
[2021.11.29-08.26.28:439][  0]LogConfig: Setting CVar [[r.DOF.Scatter.EnableBokehSettings:1      ; bokeh simulation when scattering]]
[2021.11.29-08.26.28:439][  0]LogConfig: Setting CVar [[r.DOF.Scatter.MaxSpriteRatio:0.1         ; only a maximum of 10% of scattered bokeh]]
[2021.11.29-08.26.28:439][  0]LogConfig: Setting CVar [[r.DOF.Recombine.Quality:1                ; cheap slight out of focus]]
[2021.11.29-08.26.28:439][  0]LogConfig: Setting CVar [[r.DOF.Recombine.EnableBokehSettings:0    ; no bokeh simulation on slight out of focus]]
[2021.11.29-08.26.28:439][  0]LogConfig: Setting CVar [[r.DOF.TemporalAAQuality:1                ; more stable temporal accumulation]]
[2021.11.29-08.26.28:439][  0]LogConfig: Setting CVar [[r.DOF.Kernel.MaxForegroundRadius:0.025]]
[2021.11.29-08.26.28:439][  0]LogConfig: Setting CVar [[r.DOF.Kernel.MaxBackgroundRadius:0.025]]
[2021.11.29-08.26.28:439][  0]LogConfig: Applying CVar settings from Section [TextureQuality@3] File [C:/Users/gokay/Desktop/Final Project/UE4/FinalProject/Saved/Config/Windows/Scalability.ini]
[2021.11.29-08.26.28:439][  0]LogConfig: Setting CVar [[r.Streaming.MipBias:0]]
[2021.11.29-08.26.28:439][  0]LogConfig: Setting CVar [[r.Streaming.AmortizeCPUToGPUCopy:0]]
[2021.11.29-08.26.28:439][  0]LogConfig: Setting CVar [[r.Streaming.MaxNumTexturesToStreamPerFrame:0]]
[2021.11.29-08.26.28:439][  0]LogConfig: Setting CVar [[r.Streaming.Boost:1]]
[2021.11.29-08.26.28:439][  0]LogConfig: Setting CVar [[r.MaxAnisotropy:8]]
[2021.11.29-08.26.28:439][  0]LogConfig: Setting CVar [[r.VT.MaxAnisotropy:8]]
[2021.11.29-08.26.28:439][  0]LogConfig: Setting CVar [[r.Streaming.LimitPoolSizeToVRAM:0]]
[2021.11.29-08.26.28:439][  0]LogConfig: Setting CVar [[r.Streaming.PoolSize:1000]]
[2021.11.29-08.26.28:439][  0]LogConfig: Setting CVar [[r.Streaming.MaxEffectiveScreenSize:0]]
[2021.11.29-08.26.28:439][  0]LogConfig: Applying CVar settings from Section [EffectsQuality@3] File [C:/Users/gokay/Desktop/Final Project/UE4/FinalProject/Saved/Config/Windows/Scalability.ini]
[2021.11.29-08.26.28:439][  0]LogConfig: Setting CVar [[r.TranslucencyLightingVolumeDim:64]]
[2021.11.29-08.26.28:439][  0]LogConfig: Setting CVar [[r.RefractionQuality:2]]
[2021.11.29-08.26.28:439][  0]LogConfig: Setting CVar [[r.SSR.Quality:3]]
[2021.11.29-08.26.28:439][  0]LogConfig: Setting CVar [[r.SSR.HalfResSceneColor:0]]
[2021.11.29-08.26.28:439][  0]LogConfig: Setting CVar [[r.SceneColorFormat:4]]
[2021.11.29-08.26.28:439][  0]LogConfig: Setting CVar [[r.DetailMode:2]]
[2021.11.29-08.26.28:439][  0]LogConfig: Setting CVar [[r.TranslucencyVolumeBlur:1]]
[2021.11.29-08.26.28:439][  0]LogConfig: Setting CVar [[r.MaterialQualityLevel:1 ; High quality]]
[2021.11.29-08.26.28:439][  0]LogConfig: Setting CVar [[r.AnisotropicMaterials:1]]
[2021.11.29-08.26.28:439][  0]LogConfig: Setting CVar [[r.SSS.Scale:1]]
[2021.11.29-08.26.28:439][  0]LogConfig: Setting CVar [[r.SSS.SampleSet:2]]
[2021.11.29-08.26.28:439][  0]LogConfig: Setting CVar [[r.SSS.Quality:1]]
[2021.11.29-08.26.28:439][  0]LogConfig: Setting CVar [[r.SSS.HalfRes:0]]
[2021.11.29-08.26.28:439][  0]LogConfig: Setting CVar [[r.SSGI.Quality:3]]
[2021.11.29-08.26.28:439][  0]LogConfig: Setting CVar [[r.EmitterSpawnRateScale:1.0]]
[2021.11.29-08.26.28:439][  0]LogConfig: Setting CVar [[r.ParticleLightQuality:2]]
[2021.11.29-08.26.28:439][  0]LogConfig: Setting CVar [[r.SkyAtmosphere.AerialPerspectiveLUT.FastApplyOnOpaque:1 ; Always have FastSkyLUT 1 in this case to avoid wrong sky]]
[2021.11.29-08.26.28:439][  0]LogConfig: Setting CVar [[r.SkyAtmosphere.AerialPerspectiveLUT.SampleCountMaxPerSlice:4]]
[2021.11.29-08.26.28:439][  0]LogConfig: Setting CVar [[r.SkyAtmosphere.AerialPerspectiveLUT.DepthResolution:16.0]]
[2021.11.29-08.26.28:439][  0]LogConfig: Setting CVar [[r.SkyAtmosphere.FastSkyLUT:1]]
[2021.11.29-08.26.28:439][  0]LogConfig: Setting CVar [[r.SkyAtmosphere.FastSkyLUT.SampleCountMin:4.0]]
[2021.11.29-08.26.28:439][  0]LogConfig: Setting CVar [[r.SkyAtmosphere.FastSkyLUT.SampleCountMax:128.0]]
[2021.11.29-08.26.28:439][  0]LogConfig: Setting CVar [[r.SkyAtmosphere.SampleCountMin:4.0]]
[2021.11.29-08.26.28:439][  0]LogConfig: Setting CVar [[r.SkyAtmosphere.SampleCountMax:128.0]]
[2021.11.29-08.26.28:439][  0]LogConfig: Setting CVar [[r.SkyAtmosphere.TransmittanceLUT.UseSmallFormat:0]]
[2021.11.29-08.26.28:439][  0]LogConfig: Setting CVar [[r.SkyAtmosphere.TransmittanceLUT.SampleCount:10.0]]
[2021.11.29-08.26.28:439][  0]LogConfig: Setting CVar [[r.SkyAtmosphere.MultiScatteringLUT.SampleCount:15.0]]
[2021.11.29-08.26.28:439][  0]LogConfig: Setting CVar [[r.SkyLight.RealTimeReflectionCapture:1]]
[2021.11.29-08.26.28:439][  0]LogConfig: Applying CVar settings from Section [FoliageQuality@3] File [C:/Users/gokay/Desktop/Final Project/UE4/FinalProject/Saved/Config/Windows/Scalability.ini]
[2021.11.29-08.26.28:439][  0]LogConfig: Setting CVar [[foliage.DensityScale:1.0]]
[2021.11.29-08.26.28:439][  0]LogConfig: Setting CVar [[grass.DensityScale:1.0]]
[2021.11.29-08.26.28:439][  0]LogConfig: Applying CVar settings from Section [ShadingQuality@3] File [C:/Users/gokay/Desktop/Final Project/UE4/FinalProject/Saved/Config/Windows/Scalability.ini]
[2021.11.29-08.26.28:439][  0]LogConfig: Setting CVar [[r.HairStrands.SkyLighting.IntegrationType:2]]
[2021.11.29-08.26.28:439][  0]LogConfig: Setting CVar [[r.HairStrands.SkyAO.SampleCount:4]]
[2021.11.29-08.26.28:439][  0]LogConfig: Setting CVar [[r.HairStrands.Visibility.MSAA.SamplePerPixel:4]]
[2021.11.29-08.26.28:439][  0]LogInit: Selected Device Profile: [Windows]
[2021.11.29-08.26.28:439][  0]LogInit: Applying CVar settings loaded from the selected device profile: [Windows]
[2021.11.29-08.26.28:439][  0]LogHAL: Display: Platform has ~ 16 GB [17102508032 / 17179869184 / 16], which maps to Larger [LargestMinGB=32, LargerMinGB=12, DefaultMinGB=8, SmallerMinGB=6, SmallestMinGB=0)
[2021.11.29-08.26.28:439][  0]LogInit: Going up to parent DeviceProfile []
[2021.11.29-08.26.28:439][  0]LogConfig: Applying CVar settings from Section [ViewDistanceQuality@3] File [C:/Users/gokay/Desktop/Final Project/UE4/FinalProject/Saved/Config/Windows/Scalability.ini]
[2021.11.29-08.26.28:439][  0]LogConfig: Setting CVar [[r.SkeletalMeshLODBias:0]]
[2021.11.29-08.26.28:439][  0]LogConfig: Setting CVar [[r.ViewDistanceScale:1.0]]
[2021.11.29-08.26.28:439][  0]LogConfig: Applying CVar settings from Section [AntiAliasingQuality@3] File [C:/Users/gokay/Desktop/Final Project/UE4/FinalProject/Saved/Config/Windows/Scalability.ini]
[2021.11.29-08.26.28:439][  0]LogConfig: Setting CVar [[r.PostProcessAAQuality:4]]
[2021.11.29-08.26.28:439][  0]LogConfig: Applying CVar settings from Section [ShadowQuality@3] File [C:/Users/gokay/Desktop/Final Project/UE4/FinalProject/Saved/Config/Windows/Scalability.ini]
[2021.11.29-08.26.28:439][  0]LogConfig: Setting CVar [[r.LightFunctionQuality:1]]
[2021.11.29-08.26.28:439][  0]LogConfig: Setting CVar [[r.ShadowQuality:5]]
[2021.11.29-08.26.28:439][  0]LogConfig: Setting CVar [[r.Shadow.CSM.MaxCascades:10]]
[2021.11.29-08.26.28:439][  0]LogConfig: Setting CVar [[r.Shadow.MaxResolution:2048]]
[2021.11.29-08.26.28:439][  0]LogConfig: Setting CVar [[r.Shadow.MaxCSMResolution:2048]]
[2021.11.29-08.26.28:439][  0]LogConfig: Setting CVar [[r.Shadow.RadiusThreshold:0.01]]
[2021.11.29-08.26.28:439][  0]LogConfig: Setting CVar [[r.Shadow.DistanceScale:1.0]]
[2021.11.29-08.26.28:439][  0]LogConfig: Setting CVar [[r.Shadow.CSM.TransitionScale:1.0]]
[2021.11.29-08.26.28:439][  0]LogConfig: Setting CVar [[r.Shadow.PreShadowResolutionFactor:1.0]]
[2021.11.29-08.26.28:440][  0]LogConfig: Setting CVar [[r.DistanceFieldShadowing:1]]
[2021.11.29-08.26.28:440][  0]LogConfig: Setting CVar [[r.DistanceFieldAO:1]]
[2021.11.29-08.26.28:440][  0]LogConfig: Setting CVar [[r.AOQuality:2]]
[2021.11.29-08.26.28:440][  0]LogConfig: Setting CVar [[r.VolumetricFog:1]]
[2021.11.29-08.26.28:440][  0]LogConfig: Setting CVar [[r.VolumetricFog.GridPixelSize:8]]
[2021.11.29-08.26.28:440][  0]LogConfig: Setting CVar [[r.VolumetricFog.GridSizeZ:128]]
[2021.11.29-08.26.28:440][  0]LogConfig: Setting CVar [[r.VolumetricFog.HistoryMissSupersampleCount:4]]
[2021.11.29-08.26.28:440][  0]LogConfig: Setting CVar [[r.LightMaxDrawDistanceScale:1]]
[2021.11.29-08.26.28:440][  0]LogConfig: Setting CVar [[r.CapsuleShadows:1]]
[2021.11.29-08.26.28:440][  0]LogConfig: Applying CVar settings from Section [PostProcessQuality@3] File [C:/Users/gokay/Desktop/Final Project/UE4/FinalProject/Saved/Config/Windows/Scalability.ini]
[2021.11.29-08.26.28:440][  0]LogConfig: Setting CVar [[r.MotionBlurQuality:4]]
[2021.11.29-08.26.28:440][  0]LogConfig: Setting CVar [[r.AmbientOcclusionMipLevelFactor:0.4]]
[2021.11.29-08.26.28:440][  0]LogConfig: Setting CVar [[r.AmbientOcclusionMaxQuality:100]]
[2021.11.29-08.26.28:440][  0]LogConfig: Setting CVar [[r.AmbientOcclusionLevels:-1]]
[2021.11.29-08.26.28:440][  0]LogConfig: Setting CVar [[r.AmbientOcclusionRadiusScale:1.0]]
[2021.11.29-08.26.28:440][  0]LogConfig: Setting CVar [[r.DepthOfFieldQuality:2]]
[2021.11.29-08.26.28:440][  0]LogConfig: Setting CVar [[r.RenderTargetPoolMin:400]]
[2021.11.29-08.26.28:440][  0]LogConfig: Setting CVar [[r.LensFlareQuality:2]]
[2021.11.29-08.26.28:440][  0]LogConfig: Setting CVar [[r.SceneColorFringeQuality:1]]
[2021.11.29-08.26.28:440][  0]LogConfig: Setting CVar [[r.EyeAdaptationQuality:2]]
[2021.11.29-08.26.28:440][  0]LogConfig: Setting CVar [[r.BloomQuality:5]]
[2021.11.29-08.26.28:440][  0]LogConfig: Setting CVar [[r.FastBlurThreshold:100]]
[2021.11.29-08.26.28:440][  0]LogConfig: Setting CVar [[r.Upscale.Quality:3]]
[2021.11.29-08.26.28:440][  0]LogConfig: Setting CVar [[r.Tonemapper.GrainQuantization:1]]
[2021.11.29-08.26.28:440][  0]LogConfig: Setting CVar [[r.LightShaftQuality:1]]
[2021.11.29-08.26.28:440][  0]LogConfig: Setting CVar [[r.Filter.SizeScale:1]]
[2021.11.29-08.26.28:440][  0]LogConfig: Setting CVar [[r.Tonemapper.Quality:5]]
[2021.11.29-08.26.28:440][  0]LogConfig: Setting CVar [[r.DOF.Gather.AccumulatorQuality:1        ; higher gathering accumulator quality]]
[2021.11.29-08.26.28:440][  0]LogConfig: Setting CVar [[r.DOF.Gather.PostfilterMethod:1          ; Median3x3 postfilering method]]
[2021.11.29-08.26.28:440][  0]LogConfig: Setting CVar [[r.DOF.Gather.EnableBokehSettings:0       ; no bokeh simulation when gathering]]
[2021.11.29-08.26.28:440][  0]LogConfig: Setting CVar [[r.DOF.Gather.RingCount:4                 ; medium number of samples when gathering]]
[2021.11.29-08.26.28:440][  0]LogConfig: Setting CVar [[r.DOF.Scatter.ForegroundCompositing:1    ; additive foreground scattering]]
[2021.11.29-08.26.28:440][  0]LogConfig: Setting CVar [[r.DOF.Scatter.BackgroundCompositing:2    ; additive background scattering]]
[2021.11.29-08.26.28:440][  0]LogConfig: Setting CVar [[r.DOF.Scatter.EnableBokehSettings:1      ; bokeh simulation when scattering]]
[2021.11.29-08.26.28:440][  0]LogConfig: Setting CVar [[r.DOF.Scatter.MaxSpriteRatio:0.1         ; only a maximum of 10% of scattered bokeh]]
[2021.11.29-08.26.28:440][  0]LogConfig: Setting CVar [[r.DOF.Recombine.Quality:1                ; cheap slight out of focus]]
[2021.11.29-08.26.28:440][  0]LogConfig: Setting CVar [[r.DOF.Recombine.EnableBokehSettings:0    ; no bokeh simulation on slight out of focus]]
[2021.11.29-08.26.28:440][  0]LogConfig: Setting CVar [[r.DOF.TemporalAAQuality:1                ; more stable temporal accumulation]]
[2021.11.29-08.26.28:440][  0]LogConfig: Setting CVar [[r.DOF.Kernel.MaxForegroundRadius:0.025]]
[2021.11.29-08.26.28:440][  0]LogConfig: Setting CVar [[r.DOF.Kernel.MaxBackgroundRadius:0.025]]
[2021.11.29-08.26.28:440][  0]LogConfig: Applying CVar settings from Section [TextureQuality@3] File [C:/Users/gokay/Desktop/Final Project/UE4/FinalProject/Saved/Config/Windows/Scalability.ini]
[2021.11.29-08.26.28:440][  0]LogConfig: Setting CVar [[r.Streaming.MipBias:0]]
[2021.11.29-08.26.28:440][  0]LogConfig: Setting CVar [[r.Streaming.AmortizeCPUToGPUCopy:0]]
[2021.11.29-08.26.28:440][  0]LogConfig: Setting CVar [[r.Streaming.MaxNumTexturesToStreamPerFrame:0]]
[2021.11.29-08.26.28:440][  0]LogConfig: Setting CVar [[r.Streaming.Boost:1]]
[2021.11.29-08.26.28:440][  0]LogConfig: Setting CVar [[r.MaxAnisotropy:8]]
[2021.11.29-08.26.28:440][  0]LogConfig: Setting CVar [[r.VT.MaxAnisotropy:8]]
[2021.11.29-08.26.28:440][  0]LogConfig: Setting CVar [[r.Streaming.LimitPoolSizeToVRAM:0]]
[2021.11.29-08.26.28:440][  0]LogConfig: Setting CVar [[r.Streaming.PoolSize:1000]]
[2021.11.29-08.26.28:440][  0]LogConfig: Setting CVar [[r.Streaming.MaxEffectiveScreenSize:0]]
[2021.11.29-08.26.28:440][  0]LogConfig: Applying CVar settings from Section [EffectsQuality@3] File [C:/Users/gokay/Desktop/Final Project/UE4/FinalProject/Saved/Config/Windows/Scalability.ini]
[2021.11.29-08.26.28:440][  0]LogConfig: Setting CVar [[r.TranslucencyLightingVolumeDim:64]]
[2021.11.29-08.26.28:440][  0]LogConfig: Setting CVar [[r.RefractionQuality:2]]
[2021.11.29-08.26.28:440][  0]LogConfig: Setting CVar [[r.SSR.Quality:3]]
[2021.11.29-08.26.28:440][  0]LogConfig: Setting CVar [[r.SSR.HalfResSceneColor:0]]
[2021.11.29-08.26.28:440][  0]LogConfig: Setting CVar [[r.SceneColorFormat:4]]
[2021.11.29-08.26.28:440][  0]LogConfig: Setting CVar [[r.DetailMode:2]]
[2021.11.29-08.26.28:440][  0]LogConfig: Setting CVar [[r.TranslucencyVolumeBlur:1]]
[2021.11.29-08.26.28:440][  0]LogConfig: Setting CVar [[r.MaterialQualityLevel:1 ; High quality]]
[2021.11.29-08.26.28:440][  0]LogConfig: Setting CVar [[r.AnisotropicMaterials:1]]
[2021.11.29-08.26.28:440][  0]LogConfig: Setting CVar [[r.SSS.Scale:1]]
[2021.11.29-08.26.28:440][  0]LogConfig: Setting CVar [[r.SSS.SampleSet:2]]
[2021.11.29-08.26.28:440][  0]LogConfig: Setting CVar [[r.SSS.Quality:1]]
[2021.11.29-08.26.28:440][  0]LogConfig: Setting CVar [[r.SSS.HalfRes:0]]
[2021.11.29-08.26.28:440][  0]LogConfig: Setting CVar [[r.SSGI.Quality:3]]
[2021.11.29-08.26.28:440][  0]LogConfig: Setting CVar [[r.EmitterSpawnRateScale:1.0]]
[2021.11.29-08.26.28:440][  0]LogConfig: Setting CVar [[r.ParticleLightQuality:2]]
[2021.11.29-08.26.28:440][  0]LogConfig: Setting CVar [[r.SkyAtmosphere.AerialPerspectiveLUT.FastApplyOnOpaque:1 ; Always have FastSkyLUT 1 in this case to avoid wrong sky]]
[2021.11.29-08.26.28:440][  0]LogConfig: Setting CVar [[r.SkyAtmosphere.AerialPerspectiveLUT.SampleCountMaxPerSlice:4]]
[2021.11.29-08.26.28:440][  0]LogConfig: Setting CVar [[r.SkyAtmosphere.AerialPerspectiveLUT.DepthResolution:16.0]]
[2021.11.29-08.26.28:440][  0]LogConfig: Setting CVar [[r.SkyAtmosphere.FastSkyLUT:1]]
[2021.11.29-08.26.28:440][  0]LogConfig: Setting CVar [[r.SkyAtmosphere.FastSkyLUT.SampleCountMin:4.0]]
[2021.11.29-08.26.28:440][  0]LogConfig: Setting CVar [[r.SkyAtmosphere.FastSkyLUT.SampleCountMax:128.0]]
[2021.11.29-08.26.28:440][  0]LogConfig: Setting CVar [[r.SkyAtmosphere.SampleCountMin:4.0]]
[2021.11.29-08.26.28:440][  0]LogConfig: Setting CVar [[r.SkyAtmosphere.SampleCountMax:128.0]]
[2021.11.29-08.26.28:440][  0]LogConfig: Setting CVar [[r.SkyAtmosphere.TransmittanceLUT.UseSmallFormat:0]]
[2021.11.29-08.26.28:440][  0]LogConfig: Setting CVar [[r.SkyAtmosphere.TransmittanceLUT.SampleCount:10.0]]
[2021.11.29-08.26.28:440][  0]LogConfig: Setting CVar [[r.SkyAtmosphere.MultiScatteringLUT.SampleCount:15.0]]
[2021.11.29-08.26.28:440][  0]LogConfig: Setting CVar [[r.SkyLight.RealTimeReflectionCapture:1]]
[2021.11.29-08.26.28:440][  0]LogConfig: Applying CVar settings from Section [FoliageQuality@3] File [C:/Users/gokay/Desktop/Final Project/UE4/FinalProject/Saved/Config/Windows/Scalability.ini]
[2021.11.29-08.26.28:440][  0]LogConfig: Setting CVar [[foliage.DensityScale:1.0]]
[2021.11.29-08.26.28:440][  0]LogConfig: Setting CVar [[grass.DensityScale:1.0]]
[2021.11.29-08.26.28:440][  0]LogConfig: Applying CVar settings from Section [ShadingQuality@3] File [C:/Users/gokay/Desktop/Final Project/UE4/FinalProject/Saved/Config/Windows/Scalability.ini]
[2021.11.29-08.26.28:440][  0]LogConfig: Setting CVar [[r.HairStrands.SkyLighting.IntegrationType:2]]
[2021.11.29-08.26.28:440][  0]LogConfig: Setting CVar [[r.HairStrands.SkyAO.SampleCount:4]]
[2021.11.29-08.26.28:440][  0]LogConfig: Setting CVar [[r.HairStrands.Visibility.MSAA.SamplePerPixel:4]]
[2021.11.29-08.26.28:440][  0]LogConfig: Applying CVar settings from Section [Startup] File [../../../Engine/Config/ConsoleVariables.ini]
[2021.11.29-08.26.28:440][  0]LogConfig: Setting CVar [[net.UseAdaptiveNetUpdateFrequency:0]]
[2021.11.29-08.26.28:441][  0]LogConfig: Setting CVar [[p.chaos.AllowCreatePhysxBodies:1]]
[2021.11.29-08.26.28:441][  0]LogConfig: Setting CVar [[fx.SkipVectorVMBackendOptimizations:1]]
[2021.11.29-08.26.28:441][  0]LogConfig: Applying CVar settings from Section [ConsoleVariables] File [C:/Users/gokay/Desktop/Final Project/UE4/FinalProject/Saved/Config/Windows/Engine.ini]
[2021.11.29-08.26.28:441][  0]LogConfig: Applying CVar settings from Section [ConsoleVariables] File [C:/Users/gokay/Desktop/Final Project/UE4/FinalProject/Saved/Config/Windows/Editor.ini]
[2021.11.29-08.26.28:441][  0]LogInit: Computer: DESKTOP-U2RJ9E4
[2021.11.29-08.26.28:441][  0]LogInit: User: gokay
[2021.11.29-08.26.28:441][  0]LogInit: CPU Page size=4096, Cores=6
[2021.11.29-08.26.28:441][  0]LogInit: High frequency timer resolution =10.000000 MHz
[2021.11.29-08.26.28:441][  0]LogMemory: Memory total: Physical=15.9GB (16GB approx)
[2021.11.29-08.26.28:441][  0]LogMemory: Platform Memory Stats for Windows
[2021.11.29-08.26.28:441][  0]LogMemory: Process Physical Memory: 142.85 MB used, 142.86 MB peak
[2021.11.29-08.26.28:441][  0]LogMemory: Process Virtual Memory: 129.83 MB used, 129.83 MB peak
[2021.11.29-08.26.28:441][  0]LogMemory: Physical Memory: 7075.12 MB used,  9235.11 MB free, 16310.22 MB total
[2021.11.29-08.26.28:441][  0]LogMemory: Virtual Memory: 134206624.00 MB used,  11107.84 MB free, 134217728.00 MB total
[2021.11.29-08.26.28:446][  0]LogWindows: WindowsPlatformFeatures enabled
[2021.11.29-08.26.28:476][  0]LogInit: Physics initialised using underlying interface: PhysX
[2021.11.29-08.26.28:478][  0]LogInit: Using OS detected language (tr-TR).
[2021.11.29-08.26.28:478][  0]LogInit: Using OS detected locale (tr-TR).
[2021.11.29-08.26.28:480][  0]LogTextLocalizationManager: No localization for 'tr-TR' exists, so 'en' will be used for the language.
[2021.11.29-08.26.28:632][  0]LogInit: Setting process to per monitor DPI aware
[2021.11.29-08.26.28:643][  0]LogWindowsTextInputMethodSystem: Display: IME system deactivated.
[2021.11.29-08.26.28:653][  0]LogSlate: New Slate User Created.  User Index 0, Is Virtual User: 0
[2021.11.29-08.26.28:653][  0]LogSlate: Slate User Registered.  User Index 0, Is Virtual User: 0
[2021.11.29-08.26.28:749][  0]LogD3D11RHI: Loaded GFSDK_Aftermath_Lib.x64.dll
[2021.11.29-08.26.28:752][  0]LogHMD: Failed to initialize OpenVR with code 110
[2021.11.29-08.26.28:752][  0]LogD3D11RHI: D3D11 min allowed feature level: 11_0
[2021.11.29-08.26.28:752][  0]LogD3D11RHI: D3D11 max allowed feature level: 11_0
[2021.11.29-08.26.28:752][  0]LogD3D11RHI: D3D11 adapters:
[2021.11.29-08.26.28:859][  0]LogD3D11RHI:    0. 'NVIDIA GeForce RTX 2080 SUPER' (Feature Level 11_0)
[2021.11.29-08.26.28:859][  0]LogD3D11RHI:       8010/0/8155 MB DedicatedVideo/DedicatedSystem/SharedSystem, Outputs:1, VendorId:0x10de
[2021.11.29-08.26.28:861][  0]LogD3D11RHI:    1. 'Microsoft Basic Render Driver' (Feature Level 11_0)
[2021.11.29-08.26.28:861][  0]LogD3D11RHI:       0/0/8155 MB DedicatedVideo/DedicatedSystem/SharedSystem, Outputs:0, VendorId:0x1414
[2021.11.29-08.26.28:862][  0]LogD3D11RHI:    2. 'Microsoft Basic Render Driver' (Feature Level 11_0)
[2021.11.29-08.26.28:862][  0]LogD3D11RHI:       0/0/8155 MB DedicatedVideo/DedicatedSystem/SharedSystem, Outputs:0, VendorId:0x1414
[2021.11.29-08.26.28:862][  0]LogD3D11RHI: Chosen D3D11 Adapter:
[2021.11.29-08.26.28:862][  0]LogD3D11RHI:     Description : NVIDIA GeForce RTX 2080 SUPER
[2021.11.29-08.26.28:862][  0]LogD3D11RHI:     VendorId    : 10de
[2021.11.29-08.26.28:862][  0]LogD3D11RHI:     DeviceId    : 1e81
[2021.11.29-08.26.28:862][  0]LogD3D11RHI:     SubSysId    : 87381043
[2021.11.29-08.26.28:862][  0]LogD3D11RHI:     Revision    : 00a1
[2021.11.29-08.26.28:862][  0]LogD3D11RHI:     DedicatedVideoMemory : 8399093760 bytes
[2021.11.29-08.26.28:862][  0]LogD3D11RHI:     DedicatedSystemMemory : 0 bytes
[2021.11.29-08.26.28:862][  0]LogD3D11RHI:     SharedSystemMemory : 8551254016 bytes
[2021.11.29-08.26.28:862][  0]LogD3D11RHI:     AdapterLuid : 0 44195
[2021.11.29-08.26.28:868][  0]LogD3D11RHI: Creating new Direct3DDevice
[2021.11.29-08.26.28:868][  0]LogD3D11RHI:     GPU DeviceId: 0x1e81 (for the marketing name, search the web for "GPU Device Id")
[2021.11.29-08.26.28:868][  0]LogWindows: EnumDisplayDevices:
[2021.11.29-08.26.28:868][  0]LogWindows:    0. 'Microsoft Basic Display Driver' (P:0 D:0)
[2021.11.29-08.26.28:868][  0]LogWindows:    1. 'NVIDIA GeForce RTX 2080 SUPER' (P:1 D:1)
[2021.11.29-08.26.28:868][  0]LogWindows:    2. 'NVIDIA GeForce RTX 2080 SUPER' (P:0 D:0)
[2021.11.29-08.26.28:869][  0]LogWindows:    3. 'NVIDIA GeForce RTX 2080 SUPER' (P:0 D:0)
[2021.11.29-08.26.28:869][  0]LogWindows:    4. 'NVIDIA GeForce RTX 2080 SUPER' (P:0 D:0)
[2021.11.29-08.26.28:869][  0]LogWindows: DebugString: GetVideoDriverDetailsInvalid PrimaryIsNotTheChoosenAdapter FoundDriverCount:4 
[2021.11.29-08.26.28:869][  0]LogD3D11RHI:     Adapter Name: NVIDIA GeForce RTX 2080 SUPER
[2021.11.29-08.26.28:869][  0]LogD3D11RHI:   Driver Version: 496.76 (internal:30.0.14.9676, unified:496.76)
[2021.11.29-08.26.28:869][  0]LogD3D11RHI:      Driver Date: 11-9-2021
[2021.11.29-08.26.28:869][  0]LogRHI: Texture pool is 5607 MB (70% of 8010 MB)
[2021.11.29-08.26.28:869][  0]LogD3D11RHI: Creating D3DDevice using adapter:
[2021.11.29-08.26.28:869][  0]LogD3D11RHI:     Description : NVIDIA GeForce RTX 2080 SUPER
[2021.11.29-08.26.28:869][  0]LogD3D11RHI:     VendorId    : 10de
[2021.11.29-08.26.28:869][  0]LogD3D11RHI:     DeviceId    : 1e81
[2021.11.29-08.26.28:869][  0]LogD3D11RHI:     SubSysId    : 87381043
[2021.11.29-08.26.28:869][  0]LogD3D11RHI:     Revision    : 00a1
[2021.11.29-08.26.28:869][  0]LogD3D11RHI:     DedicatedVideoMemory : 8399093760 bytes
[2021.11.29-08.26.28:869][  0]LogD3D11RHI:     DedicatedSystemMemory : 0 bytes
[2021.11.29-08.26.28:869][  0]LogD3D11RHI:     SharedSystemMemory : 8551254016 bytes
[2021.11.29-08.26.28:869][  0]LogD3D11RHI:     AdapterLuid : 0 44195
[2021.11.29-08.26.28:924][  0]LogD3D11RHI: RHI has support for 64 bit atomics
[2021.11.29-08.26.28:924][  0]LogD3D11RHI: Async texture creation enabled
[2021.11.29-08.26.28:924][  0]LogD3D11RHI: Array index from any shader is supported
[2021.11.29-08.26.28:948][  0]LogD3D11RHI: GPU Timing Frequency: 1000.000000 (Debug: 2 1)
[2021.11.29-08.26.28:969][  0]LogRHI: GeForceNow SDK initialized: 1
[2021.11.29-08.26.29:182][  0]LogTargetPlatformManager: Display: Loaded TargetPlatform 'AllDesktop'
[2021.11.29-08.26.29:201][  0]LogTargetPlatformManager: Display: Loaded TargetPlatform 'Android'
[2021.11.29-08.26.29:201][  0]LogTargetPlatformManager: Display: Loaded TargetPlatform 'Android_ASTC'
[2021.11.29-08.26.29:201][  0]LogTargetPlatformManager: Display: Loaded TargetPlatform 'Android_DXT'
[2021.11.29-08.26.29:201][  0]LogTargetPlatformManager: Display: Loaded TargetPlatform 'Android_ETC2'
[2021.11.29-08.26.29:201][  0]LogTargetPlatformManager: Display: Loaded TargetPlatform 'AndroidClient'
[2021.11.29-08.26.29:201][  0]LogTargetPlatformManager: Display: Loaded TargetPlatform 'Android_ASTCClient'
[2021.11.29-08.26.29:201][  0]LogTargetPlatformManager: Display: Loaded TargetPlatform 'Android_DXTClient'
[2021.11.29-08.26.29:201][  0]LogTargetPlatformManager: Display: Loaded TargetPlatform 'Android_ETC2Client'
[2021.11.29-08.26.29:201][  0]LogTargetPlatformManager: Display: Loaded TargetPlatform 'Android_Multi'
[2021.11.29-08.26.29:201][  0]LogTargetPlatformManager: Display: Loaded TargetPlatform 'Android_MultiClient'
[2021.11.29-08.26.29:216][  0]LogTargetPlatformManager: Display: Loaded TargetPlatform 'IOSClient'
[2021.11.29-08.26.29:216][  0]LogTargetPlatformManager: Display: Loaded TargetPlatform 'IOS'
[2021.11.29-08.26.29:224][  0]LogTargetPlatformManager: Display: Loaded TargetPlatform 'Linux'
[2021.11.29-08.26.29:227][  0]LogTargetPlatformManager: Display: Loaded TargetPlatform 'LinuxNoEditor'
[2021.11.29-08.26.29:231][  0]LogTargetPlatformManager: Display: Loaded TargetPlatform 'LinuxClient'
[2021.11.29-08.26.29:234][  0]LogTargetPlatformManager: Display: Loaded TargetPlatform 'LinuxServer'
[2021.11.29-08.26.29:241][  0]LogTargetPlatformManager: Display: Loaded TargetPlatform 'LinuxAArch64NoEditor'
[2021.11.29-08.26.29:244][  0]LogTargetPlatformManager: Display: Loaded TargetPlatform 'LinuxAArch64Client'
[2021.11.29-08.26.29:248][  0]LogTargetPlatformManager: Display: Loaded TargetPlatform 'LinuxAArch64Server'
[2021.11.29-08.26.29:268][  0]LogTargetPlatformManager: Display: Loaded TargetPlatform 'Lumin'
[2021.11.29-08.26.29:268][  0]LogTargetPlatformManager: Display: Loaded TargetPlatform 'LuminClient'
[2021.11.29-08.26.29:275][  0]LogTargetPlatformManager: Display: Loaded TargetPlatform 'MacNoEditor'
[2021.11.29-08.26.29:279][  0]LogTargetPlatformManager: Display: Loaded TargetPlatform 'Mac'
[2021.11.29-08.26.29:282][  0]LogTargetPlatformManager: Display: Loaded TargetPlatform 'MacClient'
[2021.11.29-08.26.29:285][  0]LogTargetPlatformManager: Display: Loaded TargetPlatform 'MacServer'
[2021.11.29-08.26.29:293][  0]LogTargetPlatformManager: Display: Loaded TargetPlatform 'TVOSClient'
[2021.11.29-08.26.29:293][  0]LogTargetPlatformManager: Display: Loaded TargetPlatform 'TVOS'
[2021.11.29-08.26.29:300][  0]LogTargetPlatformManager: Display: Loaded TargetPlatform 'WindowsNoEditor'
[2021.11.29-08.26.29:304][  0]LogTargetPlatformManager: Display: Loaded TargetPlatform 'Windows'
[2021.11.29-08.26.29:307][  0]LogTargetPlatformManager: Display: Loaded TargetPlatform 'WindowsClient'
[2021.11.29-08.26.29:310][  0]LogTargetPlatformManager: Display: Loaded TargetPlatform 'WindowsServer'
[2021.11.29-08.26.29:310][  0]LogTargetPlatformManager: Display: Building Assets For Windows
[2021.11.29-08.26.29:315][  0]LogAudioDebug: Display: Lib vorbis DLL was dynamically loaded.
[2021.11.29-08.26.29:336][  0]LogTextureFormatOodle: Display: Oodle Texture 2.9.0 init RDO Off
[2021.11.29-08.26.29:358][  0]LogRendererCore: Ray tracing is disabled. Reason: r.RayTracing=0.
[2021.11.29-08.26.29:358][  0]LogShaderCompilers: Guid format shader working directory is -7 characters bigger than the processId version (C:/Users/gokay/Desktop/Final Project/UE4/FinalProject/Intermediate/Shaders/WorkingDirectory/6156/).
[2021.11.29-08.26.29:358][  0]LogShaderCompilers: Cleaned the shader compiler working directory 'C:/Users/gokay/AppData/Local/Temp/UnrealShaderWorkingDir/9968255D472DD9863ED0D68FEFBC14D5/'.
[2021.11.29-08.26.29:358][  0]LogXGEController: Cannot use XGE Controller as Incredibuild is not installed on this machine.
[2021.11.29-08.26.29:359][  0]LogShaderCompilers: Cannot use XGE Shader Compiler as Incredibuild is not installed on this machine.
[2021.11.29-08.26.29:359][  0]LogShaderCompilers: Display: Using Local Shader Compiler.
[2021.11.29-08.26.29:978][  0]LogDerivedDataCache: Display: Max Cache Size: 512 MB
[2021.11.29-08.26.30:020][  0]LogDerivedDataCache: Loaded boot cache 0.04s 94MB C:/Users/gokay/AppData/Local/UnrealEngine/4.27/DerivedDataCache/Boot.ddc.
[2021.11.29-08.26.30:020][  0]LogDerivedDataCache: Display: Loaded Boot cache: C:/Users/gokay/AppData/Local/UnrealEngine/4.27/DerivedDataCache/Boot.ddc
[2021.11.29-08.26.30:020][  0]LogDerivedDataCache: FDerivedDataBackendGraph:  Pak pak cache file C:/Users/gokay/Desktop/Final Project/UE4/FinalProject/DerivedDataCache/DDC.ddp not found, will not use a pak cache.
[2021.11.29-08.26.30:020][  0]LogDerivedDataCache: Unable to find inner node Pak for hierarchical cache Hierarchy.
[2021.11.29-08.26.30:020][  0]LogDerivedDataCache: FDerivedDataBackendGraph:  CompressedPak pak cache file C:/Users/gokay/Desktop/Final Project/UE4/FinalProject/DerivedDataCache/Compressed.ddp not found, will not use a pak cache.
[2021.11.29-08.26.30:020][  0]LogDerivedDataCache: Unable to find inner node CompressedPak for hierarchical cache Hierarchy.
[2021.11.29-08.26.30:035][  0]LogDerivedDataCache: Display: Pak cache opened for reading ../../../Engine/DerivedDataCache/Compressed.ddp.
[2021.11.29-08.26.30:035][  0]LogDerivedDataCache: FDerivedDataBackendGraph:  EnterprisePak pak cache file ../../../Enterprise/DerivedDataCache/Compressed.ddp not found, will not use a pak cache.
[2021.11.29-08.26.30:035][  0]LogDerivedDataCache: Unable to find inner node EnterprisePak for hierarchical cache Hierarchy.
[2021.11.29-08.26.30:042][  0]LogDerivedDataCache: Speed tests for C:/Users/gokay/AppData/Local/UnrealEngine/Common/DerivedDataCache took 0.01 seconds
[2021.11.29-08.26.30:042][  0]LogDerivedDataCache: Display: Performance to C:/Users/gokay/AppData/Local/UnrealEngine/Common/DerivedDataCache: Latency=0.02ms. RandomReadSpeed=1827.22MBs, RandomWriteSpeed=163.11MBs. Assigned SpeedClass 'Local'
[2021.11.29-08.26.30:043][  0]LogDerivedDataCache: Using Local data cache path C:/Users/gokay/AppData/Local/UnrealEngine/Common/DerivedDataCache: Writable
[2021.11.29-08.26.30:043][  0]LogDerivedDataCache: Shared data cache path not found in *engine.ini, will not use an Shared cache.
[2021.11.29-08.26.30:043][  0]LogDerivedDataCache: Unable to find inner node Shared for hierarchical cache Hierarchy.
[2021.11.29-08.26.30:085][  0]LogSlate: Using FreeType 2.10.0
[2021.11.29-08.26.30:085][  0]LogSlate: SlateFontServices - WITH_FREETYPE: 1, WITH_HARFBUZZ: 1
[2021.11.29-08.26.30:102][  0]LogAssetRegistry: FAssetRegistry took 0.0023 seconds to start up
[2021.11.29-08.26.30:295][  0]LogInit: Selected Device Profile: [Windows]
[2021.11.29-08.26.30:295][  0]LogInit: Active device profile: [000001E2CF244900][000001E2C49C1A40 49] Windows
[2021.11.29-08.26.30:295][  0]LogInit: Profiles: [000001E2CF244900][000001E2C49C1A40 49] Windows, [000001E2CF213700][000001E2C4EEBBC0 49] WindowsNoEditor, [000001E2CF247500][000001E2CC4EE1C0 49] WindowsServer, [000001E2CF210E00][000001E2C4F0E340 49] WindowsClient, [000001E2CF247800][000001E2C4F124C0 49] IOS, [000001E2CF212700][000001E2C4F16640 49] iPadAir, [000001E2CF246000][000001E2C49C4780 49] iPadAir2, [000001E2CF194A00][000001E2CE65A9C0 49] IPadPro, [000001E2CF194B00][000001E2CE656A00 49] iPadAir3, [000001E2CF211800][000001E2CE65EB40 49] iPadAir4, [000001E2CF197400][000001E2C4BBECC0 49] iPadMini2, [000001E2CF212900][000001E2C4BC2E40 49] iPadMini3, [000001E2CF195700][000001E2C4BC6FC0 49] iPadMini4, [000001E2CF245100][000001E2CC4F3140 49] iPadMini5, [000001E2CF1C0300][000001E2CED2D400 49] iPhone6, [000001E2CF1C0400][000001E2C50D1440 49] iPodTouch6, [000001E2CF193F00][000001E2C1077700 49] iPhone7, [000001E2CF193E00][000001E2C50D5740 49] iPodTouch7, [000001E2CF211F00][000001E2C107B8C0 49] iPhone5S, [000001E2CF191A00][000001E2CE8BFA40 49] iPhone6Plus, [000001E2CF1C0200][000001E2CE8C7BC0 49] iPhone6S, [000001E2CF190600][000001E2CE8D41C0 49] iPhone6SPlus, [000001E2CF1C2900][000001E2CE8D8340 49] iPhone7Plus, [000001E2CF193100][000001E2CE8DC4C0 49] iPhoneSE, [000001E2CF1C2200][000001E2CE8E0640 49] iPhone8, [000001E2CF193B00][000001E2C107E7C0 49] iPhone8Plus, [000001E2CF1C0A00][000001E2C1082940 49] iPhoneX, [000001E2CF191400][000001E2CE662A80 49] iPhoneXS, [000001E2CF1C3900][000001E2CC49EBC0 49] iPhoneXSMax, [000001E2CF190900][000001E2CC4B6D00 49] iPhoneXR, [000001E2CF1C2F00][000001E2C10BAE80 49] iPhone11, [000001E2CF191300][000001E2C10C3000 49] iPhone11Pro, [000001E2CF1C1000][000001E2C10C7180 49] iPhone11ProMax, [000001E2CF192A00][000001E2C10CB300 49] iPhoneSE2, [000001E2CF1C1400][000001E2C10D3480 49] iPhone12Mini, [000001E2CF192400][000001E2C10DB600 49] iPhone12, [000001E2CF1C0D00][000001E2C10DF780 49] iPhone12Pro, [000001E2CF192B00][000001E2C4EEF900 49] iPhone12ProMax, [000001E2CF1C3000][000001E2C4EF3A80 49] iPadPro105, [000001E2CF190700][000001E2CE64FC00 49] iPadPro129, [000001E2CF1C2800][000001E2CE652200 49] iPadPro97, [000001E2CF192600][000001E2CECFE380 49] iPadPro2_129, [000001E2CF1C3C00][000001E2C10D6500 49] iPad5, [000001E2CF192200][000001E2C10CE680 49] iPad6, [000001E2CF1C0F00][000001E2CED02800 49] iPad7, [000001E2CF192D00][000001E2C4F02980 49] iPad8, [000001E2CF1C1100][000001E2CE90EB00 49] iPadPro11, [000001E2CF191600][000001E2C10B6C40 49] iPadPro2_11, [000001E2CF1C3400][000001E2C10BED80 49] iPadPro3_129, [000001E2CF192800][000001E2C4F06EC0 49] iPadPro4_129, [000001E2CF1C3A00][000001E2C4B43040 49] AppleTV, [000001E2CF192100][000001E2C4B471C0 49] AppleTV4K, [000001E2CF1C1F00][000001E2C4B4B340 49] TVOS, [000001E2CF193400][000001E2C4B4F4C0 49] Mac, [000001E2CF1C3800][000001E2C4B53640 49] MacClient, [000001E2CF191E00][000001E2C507F7C0 49] MacNoEditor, [000001E2CF1C3F00][000001E2C5083940 49] MacServer, [000001E2CF193500][000001E2C5087AC0 49] Linux, [000001E2CF1C0C00][000001E2C508A0C0 49] LinuxAArch64, [000001E2CF192F00][000001E2C508E240 49] LinuxNoEditor, [000001E2CF1C0B00][000001E2C50923C0 49] LinuxAArch64NoEditor, [000001E2CF193700][000001E2C5096540 49] LinuxClient, [000001E2CF1C1A00][000001E2C509A6C0 49] LinuxAArch64Client, [000001E2CF191000][000001E2C509E840 49] LinuxServer, [000001E2CF1C2500][000001E2C50A29C0 49] LinuxAArch64Server, [000001E2CF191900][000001E2C50A6B40 49] Android, [000001E2CF1C1300][000001E2C50AACC0 49] Android_Low, [000001E2CF192700][000001E2C4F0AE00 49] Android_Mid, [000001E2CF1C2B00][000001E2C50AEF40 49] Android_High, [000001E2CF193800][000001E2C50B3080 49] Android_Default, [000001E2CF1C1600][000001E2C50B71C0 49] Android_Adreno4xx, [000001E2CF191500][000001E2CE5ED340 49] Android_Adreno5xx_Low, [000001E2CF197600][000001E2CE5F14C0 49] Android_Adreno5xx, [000001E2CF211700][000001E2CE5F5640 49] Android_Adreno6xx, [000001E2CF195200][000001E2CE5F97C0 49] Android_Adreno6xx_Vulkan, [000001E2CF213B00][000001E2CE5FD940 49] Android_Mali_T6xx, [000001E2CF195100][000001E2CE601AC0 49] Android_Mali_T7xx, [000001E2CF211500][000001E2CE6040C0 49] Android_Mali_T8xx, [000001E2CF195E00][000001E2CE608240 49] Android_Mali_G71, [000001E2CF210500][000001E2CE60C3C0 49] Android_Mali_G72, [000001E2CF194800][000001E2CE610540 49] Android_Mali_G72_Vulkan, [000001E2CF211200][000001E2CE6146C0 49] Android_Mali_G76, [000001E2CF194100][000001E2CE618840 49] Android_Mali_G76_Vulkan, [000001E2CF211E00][000001E2CE61C9C0 49] Android_Mali_G77, [000001E2CF195000][000001E2CE620B40 49] Android_Mali_G77_Vulkan, [000001E2CF210A00][000001E2CE624CC0 49] Android_Mali_G78, [000001E2CF196C00][000001E2CE628E40 49] Android_Mali_G78_Vulkan, [000001E2CF213500][000001E2CE5E8F80 49] Android_Mali_G710, [000001E2CF196A00][000001E2CE62D0C0 49] Android_Mali_G710_Vulkan, [000001E2CF213E00][000001E2CE631200 49] Android_Vulkan_SM5, [000001E2CF197B00][000001E2CE635340 49] Android_PowerVR_G6xxx, [000001E2CF213A00][000001E2CE63D4C0 49] Android_PowerVR_GT7xxx, [000001E2CF197900][000001E2CE641640 49] Android_PowerVR_GE8xxx, [000001E2CF210C00][000001E2CE6457C0 49] Android_PowerVR_GM9xxx, [000001E2CF196700][000001E2CE649940 49] Android_PowerVR_GM9xxx_Vulkan, [000001E2CF212600][000001E2CEB7BAC0 49] Android_TegraK1, [000001E2CF194900][000001E2CEB7E0C0 49] Android_Unknown_Vulkan, [000001E2CF211C00][000001E2CEB82240 49] Lumin, [000001E2CF194500][000001E2CEB863C0 49] Lumin_Desktop, [000001E2CF213200][000001E2CEB8A540 49] HoloLens, 
[2021.11.29-08.26.30:395][  0]LogMeshReduction: Using QuadricMeshReduction for automatic static mesh reduction
[2021.11.29-08.26.30:395][  0]LogMeshReduction: Using SimplygonMeshReduction for automatic skeletal mesh reduction
[2021.11.29-08.26.30:395][  0]LogMeshReduction: Using ProxyLODMeshReduction for automatic mesh merging
[2021.11.29-08.26.30:395][  0]LogMeshReduction: No distributed automatic mesh merging module available
[2021.11.29-08.26.30:395][  0]LogMeshMerging: No distributed automatic mesh merging module available
[2021.11.29-08.26.30:406][  0]LogNetVersion: FinalProject 1.0.0, NetCL: 17155196, EngineNetVer: 17, GameNetVer: 0 (Checksum: 2450765920)
[2021.11.29-08.26.30:702][  0]LogTexture: Default maximum texture size for cubemaps generated from long-lat sources has been changed from 512 to unlimited. In order to preserve old behaiour for '/Engine/MapTemplates/Sky/DaylightAmbientCubemap.DaylightAmbientCubemap', its maximum texture size has been explicitly set to 512.
[2021.11.29-08.26.30:746][  0]LogHMD: PokeAHoleMaterial loaded successfully
[2021.11.29-08.26.30:751][  0]LogUObjectArray: 17178 objects as part of root set at end of initial load.
[2021.11.29-08.26.30:751][  0]LogUObjectAllocator: 4301856 out of 0 bytes used by permanent object pool.
[2021.11.29-08.26.30:751][  0]LogUObjectArray: CloseDisregardForGC: 0/0 objects in disregard for GC pool
[2021.11.29-08.26.30:948][  0]LogNiagaraDebuggerClient: Niagara Debugger Client Initialized | Session: CE09069D4EDA48353FEDA0A07EA21FF9 | Instance: 069884954FFC901D45B43CB8A27B9EA2 (DESKTOP-U2RJ9E4-6156).
[2021.11.29-08.26.30:964][  0]LogImageWrapper: Warning: PNG Warning: Duplicate iCCP chunk
[2021.11.29-08.26.30:964][  0]LogImageWrapper: Warning: PNG Warning: Duplicate iCCP chunk
[2021.11.29-08.26.30:975][  0]LogPython: Using Python 3.7.7
[2021.11.29-08.26.31:477][  0]LogTcpMessaging: Initializing TcpMessaging bridge
[2021.11.29-08.26.31:483][  0]LogUdpMessaging: Initializing bridge on interface 0.0.0.0:0 to multicast group 230.0.0.1:6666.
[2021.11.29-08.26.31:607][  0]SourceControl: Source control is disabled
[2021.11.29-08.26.31:607][  0]SourceControl: Source control is disabled
[2021.11.29-08.26.31:609][  0]SourceControl: Source control is disabled
[2021.11.29-08.26.31:642][  0]LogUProjectInfo: Found projects:
[2021.11.29-08.26.31:651][  0]SourceControl: Source control is disabled
[2021.11.29-08.26.31:653][  0]SourceControl: Source control is disabled
[2021.11.29-08.26.31:755][  0]LogOpenImageDenoise: OIDN starting up
[2021.11.29-08.26.31:785][  0]LogAndroidPermission: UAndroidPermissionCallbackProxy::GetInstance
[2021.11.29-08.26.31:795][  0]LogAudioCaptureCore: Display: No Audio Capture implementations found. Audio input will be silent.
[2021.11.29-08.26.31:795][  0]LogAudioCaptureCore: Display: No Audio Capture implementations found. Audio input will be silent.
[2021.11.29-08.26.31:897][  0]LogCollectionManager: Loaded 0 collections in 0.000669 seconds
[2021.11.29-08.26.31:916][  0]LogFileCache: Scanning file cache for directory 'C:/Users/gokay/Desktop/Final Project/UE4/FinalProject/Saved/Collections/' took 0.00s
[2021.11.29-08.26.31:916][  0]LogFileCache: Scanning file cache for directory 'C:/Users/gokay/Desktop/Final Project/UE4/FinalProject/Content/Developers/gokay/Collections/' took 0.00s
[2021.11.29-08.26.31:916][  0]LogFileCache: Scanning file cache for directory 'C:/Users/gokay/Desktop/Final Project/UE4/FinalProject/Content/Collections/' took 0.00s
[2021.11.29-08.26.31:916][  0]LogOcInput: OculusInput pre-init called
[2021.11.29-08.26.32:097][  0]LogImageWrapper: Warning: PNG Warning: Duplicate iCCP chunk
[2021.11.29-08.26.32:097][  0]LogImageWrapper: Warning: PNG Warning: Duplicate iCCP chunk
[2021.11.29-08.26.32:097][  0]LogEngine: Initializing Engine...
[2021.11.29-08.26.32:099][  0]LogHMD: Failed to enumerate extensions. Please check that you have a valid OpenXR runtime installed.
[2021.11.29-08.26.32:099][  0]LogHMD: Failed to initialize OpenVR with code 110
[2021.11.29-08.26.32:099][  0]LogMagicLeap: Warning: VR disabled because ZI is not enabled.  To enable, in the editor, Edit -> Project Settings -> Plugins -> Magic Leap Plugin -> Enable Zero Iteration
[2021.11.29-08.26.32:100][  0]LogStats: UGameplayTagsManager::InitializeManager -  0.000 s
[2021.11.29-08.26.32:183][  0]LogInit: Initializing FReadOnlyCVARCache
[2021.11.29-08.26.32:190][  0]LogAIModule: Creating AISystem for world Untitled
[2021.11.29-08.26.32:196][  0]LogAudio: Display: Initializing Audio Device Manager...
[2021.11.29-08.26.32:199][  0]LogAudio: Display: Loading Default Audio Settings Objects...
[2021.11.29-08.26.32:199][  0]LogAudio: Display: No default SoundConcurrencyObject specified (or failed to load).
[2021.11.29-08.26.32:200][  0]LogAudio: Display: Audio Device Manager Initialized
[2021.11.29-08.26.32:200][  0]LogAudio: Display: Creating Audio Device:                 Id: 1, Scope: Shared, Realtime: True
[2021.11.29-08.26.32:200][  0]LogAudioMixer: Display: Audio Mixer Platform Settings:
[2021.11.29-08.26.32:200][  0]LogAudioMixer: Display: 	Sample Rate:						  48000
[2021.11.29-08.26.32:200][  0]LogAudioMixer: Display: 	Callback Buffer Frame Size Requested: 1024
[2021.11.29-08.26.32:200][  0]LogAudioMixer: Display: 	Callback Buffer Frame Size To Use:	  1024
[2021.11.29-08.26.32:200][  0]LogAudioMixer: Display: 	Number of buffers to queue:			  2
[2021.11.29-08.26.32:200][  0]LogAudioMixer: Display: 	Max Channels (voices):				  32
[2021.11.29-08.26.32:200][  0]LogAudioMixer: Display: 	Number of Async Source Workers:		  0
[2021.11.29-08.26.32:200][  0]LogAudio: Display: AudioDevice MaxSources: 32
[2021.11.29-08.26.32:200][  0]LogAudio: Display: Audio Spatialization Plugin: None (built-in).
[2021.11.29-08.26.32:200][  0]LogAudio: Display: Audio Reverb Plugin: None (built-in).
[2021.11.29-08.26.32:200][  0]LogAudio: Display: Audio Occlusion Plugin: None (built-in).
[2021.11.29-08.26.32:200][  0]LogAudioMixer: Display: Initializing audio mixer.
[2021.11.29-08.26.32:208][  0]LogAudioMixer: Display: 0: FrontLeft
[2021.11.29-08.26.32:208][  0]LogAudioMixer: Display: 1: FrontRight
[2021.11.29-08.26.32:230][  0]LogAudioMixer: Display: Using Audio Device Corsair HS50 (High Definition Audio Device)
[2021.11.29-08.26.32:231][  0]LogAudioMixer: Display: Initializing Sound Submixes...
[2021.11.29-08.26.32:232][  0]LogAudioMixer: Display: Creating Master Submix 'MasterSubmixDefault'
[2021.11.29-08.26.32:232][  0]LogAudioMixer: Display: Creating Master Submix 'MasterReverbSubmixDefault'
[2021.11.29-08.26.32:233][  0]LogAudioMixer: Display: Creating Master Submix 'MasterEQSubmixDefault'
[2021.11.29-08.26.32:233][  0]LogAudioMixer: FMixerPlatformXAudio2::StartAudioStream() called
[2021.11.29-08.26.32:233][  0]LogAudioMixer: Display: Output buffers initialized: Frames=1024, Channels=2, Samples=2048
[2021.11.29-08.26.32:234][  0]LogAudioMixer: Display: Starting AudioMixerPlatformInterface::RunInternal()
[2021.11.29-08.26.32:234][  0]LogAudioMixer: Display: FMixerPlatformXAudio2::SubmitBuffer() called for the first time
[2021.11.29-08.26.32:234][  0]LogInit: FAudioDevice initialized.
[2021.11.29-08.26.32:234][  0]LogAudio: Display: Audio Device (ID: 1) registered with world 'Untitled'.
[2021.11.29-08.26.32:234][  0]LogNetVersion: Set ProjectVersion to 1.0.0.0. Version Checksum will be recalculated on next use.
[2021.11.29-08.26.32:283][  0]LogDerivedDataCache: Saved boot cache 0.05s 94MB C:/Users/gokay/AppData/Local/UnrealEngine/4.27/DerivedDataCache/Boot.ddc.
[2021.11.29-08.26.32:283][  0]LogInit: Texture streaming: Enabled
[2021.11.29-08.26.32:293][  0]LogAnalytics: Display: [UEEditor.Rocket.Release] APIServer = https://datarouter.ol.epicgames.com/. AppVersion = 4.27.1-17735300+++UE4+Release-4.27
[2021.11.29-08.26.32:295][  0]LogEngineSessionManager: EngineSessionManager initialized
[2021.11.29-08.26.32:295][  0]LogEditorSessionSummary: Verbose: Initializing EditorSessionSummaryWriter for editor session tracking
[2021.11.29-08.26.32:296][  0]LogEditorSessionSummary: EditorSessionSummaryWriter initialized
[2021.11.29-08.26.32:318][  0]LogInit: Transaction tracking system initialized
[2021.11.29-08.26.32:333][  0]BlueprintLog: New page: Editor Load
[2021.11.29-08.26.32:375][  0]LocalizationService: Localization service is disabled
[2021.11.29-08.26.32:391][  0]TimingProfiler: Initialize
[2021.11.29-08.26.32:391][  0]TimingProfiler: OnSessionChanged
[2021.11.29-08.26.32:391][  0]LoadingProfiler: Initialize
[2021.11.29-08.26.32:391][  0]LoadingProfiler: OnSessionChanged
[2021.11.29-08.26.32:391][  0]NetworkingProfiler: Initialize
[2021.11.29-08.26.32:391][  0]NetworkingProfiler: OnSessionChanged
[2021.11.29-08.26.32:391][  0]MemoryProfiler: Initialize
[2021.11.29-08.26.32:391][  0]MemoryProfiler: OnSessionChanged
[2021.11.29-08.26.32:494][  0]LogCook: Display: CookSettings for Memory: MemoryMaxUsedVirtual 0MiB, MemoryMaxUsedPhysical 16384MiB, MemoryMinFreeVirtual 0MiB, MemoryMinFreePhysical 1024MiB
[2021.11.29-08.26.32:494][  0]LogCook: Display: Mobile HDR setting 1
[2021.11.29-08.26.32:528][  0]LogFileCache: Scanning file cache for directory 'C:/Users/gokay/Desktop/Final Project/UE4/FinalProject/Content/' took 0.00s
[2021.11.29-08.26.32:758][  0]LogImageWrapper: Warning: PNG Warning: Duplicate iCCP chunk
[2021.11.29-08.26.32:758][  0]LogImageWrapper: Warning: PNG Warning: Duplicate iCCP chunk
[2021.11.29-08.26.32:758][  0]LogInit: Display: Engine is initialized. Leaving FEngineLoop::Init()
[2021.11.29-08.26.32:761][  0]SourceControl: Source control is disabled
[2021.11.29-08.26.32:761][  0]LogUnrealEdMisc: Loading editor; pre map load, took 5.155
[2021.11.29-08.26.32:761][  0]Cmd: MAP LOAD FILE="C:/Users/gokay/Desktop/Final Project/UE4/FinalProject/Content/FirstPersonBP/Maps/FirstPersonExampleMap.umap" TEMPLATE=0 SHOWPROGRESS=1 FEATURELEVEL=3
[2021.11.29-08.26.32:761][  0]LightingResults: New page: Lighting Build
[2021.11.29-08.26.32:762][  0]LogWorld: UWorld::CleanupWorld for Untitled, bSessionEnded=true, bCleanupResources=true
[2021.11.29-08.26.32:762][  0]LogSlate: InvalidateAllWidgets triggered.  All widgets were invalidated
[2021.11.29-08.26.32:762][  0]MapCheck: New page: Map Check
[2021.11.29-08.26.32:762][  0]LightingResults: New page: Lighting Build
[2021.11.29-08.26.32:765][  0]LogAudio: Display: Audio Device unregistered from world 'None'.
[2021.11.29-08.26.32:767][  0]LogUObjectHash: Compacting FUObjectHashTables data took   0.79ms
[2021.11.29-08.26.32:835][  0]LogAudio: Display: Audio Device (ID: 1) registered with world 'FirstPersonExampleMap'.
[2021.11.29-08.26.32:835][  0]LogAIModule: Creating AISystem for world FirstPersonExampleMap
[2021.11.29-08.26.32:838][  0]LogSkinnedMeshComp: Warning: GetSocketByName(GripPoint): No SkeletalMesh for Component(Mesh2P) Actor(FirstPersonCharacter_C_1)
[2021.11.29-08.26.32:838][  0]LogSkinnedMeshComp: Warning: GetSocketByName(GripPoint): No SkeletalMesh for Component(Mesh2P) Actor(FirstPersonCharacter_C_1)
[2021.11.29-08.26.32:838][  0]LogSkinnedMeshComp: Warning: GetSocketByName(GripPoint): No SkeletalMesh for Component(Mesh2P) Actor(FirstPersonCharacter_C_1)
[2021.11.29-08.26.32:839][  0]LogSkinnedMeshComp: Warning: GetSocketByName(GripPoint): No SkeletalMesh for Component(Mesh2P) Actor(FirstPersonCharacter_C_1)
[2021.11.29-08.26.32:840][  0]LogSkinnedMeshComp: Warning: GetSocketByName(GripPoint): No SkeletalMesh for Component(Mesh2P) Actor(FirstPersonCharacter_C_1)
[2021.11.29-08.26.32:840][  0]LogSkinnedMeshComp: Warning: GetSocketByName(GripPoint): No SkeletalMesh for Component(Mesh2P) Actor(FirstPersonCharacter_C_1)
[2021.11.29-08.26.32:840][  0]LogSkinnedMeshComp: Warning: GetSocketByName(GripPoint): No SkeletalMesh for Component(Mesh2P) Actor(FirstPersonCharacter_C_1)
[2021.11.29-08.26.32:840][  0]LogSkinnedMeshComp: Warning: GetSocketByName(GripPoint): No SkeletalMesh for Component(Mesh2P) Actor(FirstPersonCharacter_C_1)
[2021.11.29-08.26.32:840][  0]LogEditorServer: Finished looking for orphan Actors (0.000 secs)
[2021.11.29-08.26.32:853][  0]LogUObjectHash: Compacting FUObjectHashTables data took   0.88ms
[2021.11.29-08.26.32:853][  0]Cmd: MAP CHECKDEP NOCLEARLOG
[2021.11.29-08.26.32:854][  0]MapCheck: Map check complete: 0 Error(s), 0 Warning(s), took 0,188ms to complete.
[2021.11.29-08.26.32:854][  0]LogFileHelpers: Loading map 'FirstPersonExampleMap' took 0.093
[2021.11.29-08.26.32:855][  0]LogUnrealEdMisc: Total Editor Startup Time, took 5.250
[2021.11.29-08.26.32:958][  0]LogSlate: Updating window title bar state: overlay mode, drag disabled, window buttons hidden, title bar hidden
[2021.11.29-08.26.32:963][  0]LogSlate: Updating window title bar state: overlay mode, drag disabled, window buttons hidden, title bar hidden
[2021.11.29-08.26.32:969][  0]LogSlate: Updating window title bar state: overlay mode, drag disabled, window buttons hidden, title bar hidden
[2021.11.29-08.26.32:974][  0]LogSlate: Updating window title bar state: overlay mode, drag disabled, window buttons hidden, title bar hidden
[2021.11.29-08.26.32:986][  0]LogNativeClassHierarchy: Verbose: Native class hierarchy populated in 0.0093 seconds. Added 3822 classes and 928 folders.
[2021.11.29-08.26.32:988][  0]LogNativeClassHierarchy: Verbose: Native class hierarchy updated for 'WidgetCarousel' in 0.0002 seconds. Added 0 classes and 0 folders.
[2021.11.29-08.26.32:989][  0]LogPakFile: PakFile PrimaryIndexSize=187
[2021.11.29-08.26.32:989][  0]LogPakFile: PakFile PathHashIndexSize=101
[2021.11.29-08.26.32:989][  0]LogPakFile: PakFile FullDirectoryIndexSize=148
[2021.11.29-08.26.32:989][  0]LogShaderLibrary: Display: ShaderCodeLibraryPakFileMountedCallback: PakFile 'G:/Epic Games/UE_4.27/FeaturePacks/FP_FirstPerson.upack' (chunk index -1, root 'root:/') mounted
[2021.11.29-08.26.32:989][  0]LogShaderLibrary: Display: ShaderCodeLibraryPakFileMountedCallback: pending pak file info (ChunkID:-1 Root:root:/ File:G:/Epic Games/UE_4.27/FeaturePacks/FP_FirstPerson.upack)
[2021.11.29-08.26.32:989][  0]LogPakFile: OnPakFileMounted2Time == 0.000045
[2021.11.29-08.26.32:989][  0]LogPakFile: PakFile PrimaryIndexSize=189
[2021.11.29-08.26.32:989][  0]LogPakFile: PakFile PathHashIndexSize=101
[2021.11.29-08.26.32:989][  0]LogPakFile: PakFile FullDirectoryIndexSize=152
[2021.11.29-08.26.32:989][  0]LogShaderLibrary: Display: ShaderCodeLibraryPakFileMountedCallback: PakFile 'G:/Epic Games/UE_4.27/FeaturePacks/FP_FirstPersonBP.upack' (chunk index -1, root 'root:/') mounted
[2021.11.29-08.26.32:989][  0]LogShaderLibrary: Display: ShaderCodeLibraryPakFileMountedCallback: pending pak file info (ChunkID:-1 Root:root:/ File:G:/Epic Games/UE_4.27/FeaturePacks/FP_FirstPersonBP.upack)
[2021.11.29-08.26.32:989][  0]LogPakFile: OnPakFileMounted2Time == 0.000030
[2021.11.29-08.26.32:990][  0]LogPakFile: PakFile PrimaryIndexSize=191
[2021.11.29-08.26.32:990][  0]LogPakFile: PakFile PathHashIndexSize=101
[2021.11.29-08.26.32:990][  0]LogPakFile: PakFile FullDirectoryIndexSize=160
[2021.11.29-08.26.32:990][  0]LogShaderLibrary: Display: ShaderCodeLibraryPakFileMountedCallback: PakFile 'G:/Epic Games/UE_4.27/FeaturePacks/MobileStarterContent.upack' (chunk index -1, root 'root:/') mounted
[2021.11.29-08.26.32:990][  0]LogShaderLibrary: Display: ShaderCodeLibraryPakFileMountedCallback: pending pak file info (ChunkID:-1 Root:root:/ File:G:/Epic Games/UE_4.27/FeaturePacks/MobileStarterContent.upack)
[2021.11.29-08.26.32:990][  0]LogPakFile: OnPakFileMounted2Time == 0.000028
[2021.11.29-08.26.32:990][  0]LogPakFile: PakFile PrimaryIndexSize=185
[2021.11.29-08.26.32:990][  0]LogPakFile: PakFile PathHashIndexSize=101
[2021.11.29-08.26.32:990][  0]LogPakFile: PakFile FullDirectoryIndexSize=148
[2021.11.29-08.26.32:990][  0]LogShaderLibrary: Display: ShaderCodeLibraryPakFileMountedCallback: PakFile 'G:/Epic Games/UE_4.27/FeaturePacks/StarterContent.upack' (chunk index -1, root 'root:/') mounted
[2021.11.29-08.26.32:990][  0]LogShaderLibrary: Display: ShaderCodeLibraryPakFileMountedCallback: pending pak file info (ChunkID:-1 Root:root:/ File:G:/Epic Games/UE_4.27/FeaturePacks/StarterContent.upack)
[2021.11.29-08.26.32:990][  0]LogPakFile: OnPakFileMounted2Time == 0.000029
[2021.11.29-08.26.32:991][  0]LogPakFile: PakFile PrimaryIndexSize=190
[2021.11.29-08.26.32:991][  0]LogPakFile: PakFile PathHashIndexSize=101
[2021.11.29-08.26.32:991][  0]LogPakFile: PakFile FullDirectoryIndexSize=154
[2021.11.29-08.26.32:991][  0]LogShaderLibrary: Display: ShaderCodeLibraryPakFileMountedCallback: PakFile 'G:/Epic Games/UE_4.27/FeaturePacks/TP_2DSideScroller.upack' (chunk index -1, root 'root:/') mounted
[2021.11.29-08.26.32:991][  0]LogShaderLibrary: Display: ShaderCodeLibraryPakFileMountedCallback: pending pak file info (ChunkID:-1 Root:root:/ File:G:/Epic Games/UE_4.27/FeaturePacks/TP_2DSideScroller.upack)
[2021.11.29-08.26.32:991][  0]LogPakFile: OnPakFileMounted2Time == 0.000028
[2021.11.29-08.26.32:991][  0]LogPakFile: PakFile PrimaryIndexSize=192
[2021.11.29-08.26.32:991][  0]LogPakFile: PakFile PathHashIndexSize=101
[2021.11.29-08.26.32:991][  0]LogPakFile: PakFile FullDirectoryIndexSize=158
[2021.11.29-08.26.32:991][  0]LogShaderLibrary: Display: ShaderCodeLibraryPakFileMountedCallback: PakFile 'G:/Epic Games/UE_4.27/FeaturePacks/TP_2DSideScrollerBP.upack' (chunk index -1, root 'root:/') mounted
[2021.11.29-08.26.32:991][  0]LogShaderLibrary: Display: ShaderCodeLibraryPakFileMountedCallback: pending pak file info (ChunkID:-1 Root:root:/ File:G:/Epic Games/UE_4.27/FeaturePacks/TP_2DSideScrollerBP.upack)
[2021.11.29-08.26.32:991][  0]LogPakFile: OnPakFileMounted2Time == 0.000027
[2021.11.29-08.26.32:991][  0]LogPakFile: PakFile PrimaryIndexSize=182
[2021.11.29-08.26.32:991][  0]LogPakFile: PakFile PathHashIndexSize=101
[2021.11.29-08.26.32:991][  0]LogPakFile: PakFile FullDirectoryIndexSize=138
[2021.11.29-08.26.32:991][  0]LogShaderLibrary: Display: ShaderCodeLibraryPakFileMountedCallback: PakFile 'G:/Epic Games/UE_4.27/FeaturePacks/TP_Flying.upack' (chunk index -1, root 'root:/') mounted
[2021.11.29-08.26.32:992][  0]LogShaderLibrary: Display: ShaderCodeLibraryPakFileMountedCallback: pending pak file info (ChunkID:-1 Root:root:/ File:G:/Epic Games/UE_4.27/FeaturePacks/TP_Flying.upack)
[2021.11.29-08.26.32:992][  0]LogPakFile: OnPakFileMounted2Time == 0.000030
[2021.11.29-08.26.32:992][  0]LogPakFile: PakFile PrimaryIndexSize=184
[2021.11.29-08.26.32:992][  0]LogPakFile: PakFile PathHashIndexSize=101
[2021.11.29-08.26.32:992][  0]LogPakFile: PakFile FullDirectoryIndexSize=142
[2021.11.29-08.26.32:992][  0]LogShaderLibrary: Display: ShaderCodeLibraryPakFileMountedCallback: PakFile 'G:/Epic Games/UE_4.27/FeaturePacks/TP_FlyingBP.upack' (chunk index -1, root 'root:/') mounted
[2021.11.29-08.26.32:992][  0]LogShaderLibrary: Display: ShaderCodeLibraryPakFileMountedCallback: pending pak file info (ChunkID:-1 Root:root:/ File:G:/Epic Games/UE_4.27/FeaturePacks/TP_FlyingBP.upack)
[2021.11.29-08.26.32:992][  0]LogPakFile: OnPakFileMounted2Time == 0.000027
[2021.11.29-08.26.32:992][  0]LogPakFile: PakFile PrimaryIndexSize=188
[2021.11.29-08.26.32:992][  0]LogPakFile: PakFile PathHashIndexSize=101
[2021.11.29-08.26.32:992][  0]LogPakFile: PakFile FullDirectoryIndexSize=150
[2021.11.29-08.26.32:992][  0]LogShaderLibrary: Display: ShaderCodeLibraryPakFileMountedCallback: PakFile 'G:/Epic Games/UE_4.27/FeaturePacks/TP_HandheldARBP.upack' (chunk index -1, root 'root:/') mounted
[2021.11.29-08.26.32:992][  0]LogShaderLibrary: Display: ShaderCodeLibraryPakFileMountedCallback: pending pak file info (ChunkID:-1 Root:root:/ File:G:/Epic Games/UE_4.27/FeaturePacks/TP_HandheldARBP.upack)
[2021.11.29-08.26.32:992][  0]LogPakFile: OnPakFileMounted2Time == 0.000027
[2021.11.29-08.26.32:993][  0]LogPakFile: PakFile PrimaryIndexSize=182
[2021.11.29-08.26.32:993][  0]LogPakFile: PakFile PathHashIndexSize=101
[2021.11.29-08.26.32:993][  0]LogPakFile: PakFile FullDirectoryIndexSize=138
[2021.11.29-08.26.32:993][  0]LogShaderLibrary: Display: ShaderCodeLibraryPakFileMountedCallback: PakFile 'G:/Epic Games/UE_4.27/FeaturePacks/TP_Puzzle.upack' (chunk index -1, root 'root:/') mounted
[2021.11.29-08.26.32:993][  0]LogShaderLibrary: Display: ShaderCodeLibraryPakFileMountedCallback: pending pak file info (ChunkID:-1 Root:root:/ File:G:/Epic Games/UE_4.27/FeaturePacks/TP_Puzzle.upack)
[2021.11.29-08.26.32:993][  0]LogPakFile: OnPakFileMounted2Time == 0.000027
[2021.11.29-08.26.32:993][  0]LogPakFile: PakFile PrimaryIndexSize=184
[2021.11.29-08.26.32:993][  0]LogPakFile: PakFile PathHashIndexSize=101
[2021.11.29-08.26.32:993][  0]LogPakFile: PakFile FullDirectoryIndexSize=142
[2021.11.29-08.26.32:993][  0]LogShaderLibrary: Display: ShaderCodeLibraryPakFileMountedCallback: PakFile 'G:/Epic Games/UE_4.27/FeaturePacks/TP_PuzzleBP.upack' (chunk index -1, root 'root:/') mounted
[2021.11.29-08.26.32:993][  0]LogShaderLibrary: Display: ShaderCodeLibraryPakFileMountedCallback: pending pak file info (ChunkID:-1 Root:root:/ File:G:/Epic Games/UE_4.27/FeaturePacks/TP_PuzzleBP.upack)
[2021.11.29-08.26.32:993][  0]LogPakFile: OnPakFileMounted2Time == 0.000027
[2021.11.29-08.26.32:994][  0]LogPakFile: PakFile PrimaryIndexSize=183
[2021.11.29-08.26.32:994][  0]LogPakFile: PakFile PathHashIndexSize=101
[2021.11.29-08.26.32:994][  0]LogPakFile: PakFile FullDirectoryIndexSize=140
[2021.11.29-08.26.32:994][  0]LogShaderLibrary: Display: ShaderCodeLibraryPakFileMountedCallback: PakFile 'G:/Epic Games/UE_4.27/FeaturePacks/TP_Rolling.upack' (chunk index -1, root 'root:/') mounted
[2021.11.29-08.26.32:994][  0]LogShaderLibrary: Display: ShaderCodeLibraryPakFileMountedCallback: pending pak file info (ChunkID:-1 Root:root:/ File:G:/Epic Games/UE_4.27/FeaturePacks/TP_Rolling.upack)
[2021.11.29-08.26.32:994][  0]LogPakFile: OnPakFileMounted2Time == 0.000027
[2021.11.29-08.26.32:994][  0]LogPakFile: PakFile PrimaryIndexSize=185
[2021.11.29-08.26.32:994][  0]LogPakFile: PakFile PathHashIndexSize=101
[2021.11.29-08.26.32:994][  0]LogPakFile: PakFile FullDirectoryIndexSize=144
[2021.11.29-08.26.32:994][  0]LogShaderLibrary: Display: ShaderCodeLibraryPakFileMountedCallback: PakFile 'G:/Epic Games/UE_4.27/FeaturePacks/TP_RollingBP.upack' (chunk index -1, root 'root:/') mounted
[2021.11.29-08.26.32:994][  0]LogShaderLibrary: Display: ShaderCodeLibraryPakFileMountedCallback: pending pak file info (ChunkID:-1 Root:root:/ File:G:/Epic Games/UE_4.27/FeaturePacks/TP_RollingBP.upack)
[2021.11.29-08.26.32:994][  0]LogPakFile: OnPakFileMounted2Time == 0.000031
[2021.11.29-08.26.32:994][  0]LogPakFile: PakFile PrimaryIndexSize=188
[2021.11.29-08.26.32:995][  0]LogPakFile: PakFile PathHashIndexSize=101
[2021.11.29-08.26.32:995][  0]LogPakFile: PakFile FullDirectoryIndexSize=150
[2021.11.29-08.26.32:995][  0]LogShaderLibrary: Display: ShaderCodeLibraryPakFileMountedCallback: PakFile 'G:/Epic Games/UE_4.27/FeaturePacks/TP_SideScroller.upack' (chunk index -1, root 'root:/') mounted
[2021.11.29-08.26.32:995][  0]LogShaderLibrary: Display: ShaderCodeLibraryPakFileMountedCallback: pending pak file info (ChunkID:-1 Root:root:/ File:G:/Epic Games/UE_4.27/FeaturePacks/TP_SideScroller.upack)
[2021.11.29-08.26.32:995][  0]LogPakFile: OnPakFileMounted2Time == 0.000027
[2021.11.29-08.26.32:995][  0]LogPakFile: PakFile PrimaryIndexSize=190
[2021.11.29-08.26.32:995][  0]LogPakFile: PakFile PathHashIndexSize=101
[2021.11.29-08.26.32:995][  0]LogPakFile: PakFile FullDirectoryIndexSize=154
[2021.11.29-08.26.32:995][  0]LogShaderLibrary: Display: ShaderCodeLibraryPakFileMountedCallback: PakFile 'G:/Epic Games/UE_4.27/FeaturePacks/TP_SideScrollerBP.upack' (chunk index -1, root 'root:/') mounted
[2021.11.29-08.26.32:995][  0]LogShaderLibrary: Display: ShaderCodeLibraryPakFileMountedCallback: pending pak file info (ChunkID:-1 Root:root:/ File:G:/Epic Games/UE_4.27/FeaturePacks/TP_SideScrollerBP.upack)
[2021.11.29-08.26.32:995][  0]LogPakFile: OnPakFileMounted2Time == 0.000027
[2021.11.29-08.26.32:995][  0]LogPakFile: PakFile PrimaryIndexSize=187
[2021.11.29-08.26.32:995][  0]LogPakFile: PakFile PathHashIndexSize=101
[2021.11.29-08.26.32:995][  0]LogPakFile: PakFile FullDirectoryIndexSize=148
[2021.11.29-08.26.32:995][  0]LogShaderLibrary: Display: ShaderCodeLibraryPakFileMountedCallback: PakFile 'G:/Epic Games/UE_4.27/FeaturePacks/TP_ThirdPerson.upack' (chunk index -1, root 'root:/') mounted
[2021.11.29-08.26.32:995][  0]LogShaderLibrary: Display: ShaderCodeLibraryPakFileMountedCallback: pending pak file info (ChunkID:-1 Root:root:/ File:G:/Epic Games/UE_4.27/FeaturePacks/TP_ThirdPerson.upack)
[2021.11.29-08.26.32:995][  0]LogPakFile: OnPakFileMounted2Time == 0.000029
[2021.11.29-08.26.32:996][  0]LogPakFile: PakFile PrimaryIndexSize=189
[2021.11.29-08.26.32:996][  0]LogPakFile: PakFile PathHashIndexSize=101
[2021.11.29-08.26.32:996][  0]LogPakFile: PakFile FullDirectoryIndexSize=152
[2021.11.29-08.26.32:996][  0]LogShaderLibrary: Display: ShaderCodeLibraryPakFileMountedCallback: PakFile 'G:/Epic Games/UE_4.27/FeaturePacks/TP_ThirdPersonBP.upack' (chunk index -1, root 'root:/') mounted
[2021.11.29-08.26.32:996][  0]LogShaderLibrary: Display: ShaderCodeLibraryPakFileMountedCallback: pending pak file info (ChunkID:-1 Root:root:/ File:G:/Epic Games/UE_4.27/FeaturePacks/TP_ThirdPersonBP.upack)
[2021.11.29-08.26.32:996][  0]LogPakFile: OnPakFileMounted2Time == 0.000027
[2021.11.29-08.26.32:996][  0]LogPakFile: PakFile PrimaryIndexSize=183
[2021.11.29-08.26.32:996][  0]LogPakFile: PakFile PathHashIndexSize=101
[2021.11.29-08.26.32:996][  0]LogPakFile: PakFile FullDirectoryIndexSize=140
[2021.11.29-08.26.32:996][  0]LogShaderLibrary: Display: ShaderCodeLibraryPakFileMountedCallback: PakFile 'G:/Epic Games/UE_4.27/FeaturePacks/TP_TopDown.upack' (chunk index -1, root 'root:/') mounted
[2021.11.29-08.26.32:996][  0]LogShaderLibrary: Display: ShaderCodeLibraryPakFileMountedCallback: pending pak file info (ChunkID:-1 Root:root:/ File:G:/Epic Games/UE_4.27/FeaturePacks/TP_TopDown.upack)
[2021.11.29-08.26.32:996][  0]LogPakFile: OnPakFileMounted2Time == 0.000032
[2021.11.29-08.26.32:997][  0]LogPakFile: PakFile PrimaryIndexSize=185
[2021.11.29-08.26.32:997][  0]LogPakFile: PakFile PathHashIndexSize=101
[2021.11.29-08.26.32:997][  0]LogPakFile: PakFile FullDirectoryIndexSize=144
[2021.11.29-08.26.32:997][  0]LogShaderLibrary: Display: ShaderCodeLibraryPakFileMountedCallback: PakFile 'G:/Epic Games/UE_4.27/FeaturePacks/TP_TopDownBP.upack' (chunk index -1, root 'root:/') mounted
[2021.11.29-08.26.32:997][  0]LogShaderLibrary: Display: ShaderCodeLibraryPakFileMountedCallback: pending pak file info (ChunkID:-1 Root:root:/ File:G:/Epic Games/UE_4.27/FeaturePacks/TP_TopDownBP.upack)
[2021.11.29-08.26.32:997][  0]LogPakFile: OnPakFileMounted2Time == 0.000027
[2021.11.29-08.26.32:997][  0]LogPakFile: PakFile PrimaryIndexSize=185
[2021.11.29-08.26.32:997][  0]LogPakFile: PakFile PathHashIndexSize=101
[2021.11.29-08.26.32:997][  0]LogPakFile: PakFile FullDirectoryIndexSize=144
[2021.11.29-08.26.32:997][  0]LogShaderLibrary: Display: ShaderCodeLibraryPakFileMountedCallback: PakFile 'G:/Epic Games/UE_4.27/FeaturePacks/TP_TwinStick.upack' (chunk index -1, root 'root:/') mounted
[2021.11.29-08.26.32:997][  0]LogShaderLibrary: Display: ShaderCodeLibraryPakFileMountedCallback: pending pak file info (ChunkID:-1 Root:root:/ File:G:/Epic Games/UE_4.27/FeaturePacks/TP_TwinStick.upack)
[2021.11.29-08.26.32:997][  0]LogPakFile: OnPakFileMounted2Time == 0.000027
[2021.11.29-08.26.32:997][  0]LogPakFile: PakFile PrimaryIndexSize=187
[2021.11.29-08.26.32:997][  0]LogPakFile: PakFile PathHashIndexSize=101
[2021.11.29-08.26.32:997][  0]LogPakFile: PakFile FullDirectoryIndexSize=148
[2021.11.29-08.26.32:997][  0]LogShaderLibrary: Display: ShaderCodeLibraryPakFileMountedCallback: PakFile 'G:/Epic Games/UE_4.27/FeaturePacks/TP_TwinStickBP.upack' (chunk index -1, root 'root:/') mounted
[2021.11.29-08.26.32:997][  0]LogShaderLibrary: Display: ShaderCodeLibraryPakFileMountedCallback: pending pak file info (ChunkID:-1 Root:root:/ File:G:/Epic Games/UE_4.27/FeaturePacks/TP_TwinStickBP.upack)
[2021.11.29-08.26.32:997][  0]LogPakFile: OnPakFileMounted2Time == 0.000027
[2021.11.29-08.26.32:998][  0]LogPakFile: PakFile PrimaryIndexSize=183
[2021.11.29-08.26.32:998][  0]LogPakFile: PakFile PathHashIndexSize=101
[2021.11.29-08.26.32:998][  0]LogPakFile: PakFile FullDirectoryIndexSize=140
[2021.11.29-08.26.32:998][  0]LogShaderLibrary: Display: ShaderCodeLibraryPakFileMountedCallback: PakFile 'G:/Epic Games/UE_4.27/FeaturePacks/TP_Vehicle.upack' (chunk index -1, root 'root:/') mounted
[2021.11.29-08.26.32:998][  0]LogShaderLibrary: Display: ShaderCodeLibraryPakFileMountedCallback: pending pak file info (ChunkID:-1 Root:root:/ File:G:/Epic Games/UE_4.27/FeaturePacks/TP_Vehicle.upack)
[2021.11.29-08.26.32:998][  0]LogPakFile: OnPakFileMounted2Time == 0.000027
[2021.11.29-08.26.32:998][  0]LogPakFile: PakFile PrimaryIndexSize=186
[2021.11.29-08.26.32:998][  0]LogPakFile: PakFile PathHashIndexSize=101
[2021.11.29-08.26.32:998][  0]LogPakFile: PakFile FullDirectoryIndexSize=146
[2021.11.29-08.26.32:998][  0]LogShaderLibrary: Display: ShaderCodeLibraryPakFileMountedCallback: PakFile 'G:/Epic Games/UE_4.27/FeaturePacks/TP_VehicleAdv.upack' (chunk index -1, root 'root:/') mounted
[2021.11.29-08.26.32:998][  0]LogShaderLibrary: Display: ShaderCodeLibraryPakFileMountedCallback: pending pak file info (ChunkID:-1 Root:root:/ File:G:/Epic Games/UE_4.27/FeaturePacks/TP_VehicleAdv.upack)
[2021.11.29-08.26.32:998][  0]LogPakFile: OnPakFileMounted2Time == 0.000030
[2021.11.29-08.26.32:999][  0]LogPakFile: PakFile PrimaryIndexSize=188
[2021.11.29-08.26.32:999][  0]LogPakFile: PakFile PathHashIndexSize=101
[2021.11.29-08.26.32:999][  0]LogPakFile: PakFile FullDirectoryIndexSize=150
[2021.11.29-08.26.32:999][  0]LogShaderLibrary: Display: ShaderCodeLibraryPakFileMountedCallback: PakFile 'G:/Epic Games/UE_4.27/FeaturePacks/TP_VehicleAdvBP.upack' (chunk index -1, root 'root:/') mounted
[2021.11.29-08.26.32:999][  0]LogShaderLibrary: Display: ShaderCodeLibraryPakFileMountedCallback: pending pak file info (ChunkID:-1 Root:root:/ File:G:/Epic Games/UE_4.27/FeaturePacks/TP_VehicleAdvBP.upack)
[2021.11.29-08.26.32:999][  0]LogPakFile: OnPakFileMounted2Time == 0.000027
[2021.11.29-08.26.32:999][  0]LogPakFile: PakFile PrimaryIndexSize=185
[2021.11.29-08.26.32:999][  0]LogPakFile: PakFile PathHashIndexSize=101
[2021.11.29-08.26.32:999][  0]LogPakFile: PakFile FullDirectoryIndexSize=144
[2021.11.29-08.26.32:999][  0]LogShaderLibrary: Display: ShaderCodeLibraryPakFileMountedCallback: PakFile 'G:/Epic Games/UE_4.27/FeaturePacks/TP_VehicleBP.upack' (chunk index -1, root 'root:/') mounted
[2021.11.29-08.26.32:999][  0]LogShaderLibrary: Display: ShaderCodeLibraryPakFileMountedCallback: pending pak file info (ChunkID:-1 Root:root:/ File:G:/Epic Games/UE_4.27/FeaturePacks/TP_VehicleBP.upack)
[2021.11.29-08.26.32:999][  0]LogPakFile: OnPakFileMounted2Time == 0.000027
[2021.11.29-08.26.33:000][  0]LogPakFile: PakFile PrimaryIndexSize=192
[2021.11.29-08.26.33:000][  0]LogPakFile: PakFile PathHashIndexSize=101
[2021.11.29-08.26.33:000][  0]LogPakFile: PakFile FullDirectoryIndexSize=158
[2021.11.29-08.26.33:000][  0]LogShaderLibrary: Display: ShaderCodeLibraryPakFileMountedCallback: PakFile 'G:/Epic Games/UE_4.27/FeaturePacks/TP_VirtualRealityBP.upack' (chunk index -1, root 'root:/') mounted
[2021.11.29-08.26.33:000][  0]LogShaderLibrary: Display: ShaderCodeLibraryPakFileMountedCallback: pending pak file info (ChunkID:-1 Root:root:/ File:G:/Epic Games/UE_4.27/FeaturePacks/TP_VirtualRealityBP.upack)
[2021.11.29-08.26.33:000][  0]LogPakFile: OnPakFileMounted2Time == 0.000028
[2021.11.29-08.26.33:027][  0]LogNativeClassHierarchy: Verbose: Native class hierarchy updated for 'AddContentDialog' in 0.0002 seconds. Added 0 classes and 0 folders.
[2021.11.29-08.26.33:028][  0]LogNativeClassHierarchy: Verbose: Native class hierarchy updated for 'SceneOutliner' in 0.0001 seconds. Added 2 classes and 0 folders.
[2021.11.29-08.26.33:096][  0]LogSlate: Took 0.000119 seconds to synchronously load lazily loaded font '../../../Engine/Content/Slate/Fonts/Roboto-Regular.ttf' (155K)
[2021.11.29-08.26.33:097][  0]LogSlate: Took 0.000071 seconds to synchronously load lazily loaded font '../../../Engine/Content/Editor/Slate/Fonts/FontAwesome.ttf' (139K)
[2021.11.29-08.26.33:098][  0]LogSlate: Took 0.000071 seconds to synchronously load lazily loaded font '../../../Engine/Content/Slate/Fonts/Roboto-Bold.ttf' (160K)
[2021.11.29-08.26.33:165][  0]LogRenderer: Reallocating scene render targets to support 1516x1004 Format 10 NumSamples 1 (Frame:1).
[2021.11.29-08.26.33:228][  0]LogNativeClassHierarchy: Verbose: Native class hierarchy updated for 'HierarchicalLODOutliner' in 0.0002 seconds. Added 0 classes and 0 folders.
[2021.11.29-08.26.33:228][  0]LogLoad: (Engine Initialization) Total time: 5.62 seconds
[2021.11.29-08.26.33:228][  0]LogLoad: (Engine Initialization) Total Blueprint compile time: 0.00 seconds
[2021.11.29-08.26.33:264][  0]LogAssetRegistry: Asset discovery search completed in 3.1628 seconds
[2021.11.29-08.26.33:268][  0]LogCollectionManager: Fixed up redirectors for 0 collections in 0.000003 seconds (updated 0 objects)
[2021.11.29-08.26.33:269][  0]LogContentStreaming: Texture pool size now 1000 MB
[2021.11.29-08.26.36:141][342]LogEditorViewport: Clicking on Actor (LMB): Machine_BP_C (Machine_BP)
[2021.11.29-08.26.53:360][383]LogSlate: Took 0.000127 seconds to synchronously load lazily loaded font '../../../Engine/Content/Slate/Fonts/Roboto-Light.ttf' (167K)
[2021.11.29-08.26.53:374][383]LogAssetEditorSubsystem: Opening Asset editor for Blueprint /Game/FirstPersonBP/Blueprints/Machine_BP.Machine_BP
[2021.11.29-08.26.53:556][383]LogNativeClassHierarchy: Verbose: Native class hierarchy updated for 'BlueprintGraph' in 0.0005 seconds. Added 126 classes and 0 folders.
[2021.11.29-08.26.54:292][383]LogSlate: Took 0.000132 seconds to synchronously load lazily loaded font '../../../Engine/Content/Slate/Fonts/Roboto-BoldCondensed.ttf' (158K)
[2021.11.29-08.26.54:346][384]LogSlate: Took 0.000162 seconds to synchronously load lazily loaded font '../../../Engine/Content/Slate/Fonts/Roboto-Italic.ttf' (157K)
[2021.11.29-08.27.05:658][509]LogSlate: Window 'Machine_BP' being destroyed
[2021.11.29-08.27.05:665][509]LogWorld: UWorld::CleanupWorld for World_4, bSessionEnded=true, bCleanupResources=true
[2021.11.29-08.27.05:665][509]LogSlate: InvalidateAllWidgets triggered.  All widgets were invalidated
[2021.11.29-08.27.06:897][647]LogUObjectHash: Compacting FUObjectHashTables data took   2.17ms
[2021.11.29-08.27.06:908][647]LogSavePackage: Moving 'C:/Users/gokay/Desktop/Final Project/UE4/FinalProject/Saved/FirstPersonExampleMap6E31C2234CF06739823B5E9FB292C559.tmp' to 'C:/Users/gokay/Desktop/Final Project/UE4/FinalProject/Content/FirstPersonBP/Maps/FirstPersonExampleMap.umap'
[2021.11.29-08.27.08:527][647]LogSavePackage: Moving 'C:/Users/gokay/Desktop/Final Project/UE4/FinalProject/Saved/FirstPersonExampleMap_BuiltDataAC3923D8494B3FBA19B20395E4FE4B89.tmp' to 'C:/Users/gokay/Desktop/Final Project/UE4/FinalProject/Content/FirstPersonBP/Maps/FirstPersonExampleMap_BuiltData.uasset'
[2021.11.29-08.27.08:546][647]AssetCheck: New page: Asset Save: multiple assets
[2021.11.29-08.27.08:546][647]LogContentValidation: Display: Validating MapBuildDataRegistry /Game/FirstPersonBP/Maps/FirstPersonExampleMap_BuiltData.FirstPersonExampleMap_BuiltData
[2021.11.29-08.27.08:546][647]LogContentValidation: Display: Validating World /Game/FirstPersonBP/Maps/FirstPersonExampleMap.FirstPersonExampleMap
